T=0	400	0	0	0	0
T=1	395	5	0	0	0
T=2	395	5	0	0	0
T=3	395	5	0	0	0
T=4	395	5	0	0	0
T=5	395	5	0	0	0
T=6	395	5	0	0	0
T=7	395	5	0	0	0
T=8	395	5	0	0	0
T=9	395	5	0	0	0
T=10	395	5	0	0	0
T=11	395	5	0	0	0
T=12	394	5	1	0	0
T=13	394	5	1	0	0
T=14	394	5	1	0	0
T=15	394	5	1	0	0
T=16	394	5	1	0	0
T=17	394	5	1	0	0
T=18	394	5	1	0	0
T=19	394	5	1	0	0
T=20	394	5	1	0	0
T=21	394	5	1	0	0
T=22	393	5	2	0	0
T=23	393	5	2	0	0
T=24	393	5	2	0	0
T=25	393	5	2	0	0
T=26	393	5	2	0	0
T=27	393	5	2	0	0
T=28	393	5	2	0	0
T=29	393	5	2	0	0
T=30	393	5	2	0	0
T=31	393	5	2	0	0
T=32	392	5	3	0	0
T=33	392	5	3	0	0
T=34	392	5	3	0	0
T=35	392	5	3	0	0
T=36	392	5	3	0	0
T=37	392	5	3	0	0
T=38	392	5	3	0	0
T=39	392	5	3	0	0
T=40	392	5	3	0	0
T=41	392	5	3	0	0
T=42	391	5	4	0	0
T=43	391	5	4	0	0
T=44	391	5	4	0	0
T=45	391	5	4	0	0
T=46	391	5	4	0	0
T=47	391	5	4	0	0
T=48	391	5	4	0	0
T=49	391	5	4	0	0
T=50	391	5	4	0	0
T=51	391	5	4	0	0
T=52	390	5	5	0	0
T=53	390	5	5	0	0
T=54	390	5	5	0	0
T=55	390	5	5	0	0
T=56	390	5	5	0	0
T=57	390	5	5	0	0
T=58	390	5	5	0	0
T=59	390	5	5	0	0
T=60	390	5	5	0	0
T=61	390	5	5	0	0
T=62	389	5	6	0	0
T=63	389	5	6	0	0
T=64	389	5	6	0	0
T=65	389	5	6	0	0
T=66	389	5	6	0	0
T=67	389	5	6	0	0
T=68	389	5	6	0	0
T=69	389	5	6	0	0
T=70	389	5	6	0	0
T=71	389	5	6	0	0
T=72	388	5	7	0	0
T=73	388	5	7	0	0
T=74	388	5	7	0	0
T=75	388	5	7	0	0
T=76	388	5	7	0	0
T=77	388	5	7	0	0
T=78	388	5	7	0	0
T=79	388	5	7	0	0
T=80	388	5	7	0	0
T=81	388	5	7	0	0
T=82	387	5	8	0	0
T=83	387	5	8	0	0
T=84	387	5	8	0	0
T=85	387	5	8	0	0
T=86	387	5	8	0	0
T=87	387	5	8	0	0
T=88	387	5	8	0	0
T=89	387	5	8	0	0
T=90	387	5	8	0	0
T=91	387	5	8	0	0
T=92	386	5	9	0	0
T=93	386	5	9	0	0
T=94	386	5	9	0	0
T=95	386	5	9	0	0
T=96	386	5	9	0	0
T=97	386	5	9	0	0
T=98	386	5	9	0	0
T=99	386	5	9	0	0
T=100	386	5	9	0	0
T=101	386	5	9	0	0
T=102	385	5	10	0	0
T=103	385	5	10	0	0
T=104	385	5	10	0	0
T=105	385	5	10	0	0
T=106	385	5	10	0	0
T=107	385	5	10	0	0
T=108	385	5	10	0	0
T=109	385	5	10	0	0
T=110	385	5	10	0	0
T=111	385	5	10	0	0
T=112	384	5	11	0	0
T=113	384	5	11	0	0
T=114	384	5	11	0	0
T=115	384	5	11	0	0
T=116	384	5	11	0	0
T=117	384	5	11	0	0
T=118	384	5	11	0	0
T=119	384	5	11	0	0
T=120	384	5	11	0	0
T=121	384	5	11	0	0
T=122	383	5	12	0	0
T=123	383	5	12	0	0
T=124	383	5	12	0	0
T=125	383	5	12	0	0
T=126	383	5	12	0	0
T=127	383	5	12	0	0
T=128	383	5	12	0	0
T=129	383	5	12	0	0
T=130	383	5	12	0	0
T=131	383	5	12	0	0
T=132	382	5	13	0	0
T=133	382	5	13	0	0
T=134	382	5	13	0	0
T=135	382	5	13	0	0
T=136	382	5	13	0	0
T=137	382	5	13	0	0
T=138	382	5	13	0	0
T=139	382	5	13	0	0
T=140	382	5	13	0	0
T=141	382	5	13	0	0
T=142	381	5	14	0	0
T=143	381	5	14	0	0
T=144	381	5	14	0	0
T=145	381	5	14	0	0
T=146	381	5	14	0	0
T=147	381	5	14	0	0
T=148	381	5	14	0	0
T=149	381	5	14	0	0
T=150	381	5	14	0	0
T=151	381	5	14	0	0
T=152	380	5	15	0	0
T=153	380	5	15	0	0
T=154	380	5	15	0	0
T=155	380	5	15	0	0
T=156	380	5	15	0	0
T=157	380	5	15	0	0
T=158	380	5	15	0	0
T=159	380	5	15	0	0
T=160	380	5	15	0	0
T=161	380	5	15	0	0
T=162	379	5	16	0	0
T=163	379	5	16	0	0
T=164	379	5	16	0	0
T=165	379	5	16	0	0
T=166	379	5	16	0	0
T=167	379	5	16	0	0
T=168	379	5	16	0	0
T=169	379	5	16	0	0
T=170	379	5	16	0	0
T=171	379	5	16	0	0
T=172	378	5	17	0	0
T=173	378	5	17	0	0
T=174	378	5	17	0	0
T=175	378	5	17	0	0
T=176	378	5	17	0	0
T=177	378	5	17	0	0
T=178	378	5	17	0	0
T=179	378	5	17	0	0
T=180	378	5	17	0	0
T=181	378	5	17	0	0
T=182	377	5	18	0	0
T=183	377	5	18	0	0
T=184	377	5	18	0	0
T=185	377	5	18	0	0
T=186	377	5	18	0	0
T=187	377	5	18	0	0
T=188	377	5	18	0	0
T=189	377	5	18	0	0
T=190	377	5	18	0	0
T=191	377	5	18	0	0
T=192	376	5	19	0	0
T=193	376	5	19	0	0
T=194	376	5	19	0	0
T=195	376	5	19	0	0
T=196	376	5	19	0	0
T=197	376	5	19	0	0
T=198	376	5	19	0	0
T=199	376	5	19	0	0
T=200	376	5	19	0	0
T=201	376	5	19	0	0
T=202	375	5	20	0	0
T=203	375	5	20	0	0
T=204	375	5	20	0	0
T=205	375	5	20	0	0
T=206	375	5	20	0	0
T=207	375	5	20	0	0
T=208	375	5	20	0	0
T=209	375	5	20	0	0
T=210	375	5	20	0	0
T=211	375	5	20	0	0
T=212	374	5	21	0	0
T=213	374	5	21	0	0
T=214	374	5	21	0	0
T=215	374	5	21	0	0
T=216	374	5	21	0	0
T=217	374	5	21	0	0
T=218	374	5	21	0	0
T=219	374	5	21	0	0
T=220	374	5	21	0	0
T=221	374	5	21	0	0
T=222	373	5	22	0	0
T=223	373	5	22	0	0
T=224	373	5	22	0	0
T=225	373	5	22	0	0
T=226	373	5	22	0	0
T=227	373	5	22	0	0
T=228	373	5	22	0	0
T=229	373	5	22	0	0
T=230	373	5	22	0	0
T=231	373	5	22	0	0
T=232	372	5	23	0	0
T=233	372	5	23	0	0
T=234	372	5	23	0	0
T=235	372	5	23	0	0
T=236	372	5	23	0	0
T=237	372	5	23	0	0
T=238	372	5	23	0	0
T=239	372	5	23	0	0
T=240	372	5	23	0	0
T=241	372	5	23	0	0
T=242	371	5	24	0	0
T=243	371	5	24	0	0
T=244	371	5	24	0	0
T=245	371	5	24	0	0
T=246	371	5	24	0	0
T=247	371	5	24	0	0
T=248	371	5	24	0	0
T=249	371	5	24	0	0
T=250	371	5	24	0	0
T=251	371	5	24	0	0
T=252	370	5	25	0	0
T=253	370	5	25	0	0
T=254	370	5	25	0	0
T=255	370	5	25	0	0
T=256	370	5	25	0	0
T=257	370	5	25	0	0
T=258	370	5	25	0	0
T=259	370	5	25	0	0
T=260	370	5	25	0	0
T=261	370	5	25	0	0
T=262	369	5	26	0	0
T=263	369	5	26	0	0
T=264	369	5	26	0	0
T=265	369	5	26	0	0
T=266	369	5	26	0	0
T=267	369	5	26	0	0
T=268	369	5	26	0	0
T=269	369	5	26	0	0
T=270	369	5	26	0	0
T=271	369	5	26	0	0
T=272	368	5	27	0	0
T=273	368	5	27	0	0
T=274	368	5	27	0	0
T=275	368	5	27	0	0
T=276	368	5	27	0	0
T=277	368	5	27	0	0
T=278	368	5	27	0	0
T=279	368	5	27	0	0
T=280	368	5	27	0	0
T=281	368	5	27	0	0
T=282	367	5	28	0	0
T=283	367	5	28	0	0
T=284	367	5	28	0	0
T=285	367	5	28	0	0
T=286	367	5	28	0	0
T=287	367	5	28	0	0
T=288	367	5	28	0	0
T=289	367	5	28	0	0
T=290	367	5	28	0	0
T=291	367	5	28	0	0
T=292	366	5	29	0	0
T=293	366	5	29	0	0
T=294	366	5	29	0	0
T=295	366	5	29	0	0
T=296	366	5	29	0	0
T=297	366	5	29	0	0
T=298	366	5	29	0	0
T=299	366	5	29	0	0
T=300	366	5	29	0	0
T=301	366	5	29	0	0
T=302	365	5	30	0	0
T=303	365	5	30	0	0
T=304	365	5	30	0	0
T=305	365	5	30	0	0
T=306	365	5	30	0	0
T=307	365	5	30	0	0
T=308	365	5	30	0	0
T=309	365	5	30	0	0
T=310	365	5	30	0	0
T=311	365	5	30	0	0
T=312	364	5	31	0	0
T=313	364	5	31	0	0
T=314	364	5	31	0	0
T=315	364	5	31	0	0
T=316	364	5	31	0	0
T=317	364	5	31	0	0
T=318	364	5	31	0	0
T=319	364	5	31	0	0
T=320	364	5	31	0	0
T=321	364	5	31	0	0
T=322	363	5	32	0	0
T=323	363	5	32	0	0
T=324	363	5	32	0	0
T=325	363	5	32	0	0
T=326	363	5	32	0	0
T=327	363	5	32	0	0
T=328	363	5	32	0	0
T=329	363	5	32	0	0
T=330	363	5	32	0	0
T=331	363	5	32	0	0
T=332	362	5	33	0	0
T=333	362	5	33	0	0
T=334	362	5	33	0	0
T=335	362	5	33	0	0
T=336	362	5	33	0	0
T=337	362	5	33	0	0
T=338	362	5	33	0	0
T=339	362	5	33	0	0
T=340	362	5	33	0	0
T=341	362	5	33	0	0
T=342	361	5	34	0	0
T=343	361	5	34	0	0
T=344	361	5	34	0	0
T=345	361	5	34	0	0
T=346	361	5	34	0	0
T=347	361	5	34	0	0
T=348	361	5	34	0	0
T=349	361	5	34	0	0
T=350	361	5	34	0	0
T=351	361	5	34	0	0
T=352	360	5	35	0	0
T=353	360	5	35	0	0
T=354	360	5	35	0	0
T=355	360	5	35	0	0
T=356	360	5	35	0	0
T=357	360	5	35	0	0
T=358	360	5	35	0	0
T=359	360	5	35	0	0
T=360	360	5	35	0	0
T=361	360	5	35	0	0
T=362	359	5	36	0	0
T=363	359	5	36	0	0
T=364	359	5	36	0	0
T=365	359	5	36	0	0
T=366	359	5	36	0	0
T=367	359	5	36	0	0
T=368	359	5	36	0	0
T=369	359	5	36	0	0
T=370	359	5	36	0	0
T=371	359	5	36	0	0
T=372	358	5	37	0	0
T=373	358	5	37	0	0
T=374	358	5	37	0	0
T=375	358	5	37	0	0
T=376	358	5	37	0	0
T=377	358	5	37	0	0
T=378	358	5	37	0	0
T=379	358	5	37	0	0
T=380	358	5	37	0	0
T=381	358	5	37	0	0
T=382	357	5	38	0	0
T=383	357	5	38	0	0
T=384	357	5	38	0	0
T=385	357	5	38	0	0
T=386	357	5	38	0	0
T=387	357	5	38	0	0
T=388	357	5	38	0	0
T=389	357	5	38	0	0
T=390	357	5	38	0	0
T=391	357	5	38	0	0
T=392	356	5	39	0	0
T=393	356	5	39	0	0
T=394	356	5	39	0	0
T=395	356	5	39	0	0
T=396	356	5	39	0	0
T=397	356	5	39	0	0
T=398	356	5	39	0	0
T=399	356	5	39	0	0
T=400	356	5	39	0	0
T=401	356	5	39	0	0
T=402	355	5	40	0	0
T=403	355	5	40	0	0
T=404	355	5	40	0	0
T=405	355	5	40	0	0
T=406	355	5	40	0	0
T=407	355	5	40	0	0
T=408	355	5	40	0	0
T=409	355	5	40	0	0
T=410	355	5	40	0	0
T=411	355	5	40	0	0
T=412	354	5	41	0	0
T=413	354	5	41	0	0
T=414	354	5	41	0	0
T=415	354	5	41	0	0
T=416	354	5	41	0	0
T=417	354	5	41	0	0
T=418	354	5	41	0	0
T=419	354	5	41	0	0
T=420	354	5	41	0	0
T=421	354	5	41	0	0
T=422	353	5	42	0	0
T=423	353	5	42	0	0
T=424	353	5	42	0	0
T=425	353	5	42	0	0
T=426	353	5	42	0	0
T=427	353	5	42	0	0
T=428	353	5	42	0	0
T=429	353	5	42	0	0
T=430	353	5	42	0	0
T=431	353	5	42	0	0
T=432	352	5	43	0	0
T=433	352	5	43	0	0
T=434	352	5	43	0	0
T=435	352	5	43	0	0
T=436	352	5	43	0	0
T=437	352	5	43	0	0
T=438	352	5	43	0	0
T=439	352	5	43	0	0
T=440	352	5	43	0	0
T=441	352	5	43	0	0
T=442	351	5	44	0	0
T=443	351	5	44	0	0
T=444	351	5	44	0	0
T=445	351	5	44	0	0
T=446	351	5	44	0	0
T=447	351	5	44	0	0
T=448	351	5	44	0	0
T=449	351	5	44	0	0
T=450	351	5	44	0	0
T=451	351	5	44	0	0
T=452	350	5	45	0	0
T=453	350	5	45	0	0
T=454	350	5	45	0	0
T=455	350	5	45	0	0
T=456	350	5	45	0	0
T=457	350	5	45	0	0
T=458	350	5	45	0	0
T=459	350	5	45	0	0
T=460	350	5	45	0	0
T=461	350	5	45	0	0
T=462	349	5	46	0	0
T=463	349	5	46	0	0
T=464	349	5	46	0	0
T=465	349	5	46	0	0
T=466	349	5	46	0	0
T=467	349	5	46	0	0
T=468	349	5	46	0	0
T=469	349	5	46	0	0
T=470	349	5	46	0	0
T=471	349	5	46	0	0
T=472	348	5	47	0	0
T=473	348	5	47	0	0
T=474	348	5	47	0	0
T=475	348	5	47	0	0
T=476	348	5	47	0	0
T=477	348	5	47	0	0
T=478	348	5	47	0	0
T=479	348	5	47	0	0
T=480	348	5	47	0	0
T=481	348	5	47	0	0
T=482	347	5	48	0	0
T=483	347	5	48	0	0
T=484	347	5	48	0	0
T=485	347	5	48	0	0
T=486	347	5	48	0	0
T=487	347	5	48	0	0
T=488	347	5	48	0	0
T=489	347	5	48	0	0
T=490	347	5	48	0	0
T=491	347	5	48	0	0
T=492	346	5	49	0	0
T=493	346	5	49	0	0
T=494	346	5	49	0	0
T=495	346	5	49	0	0
T=496	346	5	49	0	0
T=497	346	5	49	0	0
T=498	346	5	49	0	0
T=499	346	5	49	0	0
T=500	346	5	49	0	0
T=501	346	5	49	0	0
T=502	345	5	50	0	0
T=503	345	5	50	0	0
T=504	345	5	50	0	0
T=505	345	5	50	0	0
T=506	345	5	50	0	0
T=507	345	5	50	0	0
T=508	345	5	50	0	0
T=509	345	5	50	0	0
T=510	345	5	50	0	0
T=511	345	5	50	0	0
T=512	344	5	51	0	0
T=513	344	5	51	0	0
T=514	344	5	51	0	0
T=515	344	5	51	0	0
T=516	344	5	51	0	0
T=517	344	5	51	0	0
T=518	344	5	51	0	0
T=519	344	5	51	0	0
T=520	344	5	51	0	0
T=521	344	5	51	0	0
T=522	343	5	52	0	0
T=523	343	5	52	0	0
T=524	343	5	52	0	0
T=525	343	5	52	0	0
T=526	343	5	52	0	0
T=527	343	5	52	0	0
T=528	343	5	52	0	0
T=529	343	5	52	0	0
T=530	343	5	52	0	0
T=531	343	5	52	0	0
T=532	342	5	53	0	0
T=533	342	5	53	0	0
T=534	342	5	53	0	0
T=535	342	5	53	0	0
T=536	342	5	53	0	0
T=537	342	5	53	0	0
T=538	342	5	53	0	0
T=539	342	5	53	0	0
T=540	342	5	53	0	0
T=541	342	5	53	0	0
T=542	341	5	54	0	0
T=543	341	5	54	0	0
T=544	341	5	54	0	0
T=545	341	5	54	0	0
T=546	341	5	54	0	0
T=547	341	5	54	0	0
T=548	341	5	54	0	0
T=549	341	5	54	0	0
T=550	341	5	54	0	0
T=551	341	5	54	0	0
T=552	340	5	55	0	0
T=553	340	5	55	0	0
T=554	340	5	55	0	0
T=555	340	5	55	0	0
T=556	340	5	55	0	0
T=557	340	5	55	0	0
T=558	340	5	55	0	0
T=559	340	5	55	0	0
T=560	340	5	55	0	0
T=561	340	5	55	0	0
T=562	339	5	56	0	0
T=563	339	5	56	0	0
T=564	339	5	56	0	0
T=565	339	5	56	0	0
T=566	339	5	56	0	0
T=567	339	5	56	0	0
T=568	339	5	56	0	0
T=569	339	5	56	0	0
T=570	339	5	56	0	0
T=571	339	5	56	0	0
T=572	338	5	57	0	0
T=573	338	5	57	0	0
T=574	338	5	57	0	0
T=575	338	5	57	0	0
T=576	338	5	57	0	0
T=577	338	5	57	0	0
T=578	338	5	57	0	0
T=579	338	5	57	0	0
T=580	338	5	57	0	0
T=581	338	5	57	0	0
T=582	337	5	58	0	0
T=583	337	5	58	0	0
T=584	337	5	58	0	0
T=585	337	5	58	0	0
T=586	337	5	58	0	0
T=587	337	5	58	0	0
T=588	337	5	58	0	0
T=589	337	5	58	0	0
T=590	337	5	58	0	0
T=591	337	5	58	0	0
T=592	336	5	59	0	0
T=593	336	5	59	0	0
T=594	336	5	59	0	0
T=595	336	5	59	0	0
T=596	336	5	59	0	0
T=597	336	5	59	0	0
T=598	336	5	59	0	0
T=599	336	5	59	0	0
T=600	336	5	59	0	0
T=601	336	5	59	0	0
T=602	335	5	60	0	0
T=603	335	5	60	0	0
T=604	335	5	60	0	0
T=605	335	5	60	0	0
T=606	335	5	60	0	0
T=607	335	5	60	0	0
T=608	335	5	60	0	0
T=609	335	5	60	0	0
T=610	335	5	60	0	0
T=611	335	5	60	0	0
T=612	334	5	61	0	0
T=613	334	5	61	0	0
T=614	334	5	61	0	0
T=615	334	5	61	0	0
T=616	334	5	61	0	0
T=617	334	5	61	0	0
T=618	334	5	61	0	0
T=619	334	5	61	0	0
T=620	334	5	61	0	0
T=621	334	5	61	0	0
T=622	333	5	62	0	0
T=623	333	5	62	0	0
T=624	333	5	62	0	0
T=625	333	5	62	0	0
T=626	333	5	62	0	0
T=627	333	5	62	0	0
T=628	333	5	62	0	0
T=629	333	5	62	0	0
T=630	333	5	62	0	0
T=631	333	5	62	0	0
T=632	332	5	63	0	0
T=633	332	5	63	0	0
T=634	332	5	63	0	0
T=635	332	5	63	0	0
T=636	332	5	63	0	0
T=637	332	5	63	0	0
T=638	332	5	63	0	0
T=639	332	5	63	0	0
T=640	332	5	63	0	0
T=641	332	5	63	0	0
T=642	331	5	64	0	0
T=643	331	5	64	0	0
T=644	331	5	64	0	0
T=645	331	5	64	0	0
T=646	331	5	64	0	0
T=647	331	5	64	0	0
T=648	331	5	64	0	0
T=649	331	5	64	0	0
T=650	331	5	64	0	0
T=651	331	5	64	0	0
T=652	330	5	65	0	0
T=653	330	5	65	0	0
T=654	330	5	65	0	0
T=655	330	5	65	0	0
T=656	330	5	65	0	0
T=657	330	5	65	0	0
T=658	330	5	65	0	0
T=659	330	5	65	0	0
T=660	330	5	65	0	0
T=661	330	5	65	0	0
T=662	329	5	66	0	0
T=663	329	5	66	0	0
T=664	329	5	66	0	0
T=665	329	5	66	0	0
T=666	329	5	66	0	0
T=667	329	5	66	0	0
T=668	329	5	66	0	0
T=669	329	5	66	0	0
T=670	329	5	66	0	0
T=671	329	5	66	0	0
T=672	328	5	67	0	0
T=673	328	5	67	0	0
T=674	328	5	67	0	0
T=675	328	5	67	0	0
T=676	328	5	67	0	0
T=677	328	5	67	0	0
T=678	328	5	67	0	0
T=679	328	5	67	0	0
T=680	328	5	67	0	0
T=681	328	5	67	0	0
T=682	327	5	68	0	0
T=683	327	5	68	0	0
T=684	327	5	68	0	0
T=685	327	5	68	0	0
T=686	327	5	68	0	0
T=687	327	5	68	0	0
T=688	327	5	68	0	0
T=689	327	5	68	0	0
T=690	327	5	68	0	0
T=691	327	5	68	0	0
T=692	326	5	69	0	0
T=693	326	5	69	0	0
T=694	326	5	69	0	0
T=695	326	5	69	0	0
T=696	326	5	69	0	0
T=697	326	5	69	0	0
T=698	326	5	69	0	0
T=699	326	5	69	0	0
T=700	326	5	69	0	0
T=701	326	5	69	0	0
T=702	325	5	70	0	0
T=703	325	5	70	0	0
T=704	325	5	70	0	0
T=705	325	5	70	0	0
T=706	325	5	70	0	0
T=707	325	5	70	0	0
T=708	325	5	70	0	0
T=709	325	5	70	0	0
T=710	325	5	70	0	0
T=711	325	5	70	0	0
T=712	324	5	71	0	0
T=713	324	5	71	0	0
T=714	324	5	71	0	0
T=715	324	5	71	0	0
T=716	324	5	71	0	0
T=717	324	5	71	0	0
T=718	324	5	71	0	0
T=719	324	5	71	0	0
T=720	324	5	71	0	0
T=721	324	5	71	0	0
T=722	323	5	72	0	0
T=723	323	5	72	0	0
T=724	323	5	72	0	0
T=725	323	5	72	0	0
T=726	323	5	72	0	0
T=727	323	5	72	0	0
T=728	323	5	72	0	0
T=729	323	5	72	0	0
T=730	323	5	72	0	0
T=731	323	5	72	0	0
T=732	322	5	73	0	0
T=733	322	5	73	0	0
T=734	322	5	73	0	0
T=735	322	5	73	0	0
T=736	322	5	73	0	0
T=737	322	5	73	0	0
T=738	322	5	73	0	0
T=739	322	5	73	0	0
T=740	322	5	73	0	0
T=741	322	5	73	0	0
T=742	321	5	74	0	0
T=743	321	5	74	0	0
T=744	321	5	74	0	0
T=745	321	5	74	0	0
T=746	321	5	74	0	0
T=747	321	5	74	0	0
T=748	321	5	74	0	0
T=749	321	5	74	0	0
T=750	321	5	74	0	0
T=751	321	5	74	0	0
T=752	320	5	75	0	0
T=753	320	5	75	0	0
T=754	320	5	75	0	0
T=755	320	5	75	0	0
T=756	320	5	75	0	0
T=757	320	5	75	0	0
T=758	320	5	75	0	0
T=759	320	5	75	0	0
T=760	320	5	75	0	0
T=761	320	5	75	0	0
T=762	319	5	76	0	0
T=763	319	5	76	0	0
T=764	319	5	76	0	0
T=765	319	5	76	0	0
T=766	319	5	76	0	0
T=767	319	5	76	0	0
T=768	319	5	76	0	0
T=769	319	5	76	0	0
T=770	319	5	76	0	0
T=771	319	5	76	0	0
T=772	318	5	77	0	0
T=773	318	5	77	0	0
T=774	318	5	77	0	0
T=775	318	5	77	0	0
T=776	318	5	77	0	0
T=777	318	5	77	0	0
T=778	318	5	77	0	0
T=779	318	5	77	0	0
T=780	318	5	77	0	0
T=781	318	5	77	0	0
T=782	317	5	78	0	0
T=783	317	5	78	0	0
T=784	317	5	78	0	0
T=785	317	5	78	0	0
T=786	317	5	78	0	0
T=787	317	5	78	0	0
T=788	317	5	78	0	0
T=789	317	5	78	0	0
T=790	317	5	78	0	0
T=791	317	5	78	0	0
T=792	316	5	79	0	0
T=793	316	5	79	0	0
T=794	316	5	79	0	0
T=795	316	5	79	0	0
T=796	316	5	79	0	0
T=797	316	5	79	0	0
T=798	316	5	79	0	0
T=799	316	5	79	0	0
T=800	316	5	79	0	0
T=801	316	5	79	0	0
T=802	315	5	80	0	0
T=803	315	5	80	0	0
T=804	315	5	80	0	0
T=805	315	5	80	0	0
T=806	315	5	80	0	0
T=807	315	5	80	0	0
T=808	315	5	80	0	0
T=809	315	5	80	0	0
T=810	315	5	80	0	0
T=811	315	5	80	0	0
T=812	314	5	81	0	0
T=813	314	5	81	0	0
T=814	314	5	81	0	0
T=815	314	5	81	0	0
T=816	314	5	81	0	0
T=817	314	5	81	0	0
T=818	314	5	81	0	0
T=819	314	5	81	0	0
T=820	314	5	81	0	0
T=821	314	5	81	0	0
T=822	313	5	82	0	0
T=823	313	5	82	0	0
T=824	313	5	82	0	0
T=825	313	5	82	0	0
T=826	313	5	82	0	0
T=827	313	5	82	0	0
T=828	313	5	82	0	0
T=829	313	5	82	0	0
T=830	313	5	82	0	0
T=831	313	5	82	0	0
T=832	312	5	83	0	0
T=833	312	5	83	0	0
T=834	312	5	83	0	0
T=835	312	5	83	0	0
T=836	312	5	83	0	0
T=837	312	5	83	0	0
T=838	312	5	83	0	0
T=839	312	5	83	0	0
T=840	312	5	83	0	0
T=841	312	5	83	0	0
T=842	311	5	84	0	0
T=843	311	5	84	0	0
T=844	311	5	84	0	0
T=845	311	5	84	0	0
T=846	311	5	84	0	0
T=847	311	5	84	0	0
T=848	311	5	84	0	0
T=849	311	5	84	0	0
T=850	311	5	84	0	0
T=851	311	5	84	0	0
T=852	310	5	85	0	0
T=853	310	5	85	0	0
T=854	310	5	85	0	0
T=855	310	5	85	0	0
T=856	310	5	85	0	0
T=857	310	5	85	0	0
T=858	310	5	85	0	0
T=859	310	5	85	0	0
T=860	310	5	85	0	0
T=861	310	5	85	0	0
T=862	309	5	86	0	0
T=863	309	5	86	0	0
T=864	309	5	86	0	0
T=865	309	5	86	0	0
T=866	309	5	86	0	0
T=867	309	5	86	0	0
T=868	309	5	86	0	0
T=869	309	5	86	0	0
T=870	309	5	86	0	0
T=871	309	5	86	0	0
T=872	308	5	87	0	0
T=873	308	5	87	0	0
T=874	308	5	87	0	0
T=875	308	5	87	0	0
T=876	308	5	87	0	0
T=877	308	5	87	0	0
T=878	308	5	87	0	0
T=879	308	5	87	0	0
T=880	308	5	87	0	0
T=881	308	5	87	0	0
T=882	307	5	88	0	0
T=883	307	5	88	0	0
T=884	307	5	88	0	0
T=885	307	5	88	0	0
T=886	307	5	88	0	0
T=887	307	5	88	0	0
T=888	307	5	88	0	0
T=889	307	5	88	0	0
T=890	307	5	88	0	0
T=891	307	5	88	0	0
T=892	306	5	89	0	0
T=893	306	5	89	0	0
T=894	306	5	89	0	0
T=895	306	5	89	0	0
T=896	306	5	89	0	0
T=897	306	5	89	0	0
T=898	306	5	89	0	0
T=899	306	5	89	0	0
T=900	306	5	89	0	0
T=901	306	5	89	0	0
T=902	305	5	90	0	0
T=903	305	5	90	0	0
T=904	305	5	90	0	0
T=905	305	5	90	0	0
T=906	305	5	90	0	0
T=907	305	5	90	0	0
T=908	305	5	90	0	0
T=909	305	5	90	0	0
T=910	305	5	90	0	0
T=911	305	5	90	0	0
T=912	304	5	91	0	0
T=913	304	5	91	0	0
T=914	304	5	91	0	0
T=915	304	5	91	0	0
T=916	304	5	91	0	0
T=917	304	5	91	0	0
T=918	304	5	91	0	0
T=919	304	5	91	0	0
T=920	304	5	91	0	0
T=921	304	5	91	0	0
T=922	303	5	92	0	0
T=923	303	5	92	0	0
T=924	303	5	92	0	0
T=925	303	5	92	0	0
T=926	303	5	92	0	0
T=927	303	5	92	0	0
T=928	303	5	92	0	0
T=929	303	5	92	0	0
T=930	303	5	92	0	0
T=931	303	5	92	0	0
T=932	302	5	93	0	0
T=933	302	5	93	0	0
T=934	302	5	93	0	0
T=935	302	5	93	0	0
T=936	302	5	93	0	0
T=937	302	5	93	0	0
T=938	302	5	93	0	0
T=939	302	5	93	0	0
T=940	302	5	93	0	0
T=941	302	5	93	0	0
T=942	301	5	94	0	0
T=943	301	5	94	0	0
T=944	301	5	94	0	0
T=945	301	5	94	0	0
T=946	301	5	94	0	0
T=947	301	5	94	0	0
T=948	301	5	94	0	0
T=949	301	5	94	0	0
T=950	301	5	94	0	0
T=951	301	5	94	0	0
T=952	300	5	95	0	0
T=953	300	5	95	0	0
T=954	300	5	95	0	0
T=955	300	5	95	0	0
T=956	300	5	95	0	0
T=957	300	5	95	0	0
T=958	300	5	95	0	0
T=959	300	5	95	0	0
T=960	300	5	95	0	0
T=961	300	5	95	0	0
T=962	299	5	96	0	0
T=963	299	5	96	0	0
T=964	299	5	96	0	0
T=965	299	5	96	0	0
T=966	299	5	96	0	0
T=967	299	5	96	0	0
T=968	299	5	96	0	0
T=969	299	5	96	0	0
T=970	299	5	96	0	0
T=971	299	5	96	0	0
T=972	298	5	97	0	0
T=973	298	5	97	0	0
T=974	298	5	97	0	0
T=975	298	5	97	0	0
T=976	298	5	97	0	0
T=977	298	5	97	0	0
T=978	298	5	97	0	0
T=979	298	5	97	0	0
T=980	298	5	97	0	0
T=981	298	5	97	0	0
T=982	297	5	98	0	0
T=983	297	5	98	0	0
T=984	297	5	98	0	0
T=985	297	5	98	0	0
T=986	297	5	98	0	0
T=987	297	5	98	0	0
T=988	297	5	98	0	0
T=989	297	5	98	0	0
T=990	297	5	98	0	0
T=991	297	5	98	0	0
T=992	296	5	99	0	0
T=993	296	5	99	0	0
T=994	296	5	99	0	0
T=995	296	5	99	0	0
T=996	296	5	99	0	0
T=997	296	5	99	0	0
T=998	296	5	99	0	0
T=999	296	5	99	0	0
T=1000	296	5	99	0	0
T=1001	296	5	99	0	0
T=1002	295	5	100	0	0
T=1003	295	5	100	0	0
T=1004	295	5	100	0	0
T=1005	295	5	100	0	0
T=1006	295	5	100	0	0
T=1007	295	5	100	0	0
T=1008	295	5	100	0	0
T=1009	295	5	100	0	0
T=1010	295	5	100	0	0
T=1011	295	5	100	0	0
T=1012	294	5	101	0	0
T=1013	294	5	101	0	0
T=1014	294	5	101	0	0
T=1015	294	5	101	0	0
T=1016	294	5	101	0	0
T=1017	294	5	101	0	0
T=1018	294	5	101	0	0
T=1019	294	5	101	0	0
T=1020	294	5	101	0	0
T=1021	294	5	101	0	0
T=1022	293	5	102	0	0
T=1023	293	5	102	0	0
T=1024	293	5	102	0	0
T=1025	293	5	102	0	0
T=1026	293	5	102	0	0
T=1027	293	5	102	0	0
T=1028	293	5	102	0	0
T=1029	293	5	102	0	0
T=1030	293	5	102	0	0
T=1031	293	5	102	0	0
T=1032	292	5	103	0	0
T=1033	292	5	103	0	0
T=1034	292	5	103	0	0
T=1035	292	5	103	0	0
T=1036	292	5	103	0	0
T=1037	292	5	103	0	0
T=1038	292	5	103	0	0
T=1039	292	5	103	0	0
T=1040	292	5	103	0	0
T=1041	292	5	103	0	0
T=1042	291	5	104	0	0
T=1043	291	5	104	0	0
T=1044	291	5	104	0	0
T=1045	291	5	104	0	0
T=1046	291	5	104	0	0
T=1047	291	5	104	0	0
T=1048	291	5	104	0	0
T=1049	291	5	104	0	0
T=1050	291	5	104	0	0
T=1051	291	5	104	0	0
T=1052	290	5	105	0	0
T=1053	290	5	105	0	0
T=1054	290	5	105	0	0
T=1055	290	5	105	0	0
T=1056	290	5	105	0	0
T=1057	290	5	105	0	0
T=1058	290	5	105	0	0
T=1059	290	5	105	0	0
T=1060	290	5	105	0	0
T=1061	290	5	105	0	0
T=1062	289	5	106	0	0
T=1063	289	5	106	0	0
T=1064	289	5	106	0	0
T=1065	289	5	106	0	0
T=1066	289	5	106	0	0
T=1067	289	5	106	0	0
T=1068	289	5	106	0	0
T=1069	289	5	106	0	0
T=1070	289	5	106	0	0
T=1071	289	5	106	0	0
T=1072	288	5	107	0	0
T=1073	288	5	107	0	0
T=1074	288	5	107	0	0
T=1075	288	5	107	0	0
T=1076	288	5	107	0	0
T=1077	288	5	107	0	0
T=1078	288	5	107	0	0
T=1079	288	5	107	0	0
T=1080	288	5	107	0	0
T=1081	288	5	107	0	0
T=1082	287	5	108	0	0
T=1083	287	5	108	0	0
T=1084	287	5	108	0	0
T=1085	287	5	108	0	0
T=1086	287	5	108	0	0
T=1087	287	5	108	0	0
T=1088	287	5	108	0	0
T=1089	287	5	108	0	0
T=1090	287	5	108	0	0
T=1091	287	5	108	0	0
T=1092	286	5	109	0	0
T=1093	286	5	109	0	0
T=1094	286	5	109	0	0
T=1095	286	5	109	0	0
T=1096	286	5	109	0	0
T=1097	286	5	109	0	0
T=1098	286	5	109	0	0
T=1099	286	5	109	0	0
T=1100	286	5	109	0	0
T=1101	286	5	109	0	0
T=1102	285	5	110	0	0
T=1103	285	5	110	0	0
T=1104	285	5	110	0	0
T=1105	285	5	110	0	0
T=1106	285	5	110	0	0
T=1107	285	5	110	0	0
T=1108	285	5	110	0	0
T=1109	285	5	110	0	0
T=1110	285	5	110	0	0
T=1111	285	5	110	0	0
T=1112	284	5	111	0	0
T=1113	284	5	111	0	0
T=1114	284	5	111	0	0
T=1115	284	5	111	0	0
T=1116	284	5	111	0	0
T=1117	284	5	111	0	0
T=1118	284	5	111	0	0
T=1119	284	5	111	0	0
T=1120	284	5	111	0	0
T=1121	284	5	111	0	0
T=1122	283	5	112	0	0
T=1123	283	5	112	0	0
T=1124	283	5	112	0	0
T=1125	283	5	112	0	0
T=1126	283	5	112	0	0
T=1127	283	5	112	0	0
T=1128	283	5	112	0	0
T=1129	283	5	112	0	0
T=1130	283	5	112	0	0
T=1131	283	5	112	0	0
T=1132	282	5	113	0	0
T=1133	282	5	113	0	0
T=1134	282	5	113	0	0
T=1135	282	5	113	0	0
T=1136	282	5	113	0	0
T=1137	282	5	113	0	0
T=1138	282	5	113	0	0
T=1139	282	5	113	0	0
T=1140	282	5	113	0	0
T=1141	282	5	113	0	0
T=1142	281	5	114	0	0
T=1143	281	5	114	0	0
T=1144	281	5	114	0	0
T=1145	281	5	114	0	0
T=1146	281	5	114	0	0
T=1147	281	5	114	0	0
T=1148	281	5	114	0	0
T=1149	281	5	114	0	0
T=1150	281	5	114	0	0
T=1151	281	5	114	0	0
T=1152	280	5	115	0	0
T=1153	280	5	115	0	0
T=1154	280	5	115	0	0
T=1155	280	5	115	0	0
T=1156	280	5	115	0	0
T=1157	280	5	115	0	0
T=1158	280	5	115	0	0
T=1159	280	5	115	0	0
T=1160	280	5	115	0	0
T=1161	280	5	115	0	0
T=1162	279	5	116	0	0
T=1163	279	5	116	0	0
T=1164	279	5	116	0	0
T=1165	279	5	116	0	0
T=1166	279	5	116	0	0
T=1167	279	5	116	0	0
T=1168	279	5	116	0	0
T=1169	279	5	116	0	0
T=1170	279	5	116	0	0
T=1171	279	5	116	0	0
T=1172	278	5	117	0	0
T=1173	278	5	117	0	0
T=1174	278	5	117	0	0
T=1175	278	5	117	0	0
T=1176	278	5	117	0	0
T=1177	278	5	117	0	0
T=1178	278	5	117	0	0
T=1179	278	5	117	0	0
T=1180	278	5	117	0	0
T=1181	278	5	117	0	0
T=1182	277	5	118	0	0
T=1183	277	5	118	0	0
T=1184	277	5	118	0	0
T=1185	277	5	118	0	0
T=1186	277	5	118	0	0
T=1187	277	5	118	0	0
T=1188	277	5	118	0	0
T=1189	277	5	118	0	0
T=1190	277	5	118	0	0
T=1191	277	5	118	0	0
T=1192	276	5	119	0	0
T=1193	276	5	119	0	0
T=1194	276	5	119	0	0
T=1195	276	5	119	0	0
T=1196	276	5	119	0	0
T=1197	276	5	119	0	0
T=1198	276	5	119	0	0
T=1199	276	5	119	0	0
T=1200	276	5	119	0	0
T=1201	276	5	119	0	0
T=1202	275	5	120	0	0
T=1203	275	5	120	0	0
T=1204	275	5	120	0	0
T=1205	275	5	120	0	0
T=1206	275	5	120	0	0
T=1207	275	5	120	0	0
T=1208	275	5	120	0	0
T=1209	275	5	120	0	0
T=1210	275	5	120	0	0
T=1211	275	5	120	0	0
T=1212	274	5	121	0	0
T=1213	274	5	121	0	0
T=1214	274	5	121	0	0
T=1215	274	5	121	0	0
T=1216	274	5	121	0	0
T=1217	274	5	121	0	0
T=1218	274	5	121	0	0
T=1219	274	5	121	0	0
T=1220	274	5	121	0	0
T=1221	274	5	121	0	0
T=1222	273	5	122	0	0
T=1223	273	5	122	0	0
T=1224	273	5	122	0	0
T=1225	273	5	122	0	0
T=1226	273	5	122	0	0
T=1227	273	5	122	0	0
T=1228	273	5	122	0	0
T=1229	273	5	122	0	0
T=1230	273	5	122	0	0
T=1231	273	5	122	0	0
T=1232	272	5	123	0	0
T=1233	272	5	123	0	0
T=1234	272	5	123	0	0
T=1235	272	5	123	0	0
T=1236	272	5	123	0	0
T=1237	272	5	123	0	0
T=1238	272	5	123	0	0
T=1239	272	5	123	0	0
T=1240	272	5	123	0	0
T=1241	272	5	123	0	0
T=1242	271	5	124	0	0
T=1243	271	5	124	0	0
T=1244	271	5	124	0	0
T=1245	271	5	124	0	0
T=1246	271	5	124	0	0
T=1247	271	5	124	0	0
T=1248	271	5	124	0	0
T=1249	271	5	124	0	0
T=1250	271	5	124	0	0
T=1251	271	5	124	0	0
T=1252	270	5	125	0	0
T=1253	270	5	125	0	0
T=1254	270	5	125	0	0
T=1255	270	5	125	0	0
T=1256	270	5	125	0	0
T=1257	270	5	125	0	0
T=1258	270	5	125	0	0
T=1259	270	5	125	0	0
T=1260	270	5	125	0	0
T=1261	270	5	125	0	0
T=1262	269	5	126	0	0
T=1263	269	5	126	0	0
T=1264	269	5	126	0	0
T=1265	269	5	126	0	0
T=1266	269	5	126	0	0
T=1267	269	5	126	0	0
T=1268	269	5	126	0	0
T=1269	269	5	126	0	0
T=1270	269	5	126	0	0
T=1271	269	5	126	0	0
T=1272	268	5	127	0	0
T=1273	268	5	127	0	0
T=1274	268	5	127	0	0
T=1275	268	5	127	0	0
T=1276	268	5	127	0	0
T=1277	268	5	127	0	0
T=1278	268	5	127	0	0
T=1279	268	5	127	0	0
T=1280	268	5	127	0	0
T=1281	268	5	127	0	0
T=1282	267	5	128	0	0
T=1283	267	5	128	0	0
T=1284	267	5	128	0	0
T=1285	267	5	128	0	0
T=1286	267	5	128	0	0
T=1287	267	5	128	0	0
T=1288	267	5	128	0	0
T=1289	267	5	128	0	0
T=1290	267	5	128	0	0
T=1291	267	5	128	0	0
T=1292	266	5	129	0	0
T=1293	266	5	129	0	0
T=1294	266	5	129	0	0
T=1295	266	5	129	0	0
T=1296	266	5	129	0	0
T=1297	266	5	129	0	0
T=1298	266	5	129	0	0
T=1299	266	5	129	0	0
T=1300	266	5	129	0	0
T=1301	266	5	129	0	0
T=1302	265	5	130	0	0
T=1303	265	5	130	0	0
T=1304	265	5	130	0	0
T=1305	265	5	130	0	0
T=1306	265	5	130	0	0
T=1307	265	5	130	0	0
T=1308	265	5	130	0	0
T=1309	265	5	130	0	0
T=1310	265	5	130	0	0
T=1311	265	5	130	0	0
T=1312	264	5	131	0	0
T=1313	264	5	131	0	0
T=1314	264	5	131	0	0
T=1315	264	5	131	0	0
T=1316	264	5	131	0	0
T=1317	264	5	131	0	0
T=1318	264	5	131	0	0
T=1319	264	5	131	0	0
T=1320	264	5	131	0	0
T=1321	264	5	131	0	0
T=1322	263	5	132	0	0
T=1323	263	5	132	0	0
T=1324	263	5	132	0	0
T=1325	263	5	132	0	0
T=1326	263	5	132	0	0
T=1327	263	5	132	0	0
T=1328	263	5	132	0	0
T=1329	263	5	132	0	0
T=1330	263	5	132	0	0
T=1331	263	5	132	0	0
T=1332	262	5	133	0	0
T=1333	262	5	133	0	0
T=1334	262	5	133	0	0
T=1335	262	5	133	0	0
T=1336	262	5	133	0	0
T=1337	262	5	133	0	0
T=1338	262	5	133	0	0
T=1339	262	5	133	0	0
T=1340	262	5	133	0	0
T=1341	262	5	133	0	0
T=1342	261	5	134	0	0
T=1343	261	5	134	0	0
T=1344	261	5	134	0	0
T=1345	261	5	134	0	0
T=1346	261	5	134	0	0
T=1347	261	5	134	0	0
T=1348	261	5	134	0	0
T=1349	261	5	134	0	0
T=1350	261	5	134	0	0
T=1351	261	5	134	0	0
T=1352	260	5	135	0	0
T=1353	260	5	135	0	0
T=1354	260	5	135	0	0
T=1355	260	5	135	0	0
T=1356	260	5	135	0	0
T=1357	260	5	135	0	0
T=1358	260	5	135	0	0
T=1359	260	5	135	0	0
T=1360	260	5	135	0	0
T=1361	260	5	135	0	0
T=1362	259	5	136	0	0
T=1363	259	5	136	0	0
T=1364	259	5	136	0	0
T=1365	259	5	136	0	0
T=1366	259	5	136	0	0
T=1367	259	5	136	0	0
T=1368	259	5	136	0	0
T=1369	259	5	136	0	0
T=1370	259	5	136	0	0
T=1371	259	5	136	0	0
T=1372	258	5	137	0	0
T=1373	258	5	137	0	0
T=1374	258	5	137	0	0
T=1375	258	5	137	0	0
T=1376	258	5	137	0	0
T=1377	258	5	137	0	0
T=1378	258	5	137	0	0
T=1379	258	5	137	0	0
T=1380	258	5	137	0	0
T=1381	258	5	137	0	0
T=1382	257	5	138	0	0
T=1383	257	5	138	0	0
T=1384	257	5	138	0	0
T=1385	257	5	138	0	0
T=1386	257	5	138	0	0
T=1387	257	5	138	0	0
T=1388	257	5	138	0	0
T=1389	257	5	138	0	0
T=1390	257	5	138	0	0
T=1391	257	5	138	0	0
T=1392	256	5	139	0	0
T=1393	256	5	139	0	0
T=1394	256	5	139	0	0
T=1395	256	5	139	0	0
T=1396	256	5	139	0	0
T=1397	256	5	139	0	0
T=1398	256	5	139	0	0
T=1399	256	5	139	0	0
T=1400	256	5	139	0	0
T=1401	256	5	139	0	0
T=1402	255	5	140	0	0
T=1403	255	5	140	0	0
T=1404	255	5	140	0	0
T=1405	255	5	140	0	0
T=1406	255	5	140	0	0
T=1407	255	5	140	0	0
T=1408	255	5	140	0	0
T=1409	255	5	140	0	0
T=1410	255	5	140	0	0
T=1411	255	5	140	0	0
T=1412	254	5	141	0	0
T=1413	254	5	141	0	0
T=1414	254	5	141	0	0
T=1415	254	5	141	0	0
T=1416	254	5	141	0	0
T=1417	254	5	141	0	0
T=1418	254	5	141	0	0
T=1419	254	5	141	0	0
T=1420	254	5	141	0	0
T=1421	254	5	141	0	0
T=1422	253	5	142	0	0
T=1423	253	5	142	0	0
T=1424	253	5	142	0	0
T=1425	253	5	142	0	0
T=1426	253	5	142	0	0
T=1427	253	5	142	0	0
T=1428	253	5	142	0	0
T=1429	253	5	142	0	0
T=1430	253	5	142	0	0
T=1431	253	5	142	0	0
T=1432	252	5	143	0	0
T=1433	252	5	143	0	0
T=1434	252	5	143	0	0
T=1435	252	5	143	0	0
T=1436	252	5	143	0	0
T=1437	252	5	143	0	0
T=1438	252	5	143	0	0
T=1439	252	5	143	0	0
T=1440	252	5	143	0	0
T=1441	252	5	143	0	0
T=1442	251	5	144	0	0
T=1443	251	5	144	0	0
T=1444	251	5	144	0	0
T=1445	251	5	144	0	0
T=1446	251	5	144	0	0
T=1447	251	5	144	0	0
T=1448	251	5	144	0	0
T=1449	251	5	144	0	0
T=1450	251	5	144	0	0
T=1451	251	5	144	0	0
T=1452	250	5	145	0	0
T=1453	250	5	145	0	0
T=1454	250	5	145	0	0
T=1455	250	5	145	0	0
T=1456	250	5	145	0	0
T=1457	250	5	145	0	0
T=1458	250	5	145	0	0
T=1459	250	5	145	0	0
T=1460	250	5	145	0	0
T=1461	250	5	145	0	0
T=1462	249	5	146	0	0
T=1463	249	5	146	0	0
T=1464	249	5	146	0	0
T=1465	249	5	146	0	0
T=1466	249	5	146	0	0
T=1467	249	5	146	0	0
T=1468	249	5	146	0	0
T=1469	249	5	146	0	0
T=1470	249	5	146	0	0
T=1471	249	5	146	0	0
T=1472	248	5	147	0	0
T=1473	248	5	147	0	0
T=1474	248	5	147	0	0
T=1475	248	5	147	0	0
T=1476	248	5	147	0	0
T=1477	248	5	147	0	0
T=1478	248	5	147	0	0
T=1479	248	5	147	0	0
T=1480	248	5	147	0	0
T=1481	248	5	147	0	0
T=1482	247	5	148	0	0
T=1483	247	5	148	0	0
T=1484	247	5	148	0	0
T=1485	247	5	148	0	0
T=1486	247	5	148	0	0
T=1487	247	5	148	0	0
T=1488	247	5	148	0	0
T=1489	247	5	148	0	0
T=1490	247	5	148	0	0
T=1491	247	5	148	0	0
T=1492	246	5	149	0	0
T=1493	246	5	149	0	0
T=1494	246	5	149	0	0
T=1495	246	5	149	0	0
T=1496	246	5	149	0	0
T=1497	246	5	149	0	0
T=1498	246	5	149	0	0
T=1499	246	5	149	0	0
T=1500	246	5	149	0	0
T=1501	246	5	149	0	0
T=1502	245	5	150	0	0
T=1503	245	5	150	0	0
T=1504	245	5	150	0	0
T=1505	245	5	150	0	0
T=1506	245	5	150	0	0
T=1507	245	5	150	0	0
T=1508	245	5	150	0	0
T=1509	245	5	150	0	0
T=1510	245	5	150	0	0
T=1511	245	5	150	0	0
T=1512	244	5	151	0	0
T=1513	244	5	151	0	0
T=1514	244	5	151	0	0
T=1515	244	5	151	0	0
T=1516	244	5	151	0	0
T=1517	244	5	151	0	0
T=1518	244	5	151	0	0
T=1519	244	5	151	0	0
T=1520	244	5	151	0	0
T=1521	244	5	151	0	0
T=1522	243	5	152	0	0
T=1523	243	5	152	0	0
T=1524	243	5	152	0	0
T=1525	243	5	152	0	0
T=1526	243	5	152	0	0
T=1527	243	5	152	0	0
T=1528	243	5	152	0	0
T=1529	243	5	152	0	0
T=1530	243	5	152	0	0
T=1531	243	5	152	0	0
T=1532	242	5	153	0	0
T=1533	242	5	153	0	0
T=1534	242	5	153	0	0
T=1535	242	5	153	0	0
T=1536	242	5	153	0	0
T=1537	242	5	153	0	0
T=1538	242	5	153	0	0
T=1539	242	5	153	0	0
T=1540	242	5	153	0	0
T=1541	242	5	153	0	0
T=1542	241	5	154	0	0
T=1543	241	5	154	0	0
T=1544	241	5	154	0	0
T=1545	241	5	154	0	0
T=1546	241	5	154	0	0
T=1547	241	5	154	0	0
T=1548	241	5	154	0	0
T=1549	241	5	154	0	0
T=1550	241	5	154	0	0
T=1551	241	5	154	0	0
T=1552	240	5	155	0	0
T=1553	240	5	155	0	0
T=1554	240	5	155	0	0
T=1555	240	5	155	0	0
T=1556	240	5	155	0	0
T=1557	240	5	155	0	0
T=1558	240	5	155	0	0
T=1559	240	5	155	0	0
T=1560	240	5	155	0	0
T=1561	240	5	155	0	0
T=1562	239	5	156	0	0
T=1563	239	5	156	0	0
T=1564	239	5	156	0	0
T=1565	239	5	156	0	0
T=1566	239	5	156	0	0
T=1567	239	5	156	0	0
T=1568	239	5	156	0	0
T=1569	239	5	156	0	0
T=1570	239	5	156	0	0
T=1571	239	5	156	0	0
T=1572	238	5	157	0	0
T=1573	238	5	157	0	0
T=1574	238	5	157	0	0
T=1575	238	5	157	0	0
T=1576	238	5	157	0	0
T=1577	238	5	157	0	0
T=1578	238	5	157	0	0
T=1579	238	5	157	0	0
T=1580	238	5	157	0	0
T=1581	238	5	157	0	0
T=1582	237	5	158	0	0
T=1583	237	5	158	0	0
T=1584	237	5	158	0	0
T=1585	237	5	158	0	0
T=1586	237	5	158	0	0
T=1587	237	5	158	0	0
T=1588	237	5	158	0	0
T=1589	237	5	158	0	0
T=1590	237	5	158	0	0
T=1591	237	5	158	0	0
T=1592	236	5	159	0	0
T=1593	236	5	159	0	0
T=1594	236	5	159	0	0
T=1595	236	5	159	0	0
T=1596	236	5	159	0	0
T=1597	236	5	159	0	0
T=1598	236	5	159	0	0
T=1599	236	5	159	0	0
T=1600	236	5	159	0	0
T=1601	236	5	159	0	0
T=1602	235	5	160	0	0
T=1603	235	5	160	0	0
T=1604	235	5	160	0	0
T=1605	235	5	160	0	0
T=1606	235	5	160	0	0
T=1607	235	5	160	0	0
T=1608	235	5	160	0	0
T=1609	235	5	160	0	0
T=1610	235	5	160	0	0
T=1611	235	5	160	0	0
T=1612	234	5	161	0	0
T=1613	234	5	161	0	0
T=1614	234	5	161	0	0
T=1615	234	5	161	0	0
T=1616	234	5	161	0	0
T=1617	234	5	161	0	0
T=1618	234	5	161	0	0
T=1619	234	5	161	0	0
T=1620	234	5	161	0	0
T=1621	234	5	161	0	0
T=1622	233	5	162	0	0
T=1623	233	5	162	0	0
T=1624	233	5	162	0	0
T=1625	233	5	162	0	0
T=1626	233	5	162	0	0
T=1627	233	5	162	0	0
T=1628	233	5	162	0	0
T=1629	233	5	162	0	0
T=1630	233	5	162	0	0
T=1631	233	5	162	0	0
T=1632	232	5	163	0	0
T=1633	232	5	163	0	0
T=1634	232	5	163	0	0
T=1635	232	5	163	0	0
T=1636	232	5	163	0	0
T=1637	232	5	163	0	0
T=1638	232	5	163	0	0
T=1639	232	5	163	0	0
T=1640	232	5	163	0	0
T=1641	232	5	163	0	0
T=1642	231	5	164	0	0
T=1643	231	5	164	0	0
T=1644	231	5	164	0	0
T=1645	231	5	164	0	0
T=1646	231	5	164	0	0
T=1647	231	5	164	0	0
T=1648	231	5	164	0	0
T=1649	231	5	164	0	0
T=1650	231	5	164	0	0
T=1651	231	5	164	0	0
T=1652	230	5	165	0	0
T=1653	230	5	165	0	0
T=1654	230	5	165	0	0
T=1655	230	5	165	0	0
T=1656	230	5	165	0	0
T=1657	230	5	165	0	0
T=1658	230	5	165	0	0
T=1659	230	5	165	0	0
T=1660	230	5	165	0	0
T=1661	230	5	165	0	0
T=1662	229	5	166	0	0
T=1663	229	5	166	0	0
T=1664	229	5	166	0	0
T=1665	229	5	166	0	0
T=1666	229	5	166	0	0
T=1667	229	5	166	0	0
T=1668	229	5	166	0	0
T=1669	229	5	166	0	0
T=1670	229	5	166	0	0
T=1671	229	5	166	0	0
T=1672	228	5	167	0	0
T=1673	228	5	167	0	0
T=1674	228	5	167	0	0
T=1675	228	5	167	0	0
T=1676	228	5	167	0	0
T=1677	228	5	167	0	0
T=1678	228	5	167	0	0
T=1679	228	5	167	0	0
T=1680	228	5	167	0	0
T=1681	228	5	167	0	0
T=1682	227	5	168	0	0
T=1683	227	5	168	0	0
T=1684	227	5	168	0	0
T=1685	227	5	168	0	0
T=1686	227	5	168	0	0
T=1687	227	5	168	0	0
T=1688	227	5	168	0	0
T=1689	227	5	168	0	0
T=1690	227	5	168	0	0
T=1691	227	5	168	0	0
T=1692	226	5	169	0	0
T=1693	226	5	169	0	0
T=1694	226	5	169	0	0
T=1695	226	5	169	0	0
T=1696	226	5	169	0	0
T=1697	226	5	169	0	0
T=1698	226	5	169	0	0
T=1699	226	5	169	0	0
T=1700	226	5	169	0	0
T=1701	226	5	169	0	0
T=1702	225	5	170	0	0
T=1703	225	5	170	0	0
T=1704	225	5	170	0	0
T=1705	225	5	170	0	0
T=1706	225	5	170	0	0
T=1707	225	5	170	0	0
T=1708	225	5	170	0	0
T=1709	225	5	170	0	0
T=1710	225	5	170	0	0
T=1711	225	5	170	0	0
T=1712	224	5	171	0	0
T=1713	224	5	171	0	0
T=1714	224	5	171	0	0
T=1715	224	5	171	0	0
T=1716	224	5	171	0	0
T=1717	224	5	171	0	0
T=1718	224	5	171	0	0
T=1719	224	5	171	0	0
T=1720	224	5	171	0	0
T=1721	224	5	171	0	0
T=1722	223	5	172	0	0
T=1723	223	5	172	0	0
T=1724	223	5	172	0	0
T=1725	223	5	172	0	0
T=1726	223	5	172	0	0
T=1727	223	5	172	0	0
T=1728	223	5	172	0	0
T=1729	223	5	172	0	0
T=1730	223	5	172	0	0
T=1731	223	5	172	0	0
T=1732	222	5	173	0	0
T=1733	222	5	173	0	0
T=1734	222	5	173	0	0
T=1735	222	5	173	0	0
T=1736	222	5	173	0	0
T=1737	222	5	173	0	0
T=1738	222	5	173	0	0
T=1739	222	5	173	0	0
T=1740	222	5	173	0	0
T=1741	222	5	173	0	0
T=1742	221	5	174	0	0
T=1743	221	5	174	0	0
T=1744	221	5	174	0	0
T=1745	221	5	174	0	0
T=1746	221	5	174	0	0
T=1747	221	5	174	0	0
T=1748	221	5	174	0	0
T=1749	221	5	174	0	0
T=1750	221	5	174	0	0
T=1751	221	5	174	0	0
T=1752	220	5	175	0	0
T=1753	220	5	175	0	0
T=1754	220	5	175	0	0
T=1755	220	5	175	0	0
T=1756	220	5	175	0	0
T=1757	220	5	175	0	0
T=1758	220	5	175	0	0
T=1759	220	5	175	0	0
T=1760	220	5	175	0	0
T=1761	220	5	175	0	0
T=1762	219	5	176	0	0
T=1763	219	5	176	0	0
T=1764	219	5	176	0	0
T=1765	219	5	176	0	0
T=1766	219	5	176	0	0
T=1767	219	5	176	0	0
T=1768	219	5	176	0	0
T=1769	219	5	176	0	0
T=1770	219	5	176	0	0
T=1771	219	5	176	0	0
T=1772	218	5	177	0	0
T=1773	218	5	177	0	0
T=1774	218	5	177	0	0
T=1775	218	5	177	0	0
T=1776	218	5	177	0	0
T=1777	218	5	177	0	0
T=1778	218	5	177	0	0
T=1779	218	5	177	0	0
T=1780	218	5	177	0	0
T=1781	218	5	177	0	0
T=1782	217	5	178	0	0
T=1783	217	5	178	0	0
T=1784	217	5	178	0	0
T=1785	217	5	178	0	0
T=1786	217	5	178	0	0
T=1787	217	5	178	0	0
T=1788	217	5	178	0	0
T=1789	217	5	178	0	0
T=1790	217	5	178	0	0
T=1791	217	5	178	0	0
T=1792	216	5	179	0	0
T=1793	216	5	179	0	0
T=1794	216	5	179	0	0
T=1795	216	5	179	0	0
T=1796	216	5	179	0	0
T=1797	216	5	179	0	0
T=1798	216	5	179	0	0
T=1799	216	5	179	0	0
T=1800	216	5	179	0	0
T=1801	216	5	179	0	0
T=1802	215	5	180	0	0
T=1803	215	5	180	0	0
T=1804	215	5	180	0	0
T=1805	215	5	180	0	0
T=1806	215	5	180	0	0
T=1807	215	5	180	0	0
T=1808	215	5	180	0	0
T=1809	215	5	180	0	0
T=1810	215	5	180	0	0
T=1811	215	5	180	0	0
T=1812	214	5	181	0	0
T=1813	214	5	181	0	0
T=1814	214	5	181	0	0
T=1815	214	5	181	0	0
T=1816	214	5	181	0	0
T=1817	214	5	181	0	0
T=1818	214	5	181	0	0
T=1819	214	5	181	0	0
T=1820	214	5	181	0	0
T=1821	214	5	181	0	0
T=1822	213	5	182	0	0
T=1823	213	5	182	0	0
T=1824	213	5	182	0	0
T=1825	213	5	182	0	0
T=1826	213	5	182	0	0
T=1827	213	5	182	0	0
T=1828	213	5	182	0	0
T=1829	213	5	182	0	0
T=1830	213	5	182	0	0
T=1831	213	5	182	0	0
T=1832	212	5	183	0	0
T=1833	212	5	183	0	0
T=1834	212	5	183	0	0
T=1835	212	5	183	0	0
T=1836	212	5	183	0	0
T=1837	212	5	183	0	0
T=1838	212	5	183	0	0
T=1839	212	5	183	0	0
T=1840	212	5	183	0	0
T=1841	212	5	183	0	0
T=1842	211	5	184	0	0
T=1843	211	5	184	0	0
T=1844	211	5	184	0	0
T=1845	211	5	184	0	0
T=1846	211	5	184	0	0
T=1847	211	5	184	0	0
T=1848	211	5	184	0	0
T=1849	211	5	184	0	0
T=1850	211	5	184	0	0
T=1851	211	5	184	0	0
T=1852	210	5	185	0	0
T=1853	210	5	185	0	0
T=1854	210	5	185	0	0
T=1855	210	5	185	0	0
T=1856	210	5	185	0	0
T=1857	210	5	185	0	0
T=1858	210	5	185	0	0
T=1859	210	5	185	0	0
T=1860	210	5	185	0	0
T=1861	210	5	185	0	0
T=1862	209	5	186	0	0
T=1863	209	5	186	0	0
T=1864	209	5	186	0	0
T=1865	209	5	186	0	0
T=1866	209	5	186	0	0
T=1867	209	5	186	0	0
T=1868	209	5	186	0	0
T=1869	209	5	186	0	0
T=1870	209	5	186	0	0
T=1871	209	5	186	0	0
T=1872	208	5	187	0	0
T=1873	208	5	187	0	0
T=1874	208	5	187	0	0
T=1875	208	5	187	0	0
T=1876	208	5	187	0	0
T=1877	208	5	187	0	0
T=1878	208	5	187	0	0
T=1879	208	5	187	0	0
T=1880	208	5	187	0	0
T=1881	208	5	187	0	0
T=1882	207	5	188	0	0
T=1883	207	5	188	0	0
T=1884	207	5	188	0	0
T=1885	207	5	188	0	0
T=1886	207	5	188	0	0
T=1887	207	5	188	0	0
T=1888	207	5	188	0	0
T=1889	207	5	188	0	0
T=1890	207	5	188	0	0
T=1891	207	5	188	0	0
T=1892	206	5	189	0	0
T=1893	206	5	189	0	0
T=1894	206	5	189	0	0
T=1895	206	5	189	0	0
T=1896	206	5	189	0	0
T=1897	206	5	189	0	0
T=1898	206	5	189	0	0
T=1899	206	5	189	0	0
T=1900	206	5	189	0	0
T=1901	206	5	189	0	0
T=1902	205	5	190	0	0
T=1903	205	5	190	0	0
T=1904	205	5	190	0	0
T=1905	205	5	190	0	0
T=1906	205	5	190	0	0
T=1907	205	5	190	0	0
T=1908	205	5	190	0	0
T=1909	205	5	190	0	0
T=1910	205	5	190	0	0
T=1911	205	5	190	0	0
T=1912	204	5	191	0	0
T=1913	204	5	191	0	0
T=1914	204	5	191	0	0
T=1915	204	5	191	0	0
T=1916	204	5	191	0	0
T=1917	204	5	191	0	0
T=1918	204	5	191	0	0
T=1919	204	5	191	0	0
T=1920	204	5	191	0	0
T=1921	204	5	191	0	0
T=1922	203	5	192	0	0
T=1923	203	5	192	0	0
T=1924	203	5	192	0	0
T=1925	203	5	192	0	0
T=1926	203	5	192	0	0
T=1927	203	5	192	0	0
T=1928	203	5	192	0	0
T=1929	203	5	192	0	0
T=1930	203	5	192	0	0
T=1931	203	5	192	0	0
T=1932	202	5	193	0	0
T=1933	202	5	193	0	0
T=1934	202	5	193	0	0
T=1935	202	5	193	0	0
T=1936	202	5	193	0	0
T=1937	202	5	193	0	0
T=1938	202	5	193	0	0
T=1939	202	5	193	0	0
T=1940	202	5	193	0	0
T=1941	202	5	193	0	0
T=1942	201	5	194	0	0
T=1943	201	5	194	0	0
T=1944	201	5	194	0	0
T=1945	201	5	194	0	0
T=1946	201	5	194	0	0
T=1947	201	5	194	0	0
T=1948	201	5	194	0	0
T=1949	201	5	194	0	0
T=1950	201	5	194	0	0
T=1951	201	5	194	0	0
T=1952	200	5	195	0	0
T=1953	200	5	195	0	0
T=1954	200	5	195	0	0
T=1955	200	5	195	0	0
T=1956	200	5	195	0	0
T=1957	200	5	195	0	0
T=1958	200	5	195	0	0
T=1959	200	5	195	0	0
T=1960	200	5	195	0	0
T=1961	200	5	195	0	0
T=1962	199	5	196	0	0
T=1963	199	5	196	0	0
T=1964	199	5	196	0	0
T=1965	199	5	196	0	0
T=1966	199	5	196	0	0
T=1967	199	5	196	0	0
T=1968	199	5	196	0	0
T=1969	199	5	196	0	0
T=1970	199	5	196	0	0
T=1971	199	5	196	0	0
T=1972	198	5	197	0	0
T=1973	198	5	197	0	0
T=1974	198	5	197	0	0
T=1975	198	5	197	0	0
T=1976	198	5	197	0	0
T=1977	198	5	197	0	0
T=1978	198	5	197	0	0
T=1979	198	5	197	0	0
T=1980	198	5	197	0	0
T=1981	198	5	197	0	0
T=1982	197	5	198	0	0
T=1983	197	5	198	0	0
T=1984	197	5	198	0	0
T=1985	197	5	198	0	0
T=1986	197	5	198	0	0
T=1987	197	5	198	0	0
T=1988	197	5	198	0	0
T=1989	197	5	198	0	0
T=1990	197	5	198	0	0
T=1991	197	5	198	0	0
T=1992	196	5	199	0	0
T=1993	196	5	199	0	0
T=1994	196	5	199	0	0
T=1995	196	5	199	0	0
T=1996	196	5	199	0	0
T=1997	196	5	199	0	0
T=1998	196	5	199	0	0
T=1999	196	5	199	0	0
T=2000	196	5	199	0	0
T=2001	196	5	199	0	0
T=2002	195	5	200	0	0
T=2003	195	5	200	0	0
T=2004	195	5	200	0	0
T=2005	195	5	200	0	0
T=2006	195	5	200	0	0
T=2007	195	5	200	0	0
T=2008	195	5	200	0	0
T=2009	195	5	200	0	0
T=2010	195	5	200	0	0
T=2011	195	5	200	0	0
T=2012	194	5	201	0	0
T=2013	194	5	201	0	0
T=2014	194	5	201	0	0
T=2015	194	5	201	0	0
T=2016	194	5	201	0	0
T=2017	194	5	201	0	0
T=2018	194	5	201	0	0
T=2019	194	5	201	0	0
T=2020	194	5	201	0	0
T=2021	194	5	201	0	0
T=2022	193	5	202	0	0
T=2023	193	5	202	0	0
T=2024	193	5	202	0	0
T=2025	193	5	202	0	0
T=2026	193	5	202	0	0
T=2027	193	5	202	0	0
T=2028	193	5	202	0	0
T=2029	193	5	202	0	0
T=2030	193	5	202	0	0
T=2031	193	5	202	0	0
T=2032	192	5	203	0	0
T=2033	192	5	203	0	0
T=2034	192	5	203	0	0
T=2035	192	5	203	0	0
T=2036	192	5	203	0	0
T=2037	192	5	203	0	0
T=2038	192	5	203	0	0
T=2039	192	5	203	0	0
T=2040	192	5	203	0	0
T=2041	192	5	203	0	0
T=2042	191	5	204	0	0
T=2043	191	5	204	0	0
T=2044	191	5	204	0	0
T=2045	191	5	204	0	0
T=2046	191	5	204	0	0
T=2047	191	5	204	0	0
T=2048	191	5	204	0	0
T=2049	191	5	204	0	0
T=2050	191	5	204	0	0
T=2051	191	5	204	0	0
T=2052	190	5	205	0	0
T=2053	190	5	205	0	0
T=2054	190	5	205	0	0
T=2055	190	5	205	0	0
T=2056	190	5	205	0	0
T=2057	190	5	205	0	0
T=2058	190	5	205	0	0
T=2059	190	5	205	0	0
T=2060	190	5	205	0	0
T=2061	190	5	205	0	0
T=2062	189	5	206	0	0
T=2063	189	5	206	0	0
T=2064	189	5	206	0	0
T=2065	189	5	206	0	0
T=2066	189	5	206	0	0
T=2067	189	5	206	0	0
T=2068	189	5	206	0	0
T=2069	189	5	206	0	0
T=2070	189	5	206	0	0
T=2071	189	5	206	0	0
T=2072	188	5	207	0	0
T=2073	188	5	207	0	0
T=2074	188	5	207	0	0
T=2075	188	5	207	0	0
T=2076	188	5	207	0	0
T=2077	188	5	207	0	0
T=2078	188	5	207	0	0
T=2079	188	5	207	0	0
T=2080	188	5	207	0	0
T=2081	188	5	207	0	0
T=2082	187	5	208	0	0
T=2083	187	5	208	0	0
T=2084	187	5	208	0	0
T=2085	187	5	208	0	0
T=2086	187	5	208	0	0
T=2087	187	5	208	0	0
T=2088	187	5	208	0	0
T=2089	187	5	208	0	0
T=2090	187	5	208	0	0
T=2091	187	5	208	0	0
T=2092	186	5	209	0	0
T=2093	186	5	209	0	0
T=2094	186	5	209	0	0
T=2095	186	5	209	0	0
T=2096	186	5	209	0	0
T=2097	186	5	209	0	0
T=2098	186	5	209	0	0
T=2099	186	5	209	0	0
T=2100	186	5	209	0	0
T=2101	186	5	209	0	0
T=2102	185	5	210	0	0
T=2103	185	5	210	0	0
T=2104	185	5	210	0	0
T=2105	185	5	210	0	0
T=2106	185	5	210	0	0
T=2107	185	5	210	0	0
T=2108	185	5	210	0	0
T=2109	185	5	210	0	0
T=2110	185	5	210	0	0
T=2111	185	5	210	0	0
T=2112	184	5	211	0	0
T=2113	184	5	211	0	0
T=2114	184	5	211	0	0
T=2115	184	5	211	0	0
T=2116	184	5	211	0	0
T=2117	184	5	211	0	0
T=2118	184	5	211	0	0
T=2119	184	5	211	0	0
T=2120	184	5	211	0	0
T=2121	184	5	211	0	0
T=2122	183	5	212	0	0
T=2123	183	5	212	0	0
T=2124	183	5	212	0	0
T=2125	183	5	212	0	0
T=2126	183	5	212	0	0
T=2127	183	5	212	0	0
T=2128	183	5	212	0	0
T=2129	183	5	212	0	0
T=2130	183	5	212	0	0
T=2131	183	5	212	0	0
T=2132	182	5	213	0	0
T=2133	182	5	213	0	0
T=2134	182	5	213	0	0
T=2135	182	5	213	0	0
T=2136	182	5	213	0	0
T=2137	182	5	213	0	0
T=2138	182	5	213	0	0
T=2139	182	5	213	0	0
T=2140	182	5	213	0	0
T=2141	182	5	213	0	0
T=2142	181	5	214	0	0
T=2143	181	5	214	0	0
T=2144	181	5	214	0	0
T=2145	181	5	214	0	0
T=2146	181	5	214	0	0
T=2147	181	5	214	0	0
T=2148	181	5	214	0	0
T=2149	181	5	214	0	0
T=2150	181	5	214	0	0
T=2151	181	5	214	0	0
T=2152	180	5	215	0	0
T=2153	180	5	215	0	0
T=2154	180	5	215	0	0
T=2155	180	5	215	0	0
T=2156	180	5	215	0	0
T=2157	180	5	215	0	0
T=2158	180	5	215	0	0
T=2159	180	5	215	0	0
T=2160	180	5	215	0	0
T=2161	180	5	215	0	0
T=2162	179	5	216	0	0
T=2163	179	5	216	0	0
T=2164	179	5	216	0	0
T=2165	179	5	216	0	0
T=2166	179	5	216	0	0
T=2167	179	5	216	0	0
T=2168	179	5	216	0	0
T=2169	179	5	216	0	0
T=2170	179	5	216	0	0
T=2171	179	5	216	0	0
T=2172	178	5	217	0	0
T=2173	178	5	217	0	0
T=2174	178	5	217	0	0
T=2175	178	5	217	0	0
T=2176	178	5	217	0	0
T=2177	178	5	217	0	0
T=2178	178	5	217	0	0
T=2179	178	5	217	0	0
T=2180	178	5	217	0	0
T=2181	178	5	217	0	0
T=2182	177	5	218	0	0
T=2183	177	5	218	0	0
T=2184	177	5	218	0	0
T=2185	177	5	218	0	0
T=2186	177	5	218	0	0
T=2187	177	5	218	0	0
T=2188	177	5	218	0	0
T=2189	177	5	218	0	0
T=2190	177	5	218	0	0
T=2191	177	5	218	0	0
T=2192	176	5	219	0	0
T=2193	176	5	219	0	0
T=2194	176	5	219	0	0
T=2195	176	5	219	0	0
T=2196	176	5	219	0	0
T=2197	176	5	219	0	0
T=2198	176	5	219	0	0
T=2199	176	5	219	0	0
T=2200	176	5	219	0	0
T=2201	176	5	219	0	0
T=2202	175	5	220	0	0
T=2203	175	5	220	0	0
T=2204	175	5	220	0	0
T=2205	175	5	220	0	0
T=2206	175	5	220	0	0
T=2207	175	5	220	0	0
T=2208	175	5	220	0	0
T=2209	175	5	220	0	0
T=2210	175	5	220	0	0
T=2211	175	5	220	0	0
T=2212	174	5	221	0	0
T=2213	174	5	221	0	0
T=2214	174	5	221	0	0
T=2215	174	5	221	0	0
T=2216	174	5	221	0	0
T=2217	174	5	221	0	0
T=2218	174	5	221	0	0
T=2219	174	5	221	0	0
T=2220	174	5	221	0	0
T=2221	174	5	221	0	0
T=2222	173	5	222	0	0
T=2223	173	5	222	0	0
T=2224	173	5	222	0	0
T=2225	173	5	222	0	0
T=2226	173	5	222	0	0
T=2227	173	5	222	0	0
T=2228	173	5	222	0	0
T=2229	173	5	222	0	0
T=2230	173	5	222	0	0
T=2231	173	5	222	0	0
T=2232	172	5	223	0	0
T=2233	172	5	223	0	0
T=2234	172	5	223	0	0
T=2235	172	5	223	0	0
T=2236	172	5	223	0	0
T=2237	172	5	223	0	0
T=2238	172	5	223	0	0
T=2239	172	5	223	0	0
T=2240	172	5	223	0	0
T=2241	172	5	223	0	0
T=2242	171	5	224	0	0
T=2243	171	5	224	0	0
T=2244	171	5	224	0	0
T=2245	171	5	224	0	0
T=2246	171	5	224	0	0
T=2247	171	5	224	0	0
T=2248	171	5	224	0	0
T=2249	171	5	224	0	0
T=2250	171	5	224	0	0
T=2251	171	5	224	0	0
T=2252	170	5	225	0	0
T=2253	170	5	225	0	0
T=2254	170	5	225	0	0
T=2255	170	5	225	0	0
T=2256	170	5	225	0	0
T=2257	170	5	225	0	0
T=2258	170	5	225	0	0
T=2259	170	5	225	0	0
T=2260	170	5	225	0	0
T=2261	170	5	225	0	0
T=2262	169	5	226	0	0
T=2263	169	5	226	0	0
T=2264	169	5	226	0	0
T=2265	169	5	226	0	0
T=2266	169	5	226	0	0
T=2267	169	5	226	0	0
T=2268	169	5	226	0	0
T=2269	169	5	226	0	0
T=2270	169	5	226	0	0
T=2271	169	5	226	0	0
T=2272	168	5	227	0	0
T=2273	168	5	227	0	0
T=2274	168	5	227	0	0
T=2275	168	5	227	0	0
T=2276	168	5	227	0	0
T=2277	168	5	227	0	0
T=2278	168	5	227	0	0
T=2279	168	5	227	0	0
T=2280	168	5	227	0	0
T=2281	168	5	227	0	0
T=2282	167	5	228	0	0
T=2283	167	5	228	0	0
T=2284	167	5	228	0	0
T=2285	167	5	228	0	0
T=2286	167	5	228	0	0
T=2287	167	5	228	0	0
T=2288	167	5	228	0	0
T=2289	167	5	228	0	0
T=2290	167	5	228	0	0
T=2291	167	5	228	0	0
T=2292	166	5	229	0	0
T=2293	166	5	229	0	0
T=2294	166	5	229	0	0
T=2295	166	5	229	0	0
T=2296	166	5	229	0	0
T=2297	166	5	229	0	0
T=2298	166	5	229	0	0
T=2299	166	5	229	0	0
T=2300	166	5	229	0	0
T=2301	166	5	229	0	0
T=2302	165	5	230	0	0
T=2303	165	5	230	0	0
T=2304	165	5	230	0	0
T=2305	165	5	230	0	0
T=2306	165	5	230	0	0
T=2307	165	5	230	0	0
T=2308	165	5	230	0	0
T=2309	165	5	230	0	0
T=2310	165	5	230	0	0
T=2311	165	5	230	0	0
T=2312	164	5	231	0	0
T=2313	164	5	231	0	0
T=2314	164	5	231	0	0
T=2315	164	5	231	0	0
T=2316	164	5	231	0	0
T=2317	164	5	231	0	0
T=2318	164	5	231	0	0
T=2319	164	5	231	0	0
T=2320	164	5	231	0	0
T=2321	164	5	231	0	0
T=2322	163	5	232	0	0
T=2323	163	5	232	0	0
T=2324	163	5	232	0	0
T=2325	163	5	232	0	0
T=2326	163	5	232	0	0
T=2327	163	5	232	0	0
T=2328	163	5	232	0	0
T=2329	163	5	232	0	0
T=2330	163	5	232	0	0
T=2331	163	5	232	0	0
T=2332	162	5	233	0	0
T=2333	162	5	233	0	0
T=2334	162	5	233	0	0
T=2335	162	5	233	0	0
T=2336	162	5	233	0	0
T=2337	162	5	233	0	0
T=2338	162	5	233	0	0
T=2339	162	5	233	0	0
T=2340	162	5	233	0	0
T=2341	162	5	233	0	0
T=2342	161	5	234	0	0
T=2343	161	5	234	0	0
T=2344	161	5	234	0	0
T=2345	161	5	234	0	0
T=2346	161	5	234	0	0
T=2347	161	5	234	0	0
T=2348	161	5	234	0	0
T=2349	161	5	234	0	0
T=2350	161	5	234	0	0
T=2351	161	5	234	0	0
T=2352	160	5	235	0	0
T=2353	160	5	235	0	0
T=2354	160	5	235	0	0
T=2355	160	5	235	0	0
T=2356	160	5	235	0	0
T=2357	160	5	235	0	0
T=2358	160	5	235	0	0
T=2359	160	5	235	0	0
T=2360	160	5	235	0	0
T=2361	160	5	235	0	0
T=2362	159	5	236	0	0
T=2363	159	5	236	0	0
T=2364	159	5	236	0	0
T=2365	159	5	236	0	0
T=2366	159	5	236	0	0
T=2367	159	5	236	0	0
T=2368	159	5	236	0	0
T=2369	159	5	236	0	0
T=2370	159	5	236	0	0
T=2371	159	5	236	0	0
T=2372	158	5	237	0	0
T=2373	158	5	237	0	0
T=2374	158	5	237	0	0
T=2375	158	5	237	0	0
T=2376	158	5	237	0	0
T=2377	158	5	237	0	0
T=2378	158	5	237	0	0
T=2379	158	5	237	0	0
T=2380	158	5	237	0	0
T=2381	158	5	237	0	0
T=2382	157	5	238	0	0
T=2383	157	5	238	0	0
T=2384	157	5	238	0	0
T=2385	157	5	238	0	0
T=2386	157	5	238	0	0
T=2387	157	5	238	0	0
T=2388	157	5	238	0	0
T=2389	157	5	238	0	0
T=2390	157	5	238	0	0
T=2391	157	5	238	0	0
T=2392	156	5	239	0	0
T=2393	156	5	239	0	0
T=2394	156	5	239	0	0
T=2395	156	5	239	0	0
T=2396	156	5	239	0	0
T=2397	156	5	239	0	0
T=2398	156	5	239	0	0
T=2399	156	5	239	0	0
T=2400	156	5	239	0	0
T=2401	156	5	239	0	0
T=2402	155	5	240	0	0
T=2403	155	5	240	0	0
T=2404	155	5	240	0	0
T=2405	155	5	240	0	0
T=2406	155	5	240	0	0
T=2407	155	5	240	0	0
T=2408	155	5	240	0	0
T=2409	155	5	240	0	0
T=2410	155	5	240	0	0
T=2411	155	5	240	0	0
T=2412	154	5	241	0	0
T=2413	154	5	241	0	0
T=2414	154	5	241	0	0
T=2415	154	5	241	0	0
T=2416	154	5	241	0	0
T=2417	154	5	241	0	0
T=2418	154	5	241	0	0
T=2419	154	5	241	0	0
T=2420	154	5	241	0	0
T=2421	154	5	241	0	0
T=2422	153	5	242	0	0
T=2423	153	5	242	0	0
T=2424	153	5	242	0	0
T=2425	153	5	242	0	0
T=2426	153	5	242	0	0
T=2427	153	5	242	0	0
T=2428	153	5	242	0	0
T=2429	153	5	242	0	0
T=2430	153	5	242	0	0
T=2431	153	5	242	0	0
T=2432	152	5	243	0	0
T=2433	152	5	243	0	0
T=2434	152	5	243	0	0
T=2435	152	5	243	0	0
T=2436	152	5	243	0	0
T=2437	152	5	243	0	0
T=2438	152	5	243	0	0
T=2439	152	5	243	0	0
T=2440	152	5	243	0	0
T=2441	152	5	243	0	0
T=2442	151	5	244	0	0
T=2443	151	5	244	0	0
T=2444	151	5	244	0	0
T=2445	151	5	244	0	0
T=2446	151	5	244	0	0
T=2447	151	5	244	0	0
T=2448	151	5	244	0	0
T=2449	151	5	244	0	0
T=2450	151	5	244	0	0
T=2451	151	5	244	0	0
T=2452	150	5	245	0	0
T=2453	150	5	245	0	0
T=2454	150	5	245	0	0
T=2455	150	5	245	0	0
T=2456	150	5	245	0	0
T=2457	150	5	245	0	0
T=2458	150	5	245	0	0
T=2459	150	5	245	0	0
T=2460	150	5	245	0	0
T=2461	150	5	245	0	0
T=2462	149	5	246	0	0
T=2463	149	5	246	0	0
T=2464	149	5	246	0	0
T=2465	149	5	246	0	0
T=2466	149	5	246	0	0
T=2467	149	5	246	0	0
T=2468	149	5	246	0	0
T=2469	149	5	246	0	0
T=2470	149	5	246	0	0
T=2471	149	5	246	0	0
T=2472	148	5	247	0	0
T=2473	148	5	247	0	0
T=2474	148	5	247	0	0
T=2475	148	5	247	0	0
T=2476	148	5	247	0	0
T=2477	148	5	247	0	0
T=2478	148	5	247	0	0
T=2479	148	5	247	0	0
T=2480	148	5	247	0	0
T=2481	148	5	247	0	0
T=2482	147	5	248	0	0
T=2483	147	5	248	0	0
T=2484	147	5	248	0	0
T=2485	147	5	248	0	0
T=2486	147	5	248	0	0
T=2487	147	5	248	0	0
T=2488	147	5	248	0	0
T=2489	147	5	248	0	0
T=2490	147	5	248	0	0
T=2491	147	5	248	0	0
T=2492	146	5	249	0	0
T=2493	146	5	249	0	0
T=2494	146	5	249	0	0
T=2495	146	5	249	0	0
T=2496	146	5	249	0	0
T=2497	146	5	249	0	0
T=2498	146	5	249	0	0
T=2499	146	5	249	0	0
T=2500	146	5	249	0	0
T=2501	146	5	249	0	0
T=2502	145	5	250	0	0
T=2503	145	5	250	0	0
T=2504	145	5	250	0	0
T=2505	145	5	250	0	0
T=2506	145	5	250	0	0
T=2507	145	5	250	0	0
T=2508	145	5	250	0	0
T=2509	145	5	250	0	0
T=2510	145	5	250	0	0
T=2511	145	5	250	0	0
T=2512	144	5	251	0	0
T=2513	144	5	251	0	0
T=2514	144	5	251	0	0
T=2515	144	5	251	0	0
T=2516	144	5	251	0	0
T=2517	144	5	251	0	0
T=2518	144	5	251	0	0
T=2519	144	5	251	0	0
T=2520	144	5	251	0	0
T=2521	144	5	251	0	0
T=2522	143	5	252	0	0
T=2523	143	5	252	0	0
T=2524	143	5	252	0	0
T=2525	143	5	252	0	0
T=2526	143	5	252	0	0
T=2527	143	5	252	0	0
T=2528	143	5	252	0	0
T=2529	143	5	252	0	0
T=2530	143	5	252	0	0
T=2531	143	5	252	0	0
T=2532	142	5	253	0	0
T=2533	142	5	253	0	0
T=2534	142	5	253	0	0
T=2535	142	5	253	0	0
T=2536	142	5	253	0	0
T=2537	142	5	253	0	0
T=2538	142	5	253	0	0
T=2539	142	5	253	0	0
T=2540	142	5	253	0	0
T=2541	142	5	253	0	0
T=2542	141	5	254	0	0
T=2543	141	5	254	0	0
T=2544	141	5	254	0	0
T=2545	141	5	254	0	0
T=2546	141	5	254	0	0
T=2547	141	5	254	0	0
T=2548	141	5	254	0	0
T=2549	141	5	254	0	0
T=2550	141	5	254	0	0
T=2551	141	5	254	0	0
T=2552	140	5	255	0	0
T=2553	140	5	255	0	0
T=2554	140	5	255	0	0
T=2555	140	5	255	0	0
T=2556	140	5	255	0	0
T=2557	140	5	255	0	0
T=2558	140	5	255	0	0
T=2559	140	5	255	0	0
T=2560	140	5	255	0	0
T=2561	140	5	255	0	0
T=2562	139	5	256	0	0
T=2563	139	5	256	0	0
T=2564	139	5	256	0	0
T=2565	139	5	256	0	0
T=2566	139	5	256	0	0
T=2567	139	5	256	0	0
T=2568	139	5	256	0	0
T=2569	139	5	256	0	0
T=2570	139	5	256	0	0
T=2571	139	5	256	0	0
T=2572	138	5	257	0	0
T=2573	138	5	257	0	0
T=2574	138	5	257	0	0
T=2575	138	5	257	0	0
T=2576	138	5	257	0	0
T=2577	138	5	257	0	0
T=2578	138	5	257	0	0
T=2579	138	5	257	0	0
T=2580	138	5	257	0	0
T=2581	138	5	257	0	0
T=2582	137	5	258	0	0
T=2583	137	5	258	0	0
T=2584	137	5	258	0	0
T=2585	137	5	258	0	0
T=2586	137	5	258	0	0
T=2587	137	5	258	0	0
T=2588	137	5	258	0	0
T=2589	137	5	258	0	0
T=2590	137	5	258	0	0
T=2591	137	5	258	0	0
T=2592	136	5	259	0	0
T=2593	136	5	259	0	0
T=2594	136	5	259	0	0
T=2595	136	5	259	0	0
T=2596	136	5	259	0	0
T=2597	136	5	259	0	0
T=2598	136	5	259	0	0
T=2599	136	5	259	0	0
T=2600	136	5	259	0	0
T=2601	136	5	259	0	0
T=2602	135	5	260	0	0
T=2603	135	5	260	0	0
T=2604	135	5	260	0	0
T=2605	135	5	260	0	0
T=2606	135	5	260	0	0
T=2607	135	5	260	0	0
T=2608	135	5	260	0	0
T=2609	135	5	260	0	0
T=2610	135	5	260	0	0
T=2611	135	5	260	0	0
T=2612	134	5	261	0	0
T=2613	134	5	261	0	0
T=2614	134	5	261	0	0
T=2615	134	5	261	0	0
T=2616	134	5	261	0	0
T=2617	134	5	261	0	0
T=2618	134	5	261	0	0
T=2619	134	5	261	0	0
T=2620	134	5	261	0	0
T=2621	134	5	261	0	0
T=2622	133	5	262	0	0
T=2623	133	5	262	0	0
T=2624	133	5	262	0	0
T=2625	133	5	262	0	0
T=2626	133	5	262	0	0
T=2627	133	5	262	0	0
T=2628	133	5	262	0	0
T=2629	133	5	262	0	0
T=2630	133	5	262	0	0
T=2631	133	5	262	0	0
T=2632	132	5	263	0	0
T=2633	132	5	263	0	0
T=2634	132	5	263	0	0
T=2635	132	5	263	0	0
T=2636	132	5	263	0	0
T=2637	132	5	263	0	0
T=2638	132	5	263	0	0
T=2639	132	5	263	0	0
T=2640	132	5	263	0	0
T=2641	132	5	263	0	0
T=2642	131	5	264	0	0
T=2643	131	5	264	0	0
T=2644	131	5	264	0	0
T=2645	131	5	264	0	0
T=2646	131	5	264	0	0
T=2647	131	5	264	0	0
T=2648	131	5	264	0	0
T=2649	131	5	264	0	0
T=2650	131	5	264	0	0
T=2651	131	5	264	0	0
T=2652	130	5	265	0	0
T=2653	130	5	265	0	0
T=2654	130	5	265	0	0
T=2655	130	5	265	0	0
T=2656	130	5	265	0	0
T=2657	130	5	265	0	0
T=2658	130	5	265	0	0
T=2659	130	5	265	0	0
T=2660	130	5	265	0	0
T=2661	130	5	265	0	0
T=2662	129	5	266	0	0
T=2663	129	5	266	0	0
T=2664	129	5	266	0	0
T=2665	129	5	266	0	0
T=2666	129	5	266	0	0
T=2667	129	5	266	0	0
T=2668	129	5	266	0	0
T=2669	129	5	266	0	0
T=2670	129	5	266	0	0
T=2671	129	5	266	0	0
T=2672	128	5	267	0	0
T=2673	128	5	267	0	0
T=2674	128	5	267	0	0
T=2675	128	5	267	0	0
T=2676	128	5	267	0	0
T=2677	128	5	267	0	0
T=2678	128	5	267	0	0
T=2679	128	5	267	0	0
T=2680	128	5	267	0	0
T=2681	128	5	267	0	0
T=2682	127	5	268	0	0
T=2683	127	5	268	0	0
T=2684	127	5	268	0	0
T=2685	127	5	268	0	0
T=2686	127	5	268	0	0
T=2687	127	5	268	0	0
T=2688	127	5	268	0	0
T=2689	127	5	268	0	0
T=2690	127	5	268	0	0
T=2691	127	5	268	0	0
T=2692	126	5	269	0	0
T=2693	126	5	269	0	0
T=2694	126	5	269	0	0
T=2695	126	5	269	0	0
T=2696	126	5	269	0	0
T=2697	126	5	269	0	0
T=2698	126	5	269	0	0
T=2699	126	5	269	0	0
T=2700	126	5	269	0	0
T=2701	126	5	269	0	0
T=2702	125	5	270	0	0
T=2703	125	5	270	0	0
T=2704	125	5	270	0	0
T=2705	125	5	270	0	0
T=2706	125	5	270	0	0
T=2707	125	5	270	0	0
T=2708	125	5	270	0	0
T=2709	125	5	270	0	0
T=2710	125	5	270	0	0
T=2711	125	5	270	0	0
T=2712	124	5	271	0	0
T=2713	124	5	271	0	0
T=2714	124	5	271	0	0
T=2715	124	5	271	0	0
T=2716	124	5	271	0	0
T=2717	124	5	271	0	0
T=2718	124	5	271	0	0
T=2719	124	5	271	0	0
T=2720	124	5	271	0	0
T=2721	124	5	271	0	0
T=2722	123	5	272	0	0
T=2723	123	5	272	0	0
T=2724	123	5	272	0	0
T=2725	123	5	272	0	0
T=2726	123	5	272	0	0
T=2727	123	5	272	0	0
T=2728	123	5	272	0	0
T=2729	123	5	272	0	0
T=2730	123	5	272	0	0
T=2731	123	5	272	0	0
T=2732	122	5	273	0	0
T=2733	122	5	273	0	0
T=2734	122	5	273	0	0
T=2735	122	5	273	0	0
T=2736	122	5	273	0	0
T=2737	122	5	273	0	0
T=2738	122	5	273	0	0
T=2739	122	5	273	0	0
T=2740	122	5	273	0	0
T=2741	122	5	273	0	0
T=2742	121	5	274	0	0
T=2743	121	5	274	0	0
T=2744	121	5	274	0	0
T=2745	121	5	274	0	0
T=2746	121	5	274	0	0
T=2747	121	5	274	0	0
T=2748	121	5	274	0	0
T=2749	121	5	274	0	0
T=2750	121	5	274	0	0
T=2751	121	5	274	0	0
T=2752	120	5	275	0	0
T=2753	120	5	275	0	0
T=2754	120	5	275	0	0
T=2755	120	5	275	0	0
T=2756	120	5	275	0	0
T=2757	120	5	275	0	0
T=2758	120	5	275	0	0
T=2759	120	5	275	0	0
T=2760	120	5	275	0	0
T=2761	120	5	275	0	0
T=2762	119	5	276	0	0
T=2763	119	5	276	0	0
T=2764	119	5	276	0	0
T=2765	119	5	276	0	0
T=2766	119	5	276	0	0
T=2767	119	5	276	0	0
T=2768	119	5	276	0	0
T=2769	119	5	276	0	0
T=2770	119	5	276	0	0
T=2771	119	5	276	0	0
T=2772	118	5	277	0	0
T=2773	118	5	277	0	0
T=2774	118	5	277	0	0
T=2775	118	5	277	0	0
T=2776	118	5	277	0	0
T=2777	118	5	277	0	0
T=2778	118	5	277	0	0
T=2779	118	5	277	0	0
T=2780	118	5	277	0	0
T=2781	118	5	277	0	0
T=2782	117	5	278	0	0
T=2783	117	5	278	0	0
T=2784	117	5	278	0	0
T=2785	117	5	278	0	0
T=2786	117	5	278	0	0
T=2787	117	5	278	0	0
T=2788	117	5	278	0	0
T=2789	117	5	278	0	0
T=2790	117	5	278	0	0
T=2791	117	5	278	0	0
T=2792	116	5	279	0	0
T=2793	116	5	279	0	0
T=2794	116	5	279	0	0
T=2795	116	5	279	0	0
T=2796	116	5	279	0	0
T=2797	116	5	279	0	0
T=2798	116	5	279	0	0
T=2799	116	5	279	0	0
T=2800	116	5	279	0	0
T=2801	116	5	279	0	0
T=2802	115	5	280	0	0
T=2803	115	5	280	0	0
T=2804	115	5	280	0	0
T=2805	115	5	280	0	0
T=2806	115	5	280	0	0
T=2807	115	5	280	0	0
T=2808	115	5	280	0	0
T=2809	115	5	280	0	0
T=2810	115	5	280	0	0
T=2811	115	5	280	0	0
T=2812	114	5	281	0	0
T=2813	114	5	281	0	0
T=2814	114	5	281	0	0
T=2815	114	5	281	0	0
T=2816	114	5	281	0	0
T=2817	114	5	281	0	0
T=2818	114	5	281	0	0
T=2819	114	5	281	0	0
T=2820	114	5	281	0	0
T=2821	114	5	281	0	0
T=2822	113	5	282	0	0
T=2823	113	5	282	0	0
T=2824	113	5	282	0	0
T=2825	113	5	282	0	0
T=2826	113	5	282	0	0
T=2827	113	5	282	0	0
T=2828	113	5	282	0	0
T=2829	113	5	282	0	0
T=2830	113	5	282	0	0
T=2831	113	5	282	0	0
T=2832	112	5	283	0	0
T=2833	112	5	283	0	0
T=2834	112	5	283	0	0
T=2835	112	5	283	0	0
T=2836	112	5	283	0	0
T=2837	112	5	283	0	0
T=2838	112	5	283	0	0
T=2839	112	5	283	0	0
T=2840	112	5	283	0	0
T=2841	112	5	283	0	0
T=2842	111	5	284	0	0
T=2843	111	5	284	0	0
T=2844	111	5	284	0	0
T=2845	111	5	284	0	0
T=2846	111	5	284	0	0
T=2847	111	5	284	0	0
T=2848	111	5	284	0	0
T=2849	111	5	284	0	0
T=2850	111	5	284	0	0
T=2851	111	5	284	0	0
T=2852	110	5	285	0	0
T=2853	110	5	285	0	0
T=2854	110	5	285	0	0
T=2855	110	5	285	0	0
T=2856	110	5	285	0	0
T=2857	110	5	285	0	0
T=2858	110	5	285	0	0
T=2859	110	5	285	0	0
T=2860	110	5	285	0	0
T=2861	110	5	285	0	0
T=2862	109	5	286	0	0
T=2863	109	5	286	0	0
T=2864	109	5	286	0	0
T=2865	109	5	286	0	0
T=2866	109	5	286	0	0
T=2867	109	5	286	0	0
T=2868	109	5	286	0	0
T=2869	109	5	286	0	0
T=2870	109	5	286	0	0
T=2871	109	5	286	0	0
T=2872	108	5	287	0	0
T=2873	108	5	287	0	0
T=2874	108	5	287	0	0
T=2875	108	5	287	0	0
T=2876	108	5	287	0	0
T=2877	108	5	287	0	0
T=2878	108	5	287	0	0
T=2879	108	5	287	0	0
T=2880	108	5	287	0	0
T=2881	108	5	287	0	0
T=2882	107	5	288	0	0
T=2883	107	5	288	0	0
T=2884	107	5	288	0	0
T=2885	107	5	288	0	0
T=2886	107	5	288	0	0
T=2887	107	5	288	0	0
T=2888	107	5	288	0	0
T=2889	107	5	288	0	0
T=2890	107	5	288	0	0
T=2891	107	5	288	0	0
T=2892	106	5	289	0	0
T=2893	106	5	289	0	0
T=2894	106	5	289	0	0
T=2895	106	5	289	0	0
T=2896	106	5	289	0	0
T=2897	106	5	289	0	0
T=2898	106	5	289	0	0
T=2899	106	5	289	0	0
T=2900	106	5	289	0	0
T=2901	106	5	289	0	0
T=2902	105	5	290	0	0
T=2903	105	5	290	0	0
T=2904	105	5	290	0	0
T=2905	105	5	290	0	0
T=2906	105	5	290	0	0
T=2907	105	5	290	0	0
T=2908	105	5	290	0	0
T=2909	105	5	290	0	0
T=2910	105	5	290	0	0
T=2911	105	5	290	0	0
T=2912	104	5	291	0	0
T=2913	104	5	291	0	0
T=2914	104	5	291	0	0
T=2915	104	5	291	0	0
T=2916	104	5	291	0	0
T=2917	104	5	291	0	0
T=2918	104	5	291	0	0
T=2919	104	5	291	0	0
T=2920	104	5	291	0	0
T=2921	104	5	291	0	0
T=2922	103	5	292	0	0
T=2923	103	5	292	0	0
T=2924	103	5	292	0	0
T=2925	103	5	292	0	0
T=2926	103	5	292	0	0
T=2927	103	5	292	0	0
T=2928	103	5	292	0	0
T=2929	103	5	292	0	0
T=2930	103	5	292	0	0
T=2931	103	5	292	0	0
T=2932	102	5	293	0	0
T=2933	102	5	293	0	0
T=2934	102	5	293	0	0
T=2935	102	5	293	0	0
T=2936	102	5	293	0	0
T=2937	102	5	293	0	0
T=2938	102	5	293	0	0
T=2939	102	5	293	0	0
T=2940	102	5	293	0	0
T=2941	102	5	293	0	0
T=2942	101	5	294	0	0
T=2943	101	5	294	0	0
T=2944	101	5	294	0	0
T=2945	101	5	294	0	0
T=2946	101	5	294	0	0
T=2947	101	5	294	0	0
T=2948	101	5	294	0	0
T=2949	101	5	294	0	0
T=2950	101	5	294	0	0
T=2951	101	5	294	0	0
T=2952	100	5	295	0	0
T=2953	100	5	295	0	0
T=2954	100	5	295	0	0
T=2955	100	5	295	0	0
T=2956	100	5	295	0	0
T=2957	100	5	295	0	0
T=2958	100	5	295	0	0
T=2959	100	5	295	0	0
T=2960	100	5	295	0	0
T=2961	100	5	295	0	0
T=2962	99	5	296	0	0
T=2963	99	5	296	0	0
T=2964	99	5	296	0	0
T=2965	99	5	296	0	0
T=2966	99	5	296	0	0
T=2967	99	5	296	0	0
T=2968	99	5	296	0	0
T=2969	99	5	296	0	0
T=2970	99	5	296	0	0
T=2971	99	5	296	0	0
T=2972	98	5	297	0	0
T=2973	98	5	297	0	0
T=2974	98	5	297	0	0
T=2975	98	5	297	0	0
T=2976	98	5	297	0	0
T=2977	98	5	297	0	0
T=2978	98	5	297	0	0
T=2979	98	5	297	0	0
T=2980	98	5	297	0	0
T=2981	98	5	297	0	0
T=2982	97	5	298	0	0
T=2983	97	5	298	0	0
T=2984	97	5	298	0	0
T=2985	97	5	298	0	0
T=2986	97	5	298	0	0
T=2987	97	5	298	0	0
T=2988	97	5	298	0	0
T=2989	97	5	298	0	0
T=2990	97	5	298	0	0
T=2991	97	5	298	0	0
T=2992	96	5	299	0	0
T=2993	96	5	299	0	0
T=2994	96	5	299	0	0
T=2995	96	5	299	0	0
T=2996	96	5	299	0	0
T=2997	96	5	299	0	0
T=2998	96	5	299	0	0
T=2999	96	5	299	0	0
T=3000	96	5	299	0	0
T=3001	96	5	299	0	0
T=3002	95	5	300	0	0
T=3003	95	5	300	0	0
T=3004	95	5	300	0	0
T=3005	95	5	300	0	0
T=3006	95	5	300	0	0
T=3007	95	5	300	0	0
T=3008	95	5	300	0	0
T=3009	95	5	300	0	0
T=3010	95	5	300	0	0
T=3011	95	5	300	0	0
T=3012	94	5	301	0	0
T=3013	94	5	301	0	0
T=3014	94	5	301	0	0
T=3015	94	5	301	0	0
T=3016	94	5	301	0	0
T=3017	94	5	301	0	0
T=3018	94	5	301	0	0
T=3019	94	5	301	0	0
T=3020	94	5	301	0	0
T=3021	94	5	301	0	0
T=3022	93	5	302	0	0
T=3023	93	5	302	0	0
T=3024	93	5	302	0	0
T=3025	93	5	302	0	0
T=3026	93	5	302	0	0
T=3027	93	5	302	0	0
T=3028	93	5	302	0	0
T=3029	93	5	302	0	0
T=3030	93	5	302	0	0
T=3031	93	5	302	0	0
T=3032	92	5	303	0	0
T=3033	92	5	303	0	0
T=3034	92	5	303	0	0
T=3035	92	5	303	0	0
T=3036	92	5	303	0	0
T=3037	92	5	303	0	0
T=3038	92	5	303	0	0
T=3039	92	5	303	0	0
T=3040	92	5	303	0	0
T=3041	92	5	303	0	0
T=3042	91	5	304	0	0
T=3043	91	5	304	0	0
T=3044	91	5	304	0	0
T=3045	91	5	304	0	0
T=3046	91	5	304	0	0
T=3047	91	5	304	0	0
T=3048	91	5	304	0	0
T=3049	91	5	304	0	0
T=3050	91	5	304	0	0
T=3051	91	5	304	0	0
T=3052	90	5	305	0	0
T=3053	90	5	305	0	0
T=3054	90	5	305	0	0
T=3055	90	5	305	0	0
T=3056	90	5	305	0	0
T=3057	90	5	305	0	0
T=3058	90	5	305	0	0
T=3059	90	5	305	0	0
T=3060	90	5	305	0	0
T=3061	90	5	305	0	0
T=3062	89	5	306	0	0
T=3063	89	5	306	0	0
T=3064	89	5	306	0	0
T=3065	89	5	306	0	0
T=3066	89	5	306	0	0
T=3067	89	5	306	0	0
T=3068	89	5	306	0	0
T=3069	89	5	306	0	0
T=3070	89	5	306	0	0
T=3071	89	5	306	0	0
T=3072	88	5	307	0	0
T=3073	88	5	307	0	0
T=3074	88	5	307	0	0
T=3075	88	5	307	0	0
T=3076	88	5	307	0	0
T=3077	88	5	307	0	0
T=3078	88	5	307	0	0
T=3079	88	5	307	0	0
T=3080	88	5	307	0	0
T=3081	88	5	307	0	0
T=3082	87	5	308	0	0
T=3083	87	5	308	0	0
T=3084	87	5	308	0	0
T=3085	87	5	308	0	0
T=3086	87	5	308	0	0
T=3087	87	5	308	0	0
T=3088	87	5	308	0	0
T=3089	87	5	308	0	0
T=3090	87	5	308	0	0
T=3091	87	5	308	0	0
T=3092	86	5	309	0	0
T=3093	86	5	309	0	0
T=3094	86	5	309	0	0
T=3095	86	5	309	0	0
T=3096	86	5	309	0	0
T=3097	86	5	309	0	0
T=3098	86	5	309	0	0
T=3099	86	5	309	0	0
T=3100	86	5	309	0	0
T=3101	86	5	309	0	0
T=3102	85	5	310	0	0
T=3103	85	5	310	0	0
T=3104	85	5	310	0	0
T=3105	85	5	310	0	0
T=3106	85	5	310	0	0
T=3107	85	5	310	0	0
T=3108	85	5	310	0	0
T=3109	85	5	310	0	0
T=3110	85	5	310	0	0
T=3111	85	5	310	0	0
T=3112	84	5	311	0	0
T=3113	84	5	311	0	0
T=3114	84	5	311	0	0
T=3115	84	5	311	0	0
T=3116	84	5	311	0	0
T=3117	84	5	311	0	0
T=3118	84	5	311	0	0
T=3119	84	5	311	0	0
T=3120	84	5	311	0	0
T=3121	84	5	311	0	0
T=3122	83	5	312	0	0
T=3123	83	5	312	0	0
T=3124	83	5	312	0	0
T=3125	83	5	312	0	0
T=3126	83	5	312	0	0
T=3127	83	5	312	0	0
T=3128	83	5	312	0	0
T=3129	83	5	312	0	0
T=3130	83	5	312	0	0
T=3131	83	5	312	0	0
T=3132	82	5	313	0	0
T=3133	82	5	313	0	0
T=3134	82	5	313	0	0
T=3135	82	5	313	0	0
T=3136	82	5	313	0	0
T=3137	82	5	313	0	0
T=3138	82	5	313	0	0
T=3139	82	5	313	0	0
T=3140	82	5	313	0	0
T=3141	82	5	313	0	0
T=3142	81	5	314	0	0
T=3143	81	5	314	0	0
T=3144	81	5	314	0	0
T=3145	81	5	314	0	0
T=3146	81	5	314	0	0
T=3147	81	5	314	0	0
T=3148	81	5	314	0	0
T=3149	81	5	314	0	0
T=3150	81	5	314	0	0
T=3151	81	5	314	0	0
T=3152	80	5	315	0	0
T=3153	80	5	315	0	0
T=3154	80	5	315	0	0
T=3155	80	5	315	0	0
T=3156	80	5	315	0	0
T=3157	80	5	315	0	0
T=3158	80	5	315	0	0
T=3159	80	5	315	0	0
T=3160	80	5	315	0	0
T=3161	80	5	315	0	0
T=3162	79	5	316	0	0
T=3163	79	5	316	0	0
T=3164	79	5	316	0	0
T=3165	79	5	316	0	0
T=3166	79	5	316	0	0
T=3167	79	5	316	0	0
T=3168	79	5	316	0	0
T=3169	79	5	316	0	0
T=3170	79	5	316	0	0
T=3171	79	5	316	0	0
T=3172	78	5	317	0	0
T=3173	78	5	317	0	0
T=3174	78	5	317	0	0
T=3175	78	5	317	0	0
T=3176	78	5	317	0	0
T=3177	78	5	317	0	0
T=3178	78	5	317	0	0
T=3179	78	5	317	0	0
T=3180	78	5	317	0	0
T=3181	78	5	317	0	0
T=3182	77	5	318	0	0
T=3183	77	5	318	0	0
T=3184	77	5	318	0	0
T=3185	77	5	318	0	0
T=3186	77	5	318	0	0
T=3187	77	5	318	0	0
T=3188	77	5	318	0	0
T=3189	77	5	318	0	0
T=3190	77	5	318	0	0
T=3191	77	5	318	0	0
T=3192	76	5	319	0	0
T=3193	76	5	319	0	0
T=3194	76	5	319	0	0
T=3195	76	5	319	0	0
T=3196	76	5	319	0	0
T=3197	76	5	319	0	0
T=3198	76	5	319	0	0
T=3199	76	5	319	0	0
T=3200	76	5	319	0	0
T=3201	76	5	319	0	0
T=3202	75	5	320	0	0
T=3203	75	5	320	0	0
T=3204	75	5	320	0	0
T=3205	75	5	320	0	0
T=3206	75	5	320	0	0
T=3207	75	5	320	0	0
T=3208	75	5	320	0	0
T=3209	75	5	320	0	0
T=3210	75	5	320	0	0
T=3211	75	5	320	0	0
T=3212	74	5	321	0	0
T=3213	74	5	321	0	0
T=3214	74	5	321	0	0
T=3215	74	5	321	0	0
T=3216	74	5	321	0	0
T=3217	74	5	321	0	0
T=3218	74	5	321	0	0
T=3219	74	5	321	0	0
T=3220	74	5	321	0	0
T=3221	74	5	321	0	0
T=3222	73	5	322	0	0
T=3223	73	5	322	0	0
T=3224	73	5	322	0	0
T=3225	73	5	322	0	0
T=3226	73	5	322	0	0
T=3227	73	5	322	0	0
T=3228	73	5	322	0	0
T=3229	73	5	322	0	0
T=3230	73	5	322	0	0
T=3231	73	5	322	0	0
T=3232	72	5	323	0	0
T=3233	72	5	323	0	0
T=3234	72	5	323	0	0
T=3235	72	5	323	0	0
T=3236	72	5	323	0	0
T=3237	72	5	323	0	0
T=3238	72	5	323	0	0
T=3239	72	5	323	0	0
T=3240	72	5	323	0	0
T=3241	72	5	323	0	0
T=3242	71	5	324	0	0
T=3243	71	5	324	0	0
T=3244	71	5	324	0	0
T=3245	71	5	324	0	0
T=3246	71	5	324	0	0
T=3247	71	5	324	0	0
T=3248	71	5	324	0	0
T=3249	71	5	324	0	0
T=3250	71	5	324	0	0
T=3251	71	5	324	0	0
T=3252	70	5	325	0	0
T=3253	70	5	325	0	0
T=3254	70	5	325	0	0
T=3255	70	5	325	0	0
T=3256	70	5	325	0	0
T=3257	70	5	325	0	0
T=3258	70	5	325	0	0
T=3259	70	5	325	0	0
T=3260	70	5	325	0	0
T=3261	70	5	325	0	0
T=3262	69	5	326	0	0
T=3263	69	5	326	0	0
T=3264	69	5	326	0	0
T=3265	69	5	326	0	0
T=3266	69	5	326	0	0
T=3267	69	5	326	0	0
T=3268	69	5	326	0	0
T=3269	69	5	326	0	0
T=3270	69	5	326	0	0
T=3271	69	5	326	0	0
T=3272	68	5	327	0	0
T=3273	68	5	327	0	0
T=3274	68	5	327	0	0
T=3275	68	5	327	0	0
T=3276	68	5	327	0	0
T=3277	68	5	327	0	0
T=3278	68	5	327	0	0
T=3279	68	5	327	0	0
T=3280	68	5	327	0	0
T=3281	68	5	327	0	0
T=3282	67	5	328	0	0
T=3283	67	5	328	0	0
T=3284	67	5	328	0	0
T=3285	67	5	328	0	0
T=3286	67	5	328	0	0
T=3287	67	5	328	0	0
T=3288	67	5	328	0	0
T=3289	67	5	328	0	0
T=3290	67	5	328	0	0
T=3291	67	5	328	0	0
T=3292	66	5	329	0	0
T=3293	66	5	329	0	0
T=3294	66	5	329	0	0
T=3295	66	5	329	0	0
T=3296	66	5	329	0	0
T=3297	66	5	329	0	0
T=3298	66	5	329	0	0
T=3299	66	5	329	0	0
T=3300	66	5	329	0	0
T=3301	66	5	329	0	0
T=3302	65	5	330	0	0
T=3303	65	5	330	0	0
T=3304	65	5	330	0	0
T=3305	65	5	330	0	0
T=3306	65	5	330	0	0
T=3307	65	5	330	0	0
T=3308	65	5	330	0	0
T=3309	65	5	330	0	0
T=3310	65	5	330	0	0
T=3311	65	5	330	0	0
T=3312	64	5	331	0	0
T=3313	64	5	331	0	0
T=3314	64	5	331	0	0
T=3315	64	5	331	0	0
T=3316	64	5	331	0	0
T=3317	64	5	331	0	0
T=3318	64	5	331	0	0
T=3319	64	5	331	0	0
T=3320	64	5	331	0	0
T=3321	64	5	331	0	0
T=3322	63	5	332	0	0
T=3323	63	5	332	0	0
T=3324	63	5	332	0	0
T=3325	63	5	332	0	0
T=3326	63	5	332	0	0
T=3327	63	5	332	0	0
T=3328	63	5	332	0	0
T=3329	63	5	332	0	0
T=3330	63	5	332	0	0
T=3331	63	5	332	0	0
T=3332	62	5	333	0	0
T=3333	62	5	333	0	0
T=3334	62	5	333	0	0
T=3335	62	5	333	0	0
T=3336	62	5	333	0	0
T=3337	62	5	333	0	0
T=3338	62	5	333	0	0
T=3339	62	5	333	0	0
T=3340	62	5	333	0	0
T=3341	62	5	333	0	0
T=3342	61	5	334	0	0
T=3343	61	5	334	0	0
T=3344	61	5	334	0	0
T=3345	61	5	334	0	0
T=3346	61	5	334	0	0
T=3347	61	5	334	0	0
T=3348	61	5	334	0	0
T=3349	61	5	334	0	0
T=3350	61	5	334	0	0
T=3351	61	5	334	0	0
T=3352	60	5	335	0	0
T=3353	60	5	335	0	0
T=3354	60	5	335	0	0
T=3355	60	5	335	0	0
T=3356	60	5	335	0	0
T=3357	60	5	335	0	0
T=3358	60	5	335	0	0
T=3359	60	5	335	0	0
T=3360	60	5	335	0	0
T=3361	60	5	335	0	0
T=3362	59	5	336	0	0
T=3363	59	5	336	0	0
T=3364	59	5	336	0	0
T=3365	59	5	336	0	0
T=3366	59	5	336	0	0
T=3367	59	5	336	0	0
T=3368	59	5	336	0	0
T=3369	59	5	336	0	0
T=3370	59	5	336	0	0
T=3371	59	5	336	0	0
T=3372	58	5	337	0	0
T=3373	58	5	337	0	0
T=3374	58	5	337	0	0
T=3375	58	5	337	0	0
T=3376	58	5	337	0	0
T=3377	58	5	337	0	0
T=3378	58	5	337	0	0
T=3379	58	5	337	0	0
T=3380	58	5	337	0	0
T=3381	58	5	337	0	0
T=3382	57	5	338	0	0
T=3383	57	5	338	0	0
T=3384	57	5	338	0	0
T=3385	57	5	338	0	0
T=3386	57	5	338	0	0
T=3387	57	5	338	0	0
T=3388	57	5	338	0	0
T=3389	57	5	338	0	0
T=3390	57	5	338	0	0
T=3391	57	5	338	0	0
T=3392	56	5	339	0	0
T=3393	56	5	339	0	0
T=3394	56	5	339	0	0
T=3395	56	5	339	0	0
T=3396	56	5	339	0	0
T=3397	56	5	339	0	0
T=3398	56	5	339	0	0
T=3399	56	5	339	0	0
T=3400	56	5	339	0	0
T=3401	56	5	339	0	0
T=3402	55	5	340	0	0
T=3403	55	5	340	0	0
T=3404	55	5	340	0	0
T=3405	55	5	340	0	0
T=3406	55	5	340	0	0
T=3407	55	5	340	0	0
T=3408	55	5	340	0	0
T=3409	55	5	340	0	0
T=3410	55	5	340	0	0
T=3411	55	5	340	0	0
T=3412	54	5	341	0	0
T=3413	54	5	341	0	0
T=3414	54	5	341	0	0
T=3415	54	5	341	0	0
T=3416	54	5	341	0	0
T=3417	54	5	341	0	0
T=3418	54	5	341	0	0
T=3419	54	5	341	0	0
T=3420	54	5	341	0	0
T=3421	54	5	341	0	0
T=3422	53	5	342	0	0
T=3423	53	5	342	0	0
T=3424	53	5	342	0	0
T=3425	53	5	342	0	0
T=3426	53	5	342	0	0
T=3427	53	5	342	0	0
T=3428	53	5	342	0	0
T=3429	53	5	342	0	0
T=3430	53	5	342	0	0
T=3431	53	5	342	0	0
T=3432	52	5	343	0	0
T=3433	52	5	343	0	0
T=3434	52	5	343	0	0
T=3435	52	5	343	0	0
T=3436	52	5	343	0	0
T=3437	52	5	343	0	0
T=3438	52	5	343	0	0
T=3439	52	5	343	0	0
T=3440	52	5	343	0	0
T=3441	52	5	343	0	0
T=3442	51	5	344	0	0
T=3443	51	5	344	0	0
T=3444	51	5	344	0	0
T=3445	51	5	344	0	0
T=3446	51	5	344	0	0
T=3447	51	5	344	0	0
T=3448	51	5	344	0	0
T=3449	51	5	344	0	0
T=3450	51	5	344	0	0
T=3451	51	5	344	0	0
T=3452	50	5	345	0	0
T=3453	50	5	345	0	0
T=3454	50	5	345	0	0
T=3455	50	5	345	0	0
T=3456	50	5	345	0	0
T=3457	50	5	345	0	0
T=3458	50	5	345	0	0
T=3459	50	5	345	0	0
T=3460	50	5	345	0	0
T=3461	50	5	345	0	0
T=3462	49	5	346	0	0
T=3463	49	5	346	0	0
T=3464	49	5	346	0	0
T=3465	49	5	346	0	0
T=3466	49	5	346	0	0
T=3467	49	5	346	0	0
T=3468	49	5	346	0	0
T=3469	49	5	346	0	0
T=3470	49	5	346	0	0
T=3471	49	5	346	0	0
T=3472	48	5	347	0	0
T=3473	48	5	347	0	0
T=3474	48	5	347	0	0
T=3475	48	5	347	0	0
T=3476	48	5	347	0	0
T=3477	48	5	347	0	0
T=3478	48	5	347	0	0
T=3479	48	5	347	0	0
T=3480	48	5	347	0	0
T=3481	48	5	347	0	0
T=3482	47	5	348	0	0
T=3483	47	5	348	0	0
T=3484	47	5	348	0	0
T=3485	47	5	348	0	0
T=3486	47	5	348	0	0
T=3487	47	5	348	0	0
T=3488	47	5	348	0	0
T=3489	47	5	348	0	0
T=3490	47	5	348	0	0
T=3491	47	5	348	0	0
T=3492	46	5	349	0	0
T=3493	46	5	349	0	0
T=3494	46	5	349	0	0
T=3495	46	5	349	0	0
T=3496	46	5	349	0	0
T=3497	46	5	349	0	0
T=3498	46	5	349	0	0
T=3499	46	5	349	0	0
T=3500	46	5	349	0	0
T=3501	46	5	349	0	0
T=3502	45	5	350	0	0
T=3503	45	5	350	0	0
T=3504	45	5	350	0	0
T=3505	45	5	350	0	0
T=3506	45	5	350	0	0
T=3507	45	5	350	0	0
T=3508	45	5	350	0	0
T=3509	45	5	350	0	0
T=3510	45	5	350	0	0
T=3511	45	5	350	0	0
T=3512	44	5	351	0	0
T=3513	44	5	351	0	0
T=3514	44	5	351	0	0
T=3515	44	5	351	0	0
T=3516	44	5	351	0	0
T=3517	44	5	351	0	0
T=3518	44	5	351	0	0
T=3519	44	5	351	0	0
T=3520	44	5	351	0	0
T=3521	44	5	351	0	0
T=3522	43	5	352	0	0
T=3523	43	5	352	0	0
T=3524	43	5	352	0	0
T=3525	43	5	352	0	0
T=3526	43	5	352	0	0
T=3527	43	5	352	0	0
T=3528	43	5	352	0	0
T=3529	43	5	352	0	0
T=3530	43	5	352	0	0
T=3531	43	5	352	0	0
T=3532	42	5	353	0	0
T=3533	42	5	353	0	0
T=3534	42	5	353	0	0
T=3535	42	5	353	0	0
T=3536	42	5	353	0	0
T=3537	42	5	353	0	0
T=3538	42	5	353	0	0
T=3539	42	5	353	0	0
T=3540	42	5	353	0	0
T=3541	42	5	353	0	0
T=3542	41	5	354	0	0
T=3543	41	5	354	0	0
T=3544	41	5	354	0	0
T=3545	41	5	354	0	0
T=3546	41	5	354	0	0
T=3547	41	5	354	0	0
T=3548	41	5	354	0	0
T=3549	41	5	354	0	0
T=3550	41	5	354	0	0
T=3551	41	5	354	0	0
T=3552	40	5	355	0	0
T=3553	40	5	355	0	0
T=3554	40	5	355	0	0
T=3555	40	5	355	0	0
T=3556	40	5	355	0	0
T=3557	40	5	355	0	0
T=3558	40	5	355	0	0
T=3559	40	5	355	0	0
T=3560	40	5	355	0	0
T=3561	40	5	355	0	0
T=3562	39	5	356	0	0
T=3563	39	5	356	0	0
T=3564	39	5	356	0	0
T=3565	39	5	356	0	0
T=3566	39	5	356	0	0
T=3567	39	5	356	0	0
T=3568	39	5	356	0	0
T=3569	39	5	356	0	0
T=3570	39	5	356	0	0
T=3571	39	5	356	0	0
T=3572	38	5	357	0	0
T=3573	38	5	357	0	0
T=3574	38	5	357	0	0
T=3575	38	5	357	0	0
T=3576	38	5	357	0	0
T=3577	38	5	357	0	0
T=3578	38	5	357	0	0
T=3579	38	5	357	0	0
T=3580	38	5	357	0	0
T=3581	38	5	357	0	0
T=3582	37	5	358	0	0
T=3583	37	5	358	0	0
T=3584	37	5	358	0	0
T=3585	37	5	358	0	0
T=3586	37	5	358	0	0
T=3587	37	5	358	0	0
T=3588	37	5	358	0	0
T=3589	37	5	358	0	0
T=3590	37	5	358	0	0
T=3591	37	5	358	0	0
T=3592	36	5	359	0	0
T=3593	36	5	359	0	0
T=3594	36	5	359	0	0
T=3595	36	5	359	0	0
T=3596	36	5	359	0	0
T=3597	36	5	359	0	0
T=3598	36	5	359	0	0
T=3599	36	5	359	0	0
T=3600	36	5	359	0	0
T=3601	36	5	359	0	0
T=3602	35	5	360	0	0
T=3603	35	5	360	0	0
T=3604	35	5	360	0	0
T=3605	35	5	360	0	0
T=3606	35	5	360	0	0
T=3607	35	5	360	0	0
T=3608	35	5	360	0	0
T=3609	35	5	360	0	0
T=3610	35	5	360	0	0
T=3611	35	5	360	0	0
T=3612	34	5	361	0	0
T=3613	34	5	361	0	0
T=3614	34	5	361	0	0
T=3615	34	5	361	0	0
T=3616	34	5	361	0	0
T=3617	34	5	361	0	0
T=3618	34	5	361	0	0
T=3619	34	5	361	0	0
T=3620	34	5	361	0	0
T=3621	34	5	361	0	0
T=3622	33	5	362	0	0
T=3623	33	5	362	0	0
T=3624	33	5	362	0	0
T=3625	33	5	362	0	0
T=3626	33	5	362	0	0
T=3627	33	5	362	0	0
T=3628	33	5	362	0	0
T=3629	33	5	362	0	0
T=3630	33	5	362	0	0
T=3631	33	5	362	0	0
T=3632	32	5	363	0	0
T=3633	32	5	363	0	0
T=3634	32	5	363	0	0
T=3635	32	5	363	0	0
T=3636	32	5	363	0	0
T=3637	32	5	363	0	0
T=3638	32	5	363	0	0
T=3639	32	5	363	0	0
T=3640	32	5	363	0	0
T=3641	32	5	363	0	0
T=3642	31	5	364	0	0
T=3643	31	5	364	0	0
T=3644	31	5	364	0	0
T=3645	31	5	364	0	0
T=3646	31	5	364	0	0
T=3647	31	5	364	0	0
T=3648	31	5	364	0	0
T=3649	31	5	364	0	0
T=3650	31	5	364	0	0
T=3651	31	5	364	0	0
T=3652	30	5	365	0	0
T=3653	30	5	365	0	0
T=3654	30	5	365	0	0
T=3655	30	5	365	0	0
T=3656	30	5	365	0	0
T=3657	30	5	365	0	0
T=3658	30	5	365	0	0
T=3659	30	5	365	0	0
T=3660	30	5	365	0	0
T=3661	30	5	365	0	0
T=3662	29	5	366	0	0
T=3663	29	5	366	0	0
T=3664	29	5	366	0	0
T=3665	29	5	366	0	0
T=3666	29	5	366	0	0
T=3667	29	5	366	0	0
T=3668	29	5	366	0	0
T=3669	29	5	366	0	0
T=3670	29	5	366	0	0
T=3671	29	5	366	0	0
T=3672	28	5	367	0	0
T=3673	28	5	367	0	0
T=3674	28	5	367	0	0
T=3675	28	5	367	0	0
T=3676	28	5	367	0	0
T=3677	28	5	367	0	0
T=3678	28	5	367	0	0
T=3679	28	5	367	0	0
T=3680	28	5	367	0	0
T=3681	28	5	367	0	0
T=3682	27	5	368	0	0
T=3683	27	5	368	0	0
T=3684	27	5	368	0	0
T=3685	27	5	368	0	0
T=3686	27	5	368	0	0
T=3687	27	5	368	0	0
T=3688	27	5	368	0	0
T=3689	27	5	368	0	0
T=3690	27	5	368	0	0
T=3691	27	5	368	0	0
T=3692	26	5	369	0	0
T=3693	26	5	369	0	0
T=3694	26	5	369	0	0
T=3695	26	5	369	0	0
T=3696	26	5	369	0	0
T=3697	26	5	369	0	0
T=3698	26	5	369	0	0
T=3699	26	5	369	0	0
T=3700	26	5	369	0	0
T=3701	26	5	369	0	0
T=3702	25	5	370	0	0
T=3703	25	5	370	0	0
T=3704	25	5	370	0	0
T=3705	25	5	370	0	0
T=3706	25	5	370	0	0
T=3707	25	5	370	0	0
T=3708	25	5	370	0	0
T=3709	25	5	370	0	0
T=3710	25	5	370	0	0
T=3711	25	5	370	0	0
T=3712	24	5	371	0	0
T=3713	24	5	371	0	0
T=3714	24	5	371	0	0
T=3715	24	5	371	0	0
T=3716	24	5	371	0	0
T=3717	24	5	371	0	0
T=3718	24	5	371	0	0
T=3719	24	5	371	0	0
T=3720	24	5	371	0	0
T=3721	24	5	371	0	0
T=3722	23	5	372	0	0
T=3723	23	5	372	0	0
T=3724	23	5	372	0	0
T=3725	23	5	372	0	0
T=3726	23	5	372	0	0
T=3727	23	5	372	0	0
T=3728	23	5	372	0	0
T=3729	23	5	372	0	0
T=3730	23	5	372	0	0
T=3731	23	5	372	0	0
T=3732	22	5	373	0	0
T=3733	22	5	373	0	0
T=3734	22	5	373	0	0
T=3735	22	5	373	0	0
T=3736	22	5	373	0	0
T=3737	22	5	373	0	0
T=3738	22	5	373	0	0
T=3739	22	5	373	0	0
T=3740	22	5	373	0	0
T=3741	22	5	373	0	0
T=3742	21	5	374	0	0
T=3743	21	5	374	0	0
T=3744	21	5	374	0	0
T=3745	21	5	374	0	0
T=3746	21	5	374	0	0
T=3747	21	5	374	0	0
T=3748	21	5	374	0	0
T=3749	21	5	374	0	0
T=3750	21	5	374	0	0
T=3751	21	5	374	0	0
T=3752	20	5	375	0	0
T=3753	20	5	375	0	0
T=3754	20	5	375	0	0
T=3755	20	5	375	0	0
T=3756	20	5	375	0	0
T=3757	20	5	375	0	0
T=3758	20	5	375	0	0
T=3759	20	5	375	0	0
T=3760	20	5	375	0	0
T=3761	20	5	375	0	0
T=3762	19	5	376	0	0
T=3763	19	5	376	0	0
T=3764	19	5	376	0	0
T=3765	19	5	376	0	0
T=3766	19	5	376	0	0
T=3767	19	5	376	0	0
T=3768	19	5	376	0	0
T=3769	19	5	376	0	0
T=3770	19	5	376	0	0
T=3771	19	5	376	0	0
T=3772	18	5	377	0	0
T=3773	18	5	377	0	0
T=3774	18	5	377	0	0
T=3775	18	5	377	0	0
T=3776	18	5	377	0	0
T=3777	18	5	377	0	0
T=3778	18	5	377	0	0
T=3779	18	5	377	0	0
T=3780	18	5	377	0	0
T=3781	18	5	377	0	0
T=3782	17	5	378	0	0
T=3783	17	5	378	0	0
T=3784	17	5	378	0	0
T=3785	17	5	378	0	0
T=3786	17	5	378	0	0
T=3787	17	5	378	0	0
T=3788	17	5	378	0	0
T=3789	17	5	378	0	0
T=3790	17	5	378	0	0
T=3791	17	5	378	0	0
T=3792	16	5	379	0	0
T=3793	16	5	379	0	0
T=3794	16	5	379	0	0
T=3795	16	5	379	0	0
T=3796	16	5	379	0	0
T=3797	16	5	379	0	0
T=3798	16	5	379	0	0
T=3799	16	5	379	0	0
T=3800	16	5	379	0	0
T=3801	16	5	379	0	0
T=3802	15	5	380	0	0
T=3803	15	5	380	0	0
T=3804	15	5	380	0	0
T=3805	15	5	380	0	0
T=3806	15	5	380	0	0
T=3807	15	5	380	0	0
T=3808	15	5	380	0	0
T=3809	15	5	380	0	0
T=3810	15	5	380	0	0
T=3811	15	5	380	0	0
T=3812	14	5	381	0	0
T=3813	14	5	381	0	0
T=3814	14	5	381	0	0
T=3815	14	5	381	0	0
T=3816	14	5	381	0	0
T=3817	14	5	381	0	0
T=3818	14	5	381	0	0
T=3819	14	5	381	0	0
T=3820	14	5	381	0	0
T=3821	14	5	381	0	0
T=3822	13	5	382	0	0
T=3823	13	5	382	0	0
T=3824	13	5	382	0	0
T=3825	13	5	382	0	0
T=3826	13	5	382	0	0
T=3827	13	5	382	0	0
T=3828	13	5	382	0	0
T=3829	13	5	382	0	0
T=3830	13	5	382	0	0
T=3831	13	5	382	0	0
T=3832	12	5	383	0	0
T=3833	12	5	383	0	0
T=3834	12	5	383	0	0
T=3835	12	5	383	0	0
T=3836	12	5	383	0	0
T=3837	12	5	383	0	0
T=3838	12	5	383	0	0
T=3839	12	5	383	0	0
T=3840	12	5	383	0	0
T=3841	12	5	383	0	0
T=3842	11	5	384	0	0
T=3843	11	5	384	0	0
T=3844	11	5	384	0	0
T=3845	11	5	384	0	0
T=3846	11	5	384	0	0
T=3847	11	5	384	0	0
T=3848	11	5	384	0	0
T=3849	11	5	384	0	0
T=3850	11	5	384	0	0
T=3851	11	5	384	0	0
T=3852	10	5	385	0	0
T=3853	10	5	385	0	0
T=3854	10	5	385	0	0
T=3855	10	5	385	0	0
T=3856	10	5	385	0	0
T=3857	10	5	385	0	0
T=3858	10	5	385	0	0
T=3859	10	5	385	0	0
T=3860	10	5	385	0	0
T=3861	10	5	385	0	0
T=3862	9	5	386	0	0
T=3863	9	5	386	0	0
T=3864	9	5	386	0	0
T=3865	9	5	386	0	0
T=3866	9	5	386	0	0
T=3867	9	5	386	0	0
T=3868	9	5	386	0	0
T=3869	9	5	386	0	0
T=3870	9	5	386	0	0
T=3871	9	5	386	0	0
T=3872	8	5	387	0	0
T=3873	8	5	387	0	0
T=3874	8	5	387	0	0
T=3875	8	5	387	0	0
T=3876	8	5	387	0	0
T=3877	8	5	387	0	0
T=3878	8	5	387	0	0
T=3879	8	5	387	0	0
T=3880	8	5	387	0	0
T=3881	8	5	387	0	0
T=3882	7	5	388	0	0
T=3883	7	5	388	0	0
T=3884	7	5	388	0	0
T=3885	7	5	388	0	0
T=3886	7	5	388	0	0
T=3887	7	5	388	0	0
T=3888	7	5	388	0	0
T=3889	7	5	388	0	0
T=3890	7	5	388	0	0
T=3891	7	5	388	0	0
T=3892	6	5	389	0	0
T=3893	6	5	389	0	0
T=3894	6	5	389	0	0
T=3895	6	5	389	0	0
T=3896	6	5	389	0	0
T=3897	6	5	389	0	0
T=3898	6	5	389	0	0
T=3899	6	5	389	0	0
T=3900	6	5	389	0	0
T=3901	6	5	389	0	0
T=3902	5	5	390	0	0
T=3903	5	5	390	0	0
T=3904	5	5	390	0	0
T=3905	5	5	390	0	0
T=3906	5	5	390	0	0
T=3907	5	5	390	0	0
T=3908	5	5	390	0	0
T=3909	5	5	390	0	0
T=3910	5	5	390	0	0
T=3911	5	5	390	0	0
T=3912	4	5	391	0	0
T=3913	4	5	391	0	0
T=3914	4	5	391	0	0
T=3915	4	5	391	0	0
T=3916	4	5	391	0	0
T=3917	4	5	391	0	0
T=3918	4	5	391	0	0
T=3919	4	5	391	0	0
T=3920	4	5	391	0	0
T=3921	4	5	391	0	0
T=3922	3	5	392	0	0
T=3923	3	5	392	0	0
T=3924	3	5	392	0	0
T=3925	3	5	392	0	0
T=3926	3	5	392	0	0
T=3927	3	5	392	0	0
T=3928	3	5	392	0	0
T=3929	3	5	392	0	0
T=3930	3	5	392	0	0
T=3931	3	5	392	0	0
T=3932	2	5	393	0	0
T=3933	2	5	393	0	0
T=3934	2	5	393	0	0
T=3935	2	5	393	0	0
T=3936	2	5	393	0	0
T=3937	2	5	393	0	0
T=3938	2	5	393	0	0
T=3939	2	5	393	0	0
T=3940	2	5	393	0	0
T=3941	2	5	393	0	0
T=3942	1	5	394	0	0
T=3943	1	5	394	0	0
T=3944	1	5	394	0	0
T=3945	1	5	394	0	0
T=3946	1	5	394	0	0
T=3947	1	5	394	0	0
T=3948	1	5	394	0	0
T=3949	1	5	394	0	0
T=3950	1	5	394	0	0
T=3951	1	5	394	0	0
T=3952	0	5	395	0	0
T=3953	0	5	395	0	0
T=3954	0	5	395	0	0
T=3955	0	5	395	0	0
T=3956	0	5	395	0	0
T=3957	0	5	395	0	0
T=3958	0	5	395	0	0
T=3959	0	5	395	0	0
T=3960	0	5	395	0	0
T=3961	0	5	395	0	0
T=3962	0	4	396	0	0
T=3963	0	4	396	0	0
T=3964	0	4	396	0	0
T=3965	0	4	396	0	0
T=3966	0	4	396	0	0
T=3967	0	4	396	0	0
T=3968	0	4	396	0	0
T=3969	0	4	396	0	0
T=3970	0	4	396	0	0
T=3971	0	4	396	0	0
T=3972	0	3	397	0	0
T=3973	0	3	397	0	0
T=3974	0	3	397	0	0
T=3975	0	3	397	0	0
T=3976	0	3	397	0	0
T=3977	0	3	397	0	0
T=3978	0	3	397	0	0
T=3979	0	3	397	0	0
T=3980	0	3	397	0	0
T=3981	0	3	397	0	0
T=3982	0	2	398	0	0
T=3983	0	2	398	0	0
T=3984	0	2	398	0	0
T=3985	0	2	398	0	0
T=3986	0	2	398	0	0
T=3987	0	2	398	0	0
T=3988	0	2	398	0	0
T=3989	0	2	398	0	0
T=3990	0	2	398	0	0
T=3991	0	2	398	0	0
T=3992	0	1	399	0	0
T=3993	0	1	399	0	0
T=3994	0	1	399	0	0
T=3995	0	1	399	0	0
T=3996	0	1	399	0	0
T=3997	0	1	399	0	0
T=3998	0	1	399	0	0
T=3999	0	1	399	0	0
T=4000	0	1	399	0	0
T=4001	0	1	399	0	0
T=4002	0	0	400	0	0
T=4003	0	0	400	0	0
T=4004	0	0	400	0	0
T=4005	0	0	400	0	0
T=4006	0	0	400	0	0
T=4007	0	0	400	0	0
T=4008	0	0	400	0	0
T=4009	0	0	400	0	0
T=4010	0	0	400	0	0
T=4011	0	0	400	0	0
T=4012	0	0	400	0	0
T=4013	0	0	400	0	0
T=4014	0	0	400	0	0
T=4015	0	0	400	0	0
T=4016	0	0	400	0	0
T=4017	0	0	400	0	0
T=4018	0	0	400	0	0
T=4019	0	0	400	0	0
T=4020	0	0	400	0	0
T=4021	0	0	400	0	0
T=4022	0	0	400	0	0
T=4023	0	0	400	0	0
T=4024	0	0	400	0	0
T=4025	0	0	400	0	0
T=4026	0	0	400	0	0
T=4027	0	0	400	0	0
T=4028	0	0	400	0	0
T=4029	0	0	400	0	0
T=4030	0	0	400	0	0
T=4031	0	0	400	0	0
T=4032	0	0	400	0	0
T=4033	0	0	400	0	0
T=4034	0	0	400	0	0
T=4035	0	0	400	0	0
T=4036	0	0	400	0	0
T=4037	0	0	400	0	0
T=4038	0	0	400	0	0
T=4039	0	0	400	0	0
T=4040	0	0	400	0	0
T=4041	0	0	400	0	0
T=4042	0	0	400	0	0
T=4043	0	0	400	0	0
T=4044	0	0	400	0	0
T=4045	0	0	400	0	0
T=4046	0	0	400	0	0
T=4047	0	0	400	0	0
T=4048	0	0	400	0	0
T=4049	0	0	400	0	0
T=4050	0	0	400	0	0
T=4051	0	0	400	0	0
T=4052	0	0	400	0	0
T=4053	0	0	400	0	0
T=4054	0	0	400	0	0
T=4055	0	0	400	0	0
T=4056	0	0	400	0	0
T=4057	0	0	400	0	0
T=4058	0	0	400	0	0
T=4059	0	0	400	0	0
T=4060	0	0	400	0	0
T=4061	0	0	400	0	0
T=4062	0	0	400	0	0
T=4063	0	0	400	0	0
T=4064	0	0	400	0	0
T=4065	0	0	400	0	0
T=4066	0	0	400	0	0
T=4067	0	0	400	0	0
T=4068	0	0	400	0	0
T=4069	0	0	400	0	0
T=4070	0	0	400	0	0
T=4071	0	0	400	0	0
T=4072	0	0	400	0	0
T=4073	0	0	400	0	0
T=4074	0	0	400	0	0
T=4075	0	0	400	0	0
T=4076	0	0	400	0	0
T=4077	0	0	400	0	0
T=4078	0	0	400	0	0
T=4079	0	0	400	0	0
T=4080	0	0	400	0	0
T=4081	0	0	400	0	0
T=4082	0	0	400	0	0
T=4083	0	0	400	0	0
T=4084	0	0	400	0	0
T=4085	0	0	400	0	0
T=4086	0	0	400	0	0
T=4087	0	0	400	0	0
T=4088	0	0	400	0	0
T=4089	0	0	400	0	0
T=4090	0	0	400	0	0
T=4091	0	0	400	0	0
T=4092	0	0	400	0	0
T=4093	0	0	400	0	0
T=4094	0	0	400	0	0
T=4095	0	0	400	0	0
T=4096	0	0	400	0	0
T=4097	0	0	400	0	0
T=4098	0	0	400	0	0
T=4099	0	0	400	0	0
T=4100	0	0	400	0	0
T=4101	0	0	400	0	0
T=4102	0	0	400	0	0
T=4103	0	0	400	0	0
T=4104	0	0	400	0	0
T=4105	0	0	400	0	0
T=4106	0	0	400	0	0
T=4107	0	0	400	0	0
T=4108	0	0	400	0	0
T=4109	0	0	400	0	0
T=4110	0	0	400	0	0
T=4111	0	0	400	0	0
T=4112	0	0	400	0	0
T=4113	0	0	400	0	0
T=4114	0	0	400	0	0
T=4115	0	0	400	0	0
T=4116	0	0	400	0	0
T=4117	0	0	400	0	0
T=4118	0	0	400	0	0
T=4119	0	0	400	0	0
T=4120	0	0	400	0	0
T=4121	0	0	400	0	0
T=4122	0	0	400	0	0
T=4123	0	0	400	0	0
T=4124	0	0	400	0	0
T=4125	0	0	400	0	0
T=4126	0	0	400	0	0
T=4127	0	0	400	0	0
T=4128	0	0	400	0	0
T=4129	0	0	400	0	0
T=4130	0	0	400	0	0
T=4131	0	0	400	0	0
T=4132	0	0	400	0	0
T=4133	0	0	400	0	0
T=4134	0	0	400	0	0
T=4135	0	0	400	0	0
T=4136	0	0	400	0	0
T=4137	0	0	400	0	0
T=4138	0	0	400	0	0
T=4139	0	0	400	0	0
T=4140	0	0	400	0	0
T=4141	0	0	400	0	0
T=4142	0	0	400	0	0
T=4143	0	0	400	0	0
T=4144	0	0	400	0	0
T=4145	0	0	400	0	0
T=4146	0	0	400	0	0
T=4147	0	0	400	0	0
T=4148	0	0	400	0	0
T=4149	0	0	400	0	0
T=4150	0	0	400	0	0
T=4151	0	0	400	0	0
T=4152	0	0	400	0	0
T=4153	0	0	400	0	0
T=4154	0	0	400	0	0
T=4155	0	0	400	0	0
T=4156	0	0	400	0	0
T=4157	0	0	400	0	0
T=4158	0	0	400	0	0
T=4159	0	0	400	0	0
T=4160	0	0	400	0	0
T=4161	0	0	400	0	0
T=4162	0	0	400	0	0
T=4163	0	0	400	0	0
T=4164	0	0	400	0	0
T=4165	0	0	400	0	0
T=4166	0	0	400	0	0
T=4167	0	0	400	0	0
T=4168	0	0	400	0	0
T=4169	0	0	400	0	0
T=4170	0	0	400	0	0
T=4171	0	0	400	0	0
T=4172	0	0	400	0	0
T=4173	0	0	400	0	0
T=4174	0	0	400	0	0
T=4175	0	0	400	0	0
T=4176	0	0	400	0	0
T=4177	0	0	400	0	0
T=4178	0	0	400	0	0
T=4179	0	0	400	0	0
T=4180	0	0	400	0	0
T=4181	0	0	400	0	0
T=4182	0	0	400	0	0
T=4183	0	0	400	0	0
T=4184	0	0	400	0	0
T=4185	0	0	400	0	0
T=4186	0	0	400	0	0
T=4187	0	0	400	0	0
T=4188	0	0	400	0	0
T=4189	0	0	400	0	0
T=4190	0	0	400	0	0
T=4191	0	0	400	0	0
T=4192	0	0	400	0	0
T=4193	0	0	400	0	0
T=4194	0	0	400	0	0
T=4195	0	0	400	0	0
T=4196	0	0	400	0	0
T=4197	0	0	400	0	0
T=4198	0	0	400	0	0
T=4199	0	0	400	0	0
T=4200	0	0	400	0	0
T=4201	0	0	400	0	0
T=4202	0	0	400	0	0
T=4203	0	0	400	0	0
T=4204	0	0	400	0	0
T=4205	0	0	400	0	0
T=4206	0	0	400	0	0
T=4207	0	0	400	0	0
T=4208	0	0	400	0	0
T=4209	0	0	400	0	0
T=4210	0	0	400	0	0
T=4211	0	0	400	0	0
T=4212	0	0	400	0	0
T=4213	0	0	400	0	0
T=4214	0	0	400	0	0
T=4215	0	0	400	0	0
T=4216	0	0	400	0	0
T=4217	0	0	400	0	0
T=4218	0	0	400	0	0
T=4219	0	0	400	0	0
T=4220	0	0	400	0	0
T=4221	0	0	400	0	0
T=4222	0	0	400	0	0
T=4223	0	0	400	0	0
T=4224	0	0	400	0	0
T=4225	0	0	400	0	0
T=4226	0	0	400	0	0
T=4227	0	0	400	0	0
T=4228	0	0	400	0	0
T=4229	0	0	400	0	0
T=4230	0	0	400	0	0
T=4231	0	0	400	0	0
T=4232	0	0	400	0	0
T=4233	0	0	400	0	0
T=4234	0	0	400	0	0
T=4235	0	0	400	0	0
T=4236	0	0	400	0	0
T=4237	0	0	400	0	0
T=4238	0	0	400	0	0
T=4239	0	0	400	0	0
T=4240	0	0	400	0	0
T=4241	0	0	400	0	0
T=4242	0	0	400	0	0
T=4243	0	0	400	0	0
T=4244	0	0	400	0	0
T=4245	0	0	400	0	0
T=4246	0	0	400	0	0
T=4247	0	0	400	0	0
T=4248	0	0	400	0	0
T=4249	0	0	400	0	0
T=4250	0	0	400	0	0
T=4251	0	0	400	0	0
T=4252	0	0	400	0	0
T=4253	0	0	400	0	0
T=4254	0	0	400	0	0
T=4255	0	0	400	0	0
T=4256	0	0	400	0	0
T=4257	0	0	400	0	0
T=4258	0	0	400	0	0
T=4259	0	0	400	0	0
T=4260	0	0	400	0	0
T=4261	0	0	400	0	0
T=4262	0	0	400	0	0
T=4263	0	0	400	0	0
T=4264	0	0	400	0	0
T=4265	0	0	400	0	0
T=4266	0	0	400	0	0
T=4267	0	0	400	0	0
T=4268	0	0	400	0	0
T=4269	0	0	400	0	0
T=4270	0	0	400	0	0
T=4271	0	0	400	0	0
T=4272	0	0	400	0	0
T=4273	0	0	400	0	0
T=4274	0	0	400	0	0
T=4275	0	0	400	0	0
T=4276	0	0	400	0	0
T=4277	0	0	400	0	0
T=4278	0	0	400	0	0
T=4279	0	0	400	0	0
T=4280	0	0	400	0	0
T=4281	0	0	400	0	0
T=4282	0	0	400	0	0
T=4283	0	0	400	0	0
T=4284	0	0	400	0	0
T=4285	0	0	400	0	0
T=4286	0	0	400	0	0
T=4287	0	0	400	0	0
T=4288	0	0	400	0	0
T=4289	0	0	400	0	0
T=4290	0	0	400	0	0
T=4291	0	0	400	0	0
T=4292	0	0	400	0	0
T=4293	0	0	400	0	0
T=4294	0	0	400	0	0
T=4295	0	0	400	0	0
T=4296	0	0	400	0	0
T=4297	0	0	400	0	0
T=4298	0	0	400	0	0
T=4299	0	0	400	0	0
T=4300	0	0	400	0	0
T=4301	0	0	400	0	0
T=4302	0	0	400	0	0
T=4303	0	0	400	0	0
T=4304	0	0	400	0	0
T=4305	0	0	400	0	0
T=4306	0	0	400	0	0
T=4307	0	0	400	0	0
T=4308	0	0	400	0	0
T=4309	0	0	400	0	0
T=4310	0	0	400	0	0
T=4311	0	0	400	0	0
T=4312	0	0	400	0	0
T=4313	0	0	400	0	0
T=4314	0	0	400	0	0
T=4315	0	0	400	0	0
T=4316	0	0	400	0	0
T=4317	0	0	400	0	0
T=4318	0	0	400	0	0
T=4319	0	0	400	0	0
T=4320	0	0	400	0	0
T=4321	0	0	400	0	0
T=4322	0	0	400	0	0
T=4323	0	0	400	0	0
T=4324	0	0	400	0	0
T=4325	0	0	400	0	0
T=4326	0	0	400	0	0
T=4327	0	0	400	0	0
T=4328	0	0	400	0	0
T=4329	0	0	400	0	0
T=4330	0	0	400	0	0
T=4331	0	0	400	0	0
T=4332	0	0	400	0	0
T=4333	0	0	400	0	0
T=4334	0	0	400	0	0
T=4335	0	0	400	0	0
T=4336	0	0	400	0	0
T=4337	0	0	400	0	0
T=4338	0	0	400	0	0
T=4339	0	0	400	0	0
T=4340	0	0	400	0	0
T=4341	0	0	400	0	0
T=4342	0	0	400	0	0
T=4343	0	0	400	0	0
T=4344	0	0	400	0	0
T=4345	0	0	400	0	0
T=4346	0	0	400	0	0
T=4347	0	0	400	0	0
T=4348	0	0	400	0	0
T=4349	0	0	400	0	0
T=4350	0	0	400	0	0
T=4351	0	0	400	0	0
T=4352	0	0	400	0	0
T=4353	0	0	400	0	0
T=4354	0	0	400	0	0
T=4355	0	0	400	0	0
T=4356	0	0	400	0	0
T=4357	0	0	400	0	0
T=4358	0	0	400	0	0
T=4359	0	0	400	0	0
T=4360	0	0	400	0	0
T=4361	0	0	400	0	0
T=4362	0	0	400	0	0
T=4363	0	0	400	0	0
T=4364	0	0	400	0	0
T=4365	0	0	400	0	0
T=4366	0	0	400	0	0
T=4367	0	0	400	0	0
T=4368	0	0	400	0	0
T=4369	0	0	400	0	0
T=4370	0	0	400	0	0
T=4371	0	0	400	0	0
T=4372	0	0	400	0	0
T=4373	0	0	400	0	0
T=4374	0	0	400	0	0
T=4375	0	0	400	0	0
T=4376	0	0	400	0	0
T=4377	0	0	400	0	0
T=4378	0	0	400	0	0
T=4379	0	0	400	0	0
T=4380	0	0	400	0	0
T=4381	0	0	400	0	0
T=4382	0	0	400	0	0
T=4383	0	0	400	0	0
T=4384	0	0	400	0	0
T=4385	0	0	400	0	0
T=4386	0	0	400	0	0
T=4387	0	0	400	0	0
T=4388	0	0	400	0	0
T=4389	0	0	400	0	0
T=4390	0	0	400	0	0
T=4391	0	0	400	0	0
T=4392	0	0	400	0	0
T=4393	0	0	400	0	0
T=4394	0	0	400	0	0
T=4395	0	0	400	0	0
T=4396	0	0	400	0	0
T=4397	0	0	400	0	0
T=4398	0	0	400	0	0
T=4399	0	0	400	0	0
T=4400	0	0	400	0	0
T=4401	0	0	400	0	0
T=4402	0	0	400	0	0
T=4403	0	0	400	0	0
T=4404	0	0	400	0	0
T=4405	0	0	400	0	0
T=4406	0	0	400	0	0
T=4407	0	0	400	0	0
T=4408	0	0	400	0	0
T=4409	0	0	400	0	0
T=4410	0	0	400	0	0
T=4411	0	0	400	0	0
T=4412	0	0	400	0	0
T=4413	0	0	400	0	0
T=4414	0	0	400	0	0
T=4415	0	0	400	0	0
T=4416	0	0	400	0	0
T=4417	0	0	400	0	0
T=4418	0	0	400	0	0
T=4419	0	0	400	0	0
T=4420	0	0	400	0	0
T=4421	0	0	400	0	0
T=4422	0	0	400	0	0
T=4423	0	0	400	0	0
T=4424	0	0	400	0	0
T=4425	0	0	400	0	0
T=4426	0	0	400	0	0
T=4427	0	0	400	0	0
T=4428	0	0	400	0	0
T=4429	0	0	400	0	0
T=4430	0	0	400	0	0
T=4431	0	0	400	0	0
T=4432	0	0	400	0	0
T=4433	0	0	400	0	0
T=4434	0	0	400	0	0
T=4435	0	0	400	0	0
T=4436	0	0	400	0	0
T=4437	0	0	400	0	0
T=4438	0	0	400	0	0
T=4439	0	0	400	0	0
T=4440	0	0	400	0	0
T=4441	0	0	400	0	0
T=4442	0	0	400	0	0
T=4443	0	0	400	0	0
T=4444	0	0	400	0	0
T=4445	0	0	400	0	0
T=4446	0	0	400	0	0
T=4447	0	0	400	0	0
T=4448	0	0	400	0	0
T=4449	0	0	400	0	0
T=4450	0	0	400	0	0
T=4451	0	0	400	0	0
T=4452	0	0	400	0	0
T=4453	0	0	400	0	0
T=4454	0	0	400	0	0
T=4455	0	0	400	0	0
T=4456	0	0	400	0	0
T=4457	0	0	400	0	0
T=4458	0	0	400	0	0
T=4459	0	0	400	0	0
T=4460	0	0	400	0	0
T=4461	0	0	400	0	0
T=4462	0	0	400	0	0
T=4463	0	0	400	0	0
T=4464	0	0	400	0	0
T=4465	0	0	400	0	0
T=4466	0	0	400	0	0
T=4467	0	0	400	0	0
T=4468	0	0	400	0	0
T=4469	0	0	400	0	0
T=4470	0	0	400	0	0
T=4471	0	0	400	0	0
T=4472	0	0	400	0	0
T=4473	0	0	400	0	0
T=4474	0	0	400	0	0
T=4475	0	0	400	0	0
T=4476	0	0	400	0	0
T=4477	0	0	400	0	0
T=4478	0	0	400	0	0
T=4479	0	0	400	0	0
T=4480	0	0	400	0	0
T=4481	0	0	400	0	0
T=4482	0	0	400	0	0
T=4483	0	0	400	0	0
T=4484	0	0	400	0	0
T=4485	0	0	400	0	0
T=4486	0	0	400	0	0
T=4487	0	0	400	0	0
T=4488	0	0	400	0	0
T=4489	0	0	400	0	0
T=4490	0	0	400	0	0
T=4491	0	0	400	0	0
T=4492	0	0	400	0	0
T=4493	0	0	400	0	0
T=4494	0	0	400	0	0
T=4495	0	0	400	0	0
T=4496	0	0	400	0	0
T=4497	0	0	400	0	0
T=4498	0	0	400	0	0
T=4499	0	0	400	0	0
T=4500	0	0	400	0	0
T=4501	0	0	400	0	0
T=4502	0	0	400	0	0
T=4503	0	0	400	0	0
T=4504	0	0	400	0	0
T=4505	0	0	400	0	0
T=4506	0	0	400	0	0
T=4507	0	0	400	0	0
T=4508	0	0	400	0	0
T=4509	0	0	400	0	0
T=4510	0	0	400	0	0
T=4511	0	0	400	0	0
T=4512	0	0	400	0	0
T=4513	0	0	400	0	0
T=4514	0	0	400	0	0
T=4515	0	0	400	0	0
T=4516	0	0	400	0	0
T=4517	0	0	400	0	0
T=4518	0	0	400	0	0
T=4519	0	0	400	0	0
T=4520	0	0	400	0	0
T=4521	0	0	400	0	0
T=4522	0	0	400	0	0
T=4523	0	0	400	0	0
T=4524	0	0	400	0	0
T=4525	0	0	400	0	0
T=4526	0	0	400	0	0
T=4527	0	0	400	0	0
T=4528	0	0	400	0	0
T=4529	0	0	400	0	0
T=4530	0	0	400	0	0
T=4531	0	0	400	0	0
T=4532	0	0	400	0	0
T=4533	0	0	400	0	0
T=4534	0	0	400	0	0
T=4535	0	0	400	0	0
T=4536	0	0	400	0	0
T=4537	0	0	400	0	0
T=4538	0	0	400	0	0
T=4539	0	0	400	0	0
T=4540	0	0	400	0	0
T=4541	0	0	400	0	0
T=4542	0	0	400	0	0
T=4543	0	0	400	0	0
T=4544	0	0	400	0	0
T=4545	0	0	400	0	0
T=4546	0	0	400	0	0
T=4547	0	0	400	0	0
T=4548	0	0	400	0	0
T=4549	0	0	400	0	0
T=4550	0	0	400	0	0
T=4551	0	0	400	0	0
T=4552	0	0	400	0	0
T=4553	0	0	400	0	0
T=4554	0	0	400	0	0
T=4555	0	0	400	0	0
T=4556	0	0	400	0	0
T=4557	0	0	400	0	0
T=4558	0	0	400	0	0
T=4559	0	0	400	0	0
T=4560	0	0	400	0	0
T=4561	0	0	400	0	0
T=4562	0	0	400	0	0
T=4563	0	0	400	0	0
T=4564	0	0	400	0	0
T=4565	0	0	400	0	0
T=4566	0	0	400	0	0
T=4567	0	0	400	0	0
T=4568	0	0	400	0	0
T=4569	0	0	400	0	0
T=4570	0	0	400	0	0
T=4571	0	0	400	0	0
T=4572	0	0	400	0	0
T=4573	0	0	400	0	0
T=4574	0	0	400	0	0
T=4575	0	0	400	0	0
T=4576	0	0	400	0	0
T=4577	0	0	400	0	0
T=4578	0	0	400	0	0
T=4579	0	0	400	0	0
T=4580	0	0	400	0	0
T=4581	0	0	400	0	0
T=4582	0	0	400	0	0
T=4583	0	0	400	0	0
T=4584	0	0	400	0	0
T=4585	0	0	400	0	0
T=4586	0	0	400	0	0
T=4587	0	0	400	0	0
T=4588	0	0	400	0	0
T=4589	0	0	400	0	0
T=4590	0	0	400	0	0
T=4591	0	0	400	0	0
T=4592	0	0	400	0	0
T=4593	0	0	400	0	0
T=4594	0	0	400	0	0
T=4595	0	0	400	0	0
T=4596	0	0	400	0	0
T=4597	0	0	400	0	0
T=4598	0	0	400	0	0
T=4599	0	0	400	0	0
T=4600	0	0	400	0	0
T=4601	0	0	400	0	0
T=4602	0	0	400	0	0
T=4603	0	0	400	0	0
T=4604	0	0	400	0	0
T=4605	0	0	400	0	0
T=4606	0	0	400	0	0
T=4607	0	0	400	0	0
T=4608	0	0	400	0	0
T=4609	0	0	400	0	0
T=4610	0	0	400	0	0
T=4611	0	0	400	0	0
T=4612	0	0	400	0	0
T=4613	0	0	400	0	0
T=4614	0	0	400	0	0
T=4615	0	0	400	0	0
T=4616	0	0	400	0	0
T=4617	0	0	400	0	0
T=4618	0	0	400	0	0
T=4619	0	0	400	0	0
T=4620	0	0	400	0	0
T=4621	0	0	400	0	0
T=4622	0	0	400	0	0
T=4623	0	0	400	0	0
T=4624	0	0	400	0	0
T=4625	0	0	400	0	0
T=4626	0	0	400	0	0
T=4627	0	0	400	0	0
T=4628	0	0	400	0	0
T=4629	0	0	400	0	0
T=4630	0	0	400	0	0
T=4631	0	0	400	0	0
T=4632	0	0	400	0	0
T=4633	0	0	400	0	0
T=4634	0	0	400	0	0
T=4635	0	0	400	0	0
T=4636	0	0	400	0	0
T=4637	0	0	400	0	0
T=4638	0	0	400	0	0
T=4639	0	0	400	0	0
T=4640	0	0	400	0	0
T=4641	0	0	400	0	0
T=4642	0	0	400	0	0
T=4643	0	0	400	0	0
T=4644	0	0	400	0	0
T=4645	0	0	400	0	0
T=4646	0	0	400	0	0
T=4647	0	0	400	0	0
T=4648	0	0	400	0	0
T=4649	0	0	400	0	0
T=4650	0	0	400	0	0
T=4651	0	0	400	0	0
T=4652	0	0	400	0	0
T=4653	0	0	400	0	0
T=4654	0	0	400	0	0
T=4655	0	0	400	0	0
T=4656	0	0	400	0	0
T=4657	0	0	400	0	0
T=4658	0	0	400	0	0
T=4659	0	0	400	0	0
T=4660	0	0	400	0	0
T=4661	0	0	400	0	0
T=4662	0	0	400	0	0
T=4663	0	0	400	0	0
T=4664	0	0	400	0	0
T=4665	0	0	400	0	0
T=4666	0	0	400	0	0
T=4667	0	0	400	0	0
T=4668	0	0	400	0	0
T=4669	0	0	400	0	0
T=4670	0	0	400	0	0
T=4671	0	0	400	0	0
T=4672	0	0	400	0	0
T=4673	0	0	400	0	0
T=4674	0	0	400	0	0
T=4675	0	0	400	0	0
T=4676	0	0	400	0	0
T=4677	0	0	400	0	0
T=4678	0	0	400	0	0
T=4679	0	0	400	0	0
T=4680	0	0	400	0	0
T=4681	0	0	400	0	0
T=4682	0	0	400	0	0
T=4683	0	0	400	0	0
T=4684	0	0	400	0	0
T=4685	0	0	400	0	0
T=4686	0	0	400	0	0
T=4687	0	0	400	0	0
T=4688	0	0	400	0	0
T=4689	0	0	400	0	0
T=4690	0	0	400	0	0
T=4691	0	0	400	0	0
T=4692	0	0	400	0	0
T=4693	0	0	400	0	0
T=4694	0	0	400	0	0
T=4695	0	0	400	0	0
T=4696	0	0	400	0	0
T=4697	0	0	400	0	0
T=4698	0	0	400	0	0
T=4699	0	0	400	0	0
T=4700	0	0	400	0	0
T=4701	0	0	400	0	0
T=4702	0	0	400	0	0
T=4703	0	0	400	0	0
T=4704	0	0	400	0	0
T=4705	0	0	400	0	0
T=4706	0	0	400	0	0
T=4707	0	0	400	0	0
T=4708	0	0	400	0	0
T=4709	0	0	400	0	0
T=4710	0	0	400	0	0
T=4711	0	0	400	0	0
T=4712	0	0	400	0	0
T=4713	0	0	400	0	0
T=4714	0	0	400	0	0
T=4715	0	0	400	0	0
T=4716	0	0	400	0	0
T=4717	0	0	400	0	0
T=4718	0	0	400	0	0
T=4719	0	0	400	0	0
T=4720	0	0	400	0	0
T=4721	0	0	400	0	0
T=4722	0	0	400	0	0
T=4723	0	0	400	0	0
T=4724	0	0	400	0	0
T=4725	0	0	400	0	0
T=4726	0	0	400	0	0
T=4727	0	0	400	0	0
T=4728	0	0	400	0	0
T=4729	0	0	400	0	0
T=4730	0	0	400	0	0
T=4731	0	0	400	0	0
T=4732	0	0	400	0	0
T=4733	0	0	400	0	0
T=4734	0	0	400	0	0
T=4735	0	0	400	0	0
T=4736	0	0	400	0	0
T=4737	0	0	400	0	0
T=4738	0	0	400	0	0
T=4739	0	0	400	0	0
T=4740	0	0	400	0	0
T=4741	0	0	400	0	0
T=4742	0	0	400	0	0
T=4743	0	0	400	0	0
T=4744	0	0	400	0	0
T=4745	0	0	400	0	0
