T=0	200	0	0	0	0
T=1	195	5	0	0	0
T=2	195	5	0	0	0
T=3	195	5	0	0	0
T=4	195	5	0	0	0
T=5	195	5	0	0	0
T=6	195	5	0	0	0
T=7	195	5	0	0	0
T=8	195	5	0	0	0
T=9	195	5	0	0	0
T=10	195	5	0	0	0
T=11	195	5	0	0	0
T=12	194	5	1	0	0
T=13	194	5	1	0	0
T=14	194	5	1	0	0
T=15	194	5	1	0	0
T=16	194	5	1	0	0
T=17	194	5	1	0	0
T=18	194	5	1	0	0
T=19	194	5	1	0	0
T=20	194	5	1	0	0
T=21	194	5	1	0	0
T=22	193	5	2	0	0
T=23	193	5	2	0	0
T=24	193	5	2	0	0
T=25	193	5	2	0	0
T=26	193	5	2	0	0
T=27	193	5	2	0	0
T=28	193	5	2	0	0
T=29	193	5	2	0	0
T=30	193	5	2	0	0
T=31	193	5	2	0	0
T=32	192	5	3	0	0
T=33	192	5	3	0	0
T=34	192	5	3	0	0
T=35	192	5	3	0	0
T=36	192	5	3	0	0
T=37	192	5	3	0	0
T=38	192	5	3	0	0
T=39	192	5	3	0	0
T=40	192	5	3	0	0
T=41	192	5	3	0	0
T=42	191	5	4	0	0
T=43	191	5	4	0	0
T=44	191	5	4	0	0
T=45	191	5	4	0	0
T=46	191	5	4	0	0
T=47	191	5	4	0	0
T=48	191	5	4	0	0
T=49	191	5	4	0	0
T=50	191	5	4	0	0
T=51	191	5	4	0	0
T=52	190	5	5	0	0
T=53	190	5	5	0	0
T=54	190	5	5	0	0
T=55	190	5	5	0	0
T=56	190	5	5	0	0
T=57	190	5	5	0	0
T=58	190	5	5	0	0
T=59	190	5	5	0	0
T=60	190	5	5	0	0
T=61	190	5	5	0	0
T=62	189	5	6	0	0
T=63	189	5	6	0	0
T=64	189	5	6	0	0
T=65	189	5	6	0	0
T=66	189	5	6	0	0
T=67	189	5	6	0	0
T=68	189	5	6	0	0
T=69	189	5	6	0	0
T=70	189	5	6	0	0
T=71	189	5	6	0	0
T=72	188	5	7	0	0
T=73	188	5	7	0	0
T=74	188	5	7	0	0
T=75	188	5	7	0	0
T=76	188	5	7	0	0
T=77	188	5	7	0	0
T=78	188	5	7	0	0
T=79	188	5	7	0	0
T=80	188	5	7	0	0
T=81	188	5	7	0	0
T=82	187	5	8	0	0
T=83	187	5	8	0	0
T=84	187	5	8	0	0
T=85	187	5	8	0	0
T=86	187	5	8	0	0
T=87	187	5	8	0	0
T=88	187	5	8	0	0
T=89	187	5	8	0	0
T=90	187	5	8	0	0
T=91	187	5	8	0	0
T=92	186	5	9	0	0
T=93	186	5	9	0	0
T=94	186	5	9	0	0
T=95	186	5	9	0	0
T=96	186	5	9	0	0
T=97	186	5	9	0	0
T=98	186	5	9	0	0
T=99	186	5	9	0	0
T=100	186	5	9	0	0
T=101	186	5	9	0	0
T=102	185	5	10	0	0
T=103	185	5	10	0	0
T=104	185	5	10	0	0
T=105	185	5	10	0	0
T=106	185	5	10	0	0
T=107	185	5	10	0	0
T=108	185	5	10	0	0
T=109	185	5	10	0	0
T=110	185	5	10	0	0
T=111	185	5	10	0	0
T=112	184	5	11	0	0
T=113	184	5	11	0	0
T=114	184	5	11	0	0
T=115	184	5	11	0	0
T=116	184	5	11	0	0
T=117	184	5	11	0	0
T=118	184	5	11	0	0
T=119	184	5	11	0	0
T=120	184	5	11	0	0
T=121	184	5	11	0	0
T=122	183	5	12	0	0
T=123	183	5	12	0	0
T=124	183	5	12	0	0
T=125	183	5	12	0	0
T=126	183	5	12	0	0
T=127	183	5	12	0	0
T=128	183	5	12	0	0
T=129	183	5	12	0	0
T=130	183	5	12	0	0
T=131	183	5	12	0	0
T=132	182	5	13	0	0
T=133	182	5	13	0	0
T=134	182	5	13	0	0
T=135	182	5	13	0	0
T=136	182	5	13	0	0
T=137	182	5	13	0	0
T=138	182	5	13	0	0
T=139	182	5	13	0	0
T=140	182	5	13	0	0
T=141	182	5	13	0	0
T=142	181	5	14	0	0
T=143	181	5	14	0	0
T=144	181	5	14	0	0
T=145	181	5	14	0	0
T=146	181	5	14	0	0
T=147	181	5	14	0	0
T=148	181	5	14	0	0
T=149	181	5	14	0	0
T=150	181	5	14	0	0
T=151	181	5	14	0	0
T=152	180	5	15	0	0
T=153	180	5	15	0	0
T=154	180	5	15	0	0
T=155	180	5	15	0	0
T=156	180	5	15	0	0
T=157	180	5	15	0	0
T=158	180	5	15	0	0
T=159	180	5	15	0	0
T=160	180	5	15	0	0
T=161	180	5	15	0	0
T=162	179	5	16	0	0
T=163	179	5	16	0	0
T=164	179	5	16	0	0
T=165	179	5	16	0	0
T=166	179	5	16	0	0
T=167	179	5	16	0	0
T=168	179	5	16	0	0
T=169	179	5	16	0	0
T=170	179	5	16	0	0
T=171	179	5	16	0	0
T=172	178	5	17	0	0
T=173	178	5	17	0	0
T=174	178	5	17	0	0
T=175	178	5	17	0	0
T=176	178	5	17	0	0
T=177	178	5	17	0	0
T=178	178	5	17	0	0
T=179	178	5	17	0	0
T=180	178	5	17	0	0
T=181	178	5	17	0	0
T=182	177	5	18	0	0
T=183	177	5	18	0	0
T=184	177	5	18	0	0
T=185	177	5	18	0	0
T=186	177	5	18	0	0
T=187	177	5	18	0	0
T=188	177	5	18	0	0
T=189	177	5	18	0	0
T=190	177	5	18	0	0
T=191	177	5	18	0	0
T=192	176	5	19	0	0
T=193	176	5	19	0	0
T=194	176	5	19	0	0
T=195	176	5	19	0	0
T=196	176	5	19	0	0
T=197	176	5	19	0	0
T=198	176	5	19	0	0
T=199	176	5	19	0	0
T=200	176	5	19	0	0
T=201	176	5	19	0	0
T=202	175	5	20	0	0
T=203	175	5	20	0	0
T=204	175	5	20	0	0
T=205	175	5	20	0	0
T=206	175	5	20	0	0
T=207	175	5	20	0	0
T=208	175	5	20	0	0
T=209	175	5	20	0	0
T=210	175	5	20	0	0
T=211	175	5	20	0	0
T=212	174	5	21	0	0
T=213	174	5	21	0	0
T=214	174	5	21	0	0
T=215	174	5	21	0	0
T=216	174	5	21	0	0
T=217	174	5	21	0	0
T=218	174	5	21	0	0
T=219	174	5	21	0	0
T=220	174	5	21	0	0
T=221	174	5	21	0	0
T=222	173	5	22	0	0
T=223	173	5	22	0	0
T=224	173	5	22	0	0
T=225	173	5	22	0	0
T=226	173	5	22	0	0
T=227	173	5	22	0	0
T=228	173	5	22	0	0
T=229	173	5	22	0	0
T=230	173	5	22	0	0
T=231	173	5	22	0	0
T=232	172	5	23	0	0
T=233	172	5	23	0	0
T=234	172	5	23	0	0
T=235	172	5	23	0	0
T=236	172	5	23	0	0
T=237	172	5	23	0	0
T=238	172	5	23	0	0
T=239	172	5	23	0	0
T=240	172	5	23	0	0
T=241	172	5	23	0	0
T=242	171	5	24	0	0
T=243	171	5	24	0	0
T=244	171	5	24	0	0
T=245	171	5	24	0	0
T=246	171	5	24	0	0
T=247	171	5	24	0	0
T=248	171	5	24	0	0
T=249	171	5	24	0	0
T=250	171	5	24	0	0
T=251	171	5	24	0	0
T=252	170	5	25	0	0
T=253	170	5	25	0	0
T=254	170	5	25	0	0
T=255	170	5	25	0	0
T=256	170	5	25	0	0
T=257	170	5	25	0	0
T=258	170	5	25	0	0
T=259	170	5	25	0	0
T=260	170	5	25	0	0
T=261	170	5	25	0	0
T=262	169	5	26	0	0
T=263	169	5	26	0	0
T=264	169	5	26	0	0
T=265	169	5	26	0	0
T=266	169	5	26	0	0
T=267	169	5	26	0	0
T=268	169	5	26	0	0
T=269	169	5	26	0	0
T=270	169	5	26	0	0
T=271	169	5	26	0	0
T=272	168	5	27	0	0
T=273	168	5	27	0	0
T=274	168	5	27	0	0
T=275	168	5	27	0	0
T=276	168	5	27	0	0
T=277	168	5	27	0	0
T=278	168	5	27	0	0
T=279	168	5	27	0	0
T=280	168	5	27	0	0
T=281	168	5	27	0	0
T=282	167	5	28	0	0
T=283	167	5	28	0	0
T=284	167	5	28	0	0
T=285	167	5	28	0	0
T=286	167	5	28	0	0
T=287	167	5	28	0	0
T=288	167	5	28	0	0
T=289	167	5	28	0	0
T=290	167	5	28	0	0
T=291	167	5	28	0	0
T=292	166	5	29	0	0
T=293	166	5	29	0	0
T=294	166	5	29	0	0
T=295	166	5	29	0	0
T=296	166	5	29	0	0
T=297	166	5	29	0	0
T=298	166	5	29	0	0
T=299	166	5	29	0	0
T=300	166	5	29	0	0
T=301	166	5	29	0	0
T=302	165	5	30	0	0
T=303	165	5	30	0	0
T=304	165	5	30	0	0
T=305	165	5	30	0	0
T=306	165	5	30	0	0
T=307	165	5	30	0	0
T=308	165	5	30	0	0
T=309	165	5	30	0	0
T=310	165	5	30	0	0
T=311	165	5	30	0	0
T=312	164	5	31	0	0
T=313	164	5	31	0	0
T=314	164	5	31	0	0
T=315	164	5	31	0	0
T=316	164	5	31	0	0
T=317	164	5	31	0	0
T=318	164	5	31	0	0
T=319	164	5	31	0	0
T=320	164	5	31	0	0
T=321	164	5	31	0	0
T=322	163	5	32	0	0
T=323	163	5	32	0	0
T=324	163	5	32	0	0
T=325	163	5	32	0	0
T=326	163	5	32	0	0
T=327	163	5	32	0	0
T=328	163	5	32	0	0
T=329	163	5	32	0	0
T=330	163	5	32	0	0
T=331	163	5	32	0	0
T=332	162	5	33	0	0
T=333	162	5	33	0	0
T=334	162	5	33	0	0
T=335	162	5	33	0	0
T=336	162	5	33	0	0
T=337	162	5	33	0	0
T=338	162	5	33	0	0
T=339	162	5	33	0	0
T=340	162	5	33	0	0
T=341	162	5	33	0	0
T=342	161	5	34	0	0
T=343	161	5	34	0	0
T=344	161	5	34	0	0
T=345	161	5	34	0	0
T=346	161	5	34	0	0
T=347	161	5	34	0	0
T=348	161	5	34	0	0
T=349	161	5	34	0	0
T=350	161	5	34	0	0
T=351	161	5	34	0	0
T=352	160	5	35	0	0
T=353	160	5	35	0	0
T=354	160	5	35	0	0
T=355	160	5	35	0	0
T=356	160	5	35	0	0
T=357	160	5	35	0	0
T=358	160	5	35	0	0
T=359	160	5	35	0	0
T=360	160	5	35	0	0
T=361	160	5	35	0	0
T=362	159	5	36	0	0
T=363	159	5	36	0	0
T=364	159	5	36	0	0
T=365	159	5	36	0	0
T=366	159	5	36	0	0
T=367	159	5	36	0	0
T=368	159	5	36	0	0
T=369	159	5	36	0	0
T=370	159	5	36	0	0
T=371	159	5	36	0	0
T=372	158	5	37	0	0
T=373	158	5	37	0	0
T=374	158	5	37	0	0
T=375	158	5	37	0	0
T=376	158	5	37	0	0
T=377	158	5	37	0	0
T=378	158	5	37	0	0
T=379	158	5	37	0	0
T=380	158	5	37	0	0
T=381	158	5	37	0	0
T=382	157	5	38	0	0
T=383	157	5	38	0	0
T=384	157	5	38	0	0
T=385	157	5	38	0	0
T=386	157	5	38	0	0
T=387	157	5	38	0	0
T=388	157	5	38	0	0
T=389	157	5	38	0	0
T=390	157	5	38	0	0
T=391	157	5	38	0	0
T=392	156	5	39	0	0
T=393	156	5	39	0	0
T=394	156	5	39	0	0
T=395	156	5	39	0	0
T=396	156	5	39	0	0
T=397	156	5	39	0	0
T=398	156	5	39	0	0
T=399	156	5	39	0	0
T=400	156	5	39	0	0
T=401	156	5	39	0	0
T=402	155	5	40	0	0
T=403	155	5	40	0	0
T=404	155	5	40	0	0
T=405	155	5	40	0	0
T=406	155	5	40	0	0
T=407	155	5	40	0	0
T=408	155	5	40	0	0
T=409	155	5	40	0	0
T=410	155	5	40	0	0
T=411	155	5	40	0	0
T=412	154	5	41	0	0
T=413	154	5	41	0	0
T=414	154	5	41	0	0
T=415	154	5	41	0	0
T=416	154	5	41	0	0
T=417	154	5	41	0	0
T=418	154	5	41	0	0
T=419	154	5	41	0	0
T=420	154	5	41	0	0
T=421	154	5	41	0	0
T=422	153	5	42	0	0
T=423	153	5	42	0	0
T=424	153	5	42	0	0
T=425	153	5	42	0	0
T=426	153	5	42	0	0
T=427	153	5	42	0	0
T=428	153	5	42	0	0
T=429	153	5	42	0	0
T=430	153	5	42	0	0
T=431	153	5	42	0	0
T=432	152	5	43	0	0
T=433	152	5	43	0	0
T=434	152	5	43	0	0
T=435	152	5	43	0	0
T=436	152	5	43	0	0
T=437	152	5	43	0	0
T=438	152	5	43	0	0
T=439	152	5	43	0	0
T=440	152	5	43	0	0
T=441	152	5	43	0	0
T=442	151	5	44	0	0
T=443	151	5	44	0	0
T=444	151	5	44	0	0
T=445	151	5	44	0	0
T=446	151	5	44	0	0
T=447	151	5	44	0	0
T=448	151	5	44	0	0
T=449	151	5	44	0	0
T=450	151	5	44	0	0
T=451	151	5	44	0	0
T=452	150	5	45	0	0
T=453	150	5	45	0	0
T=454	150	5	45	0	0
T=455	150	5	45	0	0
T=456	150	5	45	0	0
T=457	150	5	45	0	0
T=458	150	5	45	0	0
T=459	150	5	45	0	0
T=460	150	5	45	0	0
T=461	150	5	45	0	0
T=462	149	5	46	0	0
T=463	149	5	46	0	0
T=464	149	5	46	0	0
T=465	149	5	46	0	0
T=466	149	5	46	0	0
T=467	149	5	46	0	0
T=468	149	5	46	0	0
T=469	149	5	46	0	0
T=470	149	5	46	0	0
T=471	149	5	46	0	0
T=472	148	5	47	0	0
T=473	148	5	47	0	0
T=474	148	5	47	0	0
T=475	148	5	47	0	0
T=476	148	5	47	0	0
T=477	148	5	47	0	0
T=478	148	5	47	0	0
T=479	148	5	47	0	0
T=480	148	5	47	0	0
T=481	148	5	47	0	0
T=482	147	5	48	0	0
T=483	147	5	48	0	0
T=484	147	5	48	0	0
T=485	147	5	48	0	0
T=486	147	5	48	0	0
T=487	147	5	48	0	0
T=488	147	5	48	0	0
T=489	147	5	48	0	0
T=490	147	5	48	0	0
T=491	147	5	48	0	0
T=492	146	5	49	0	0
T=493	146	5	49	0	0
T=494	146	5	49	0	0
T=495	146	5	49	0	0
T=496	146	5	49	0	0
T=497	146	5	49	0	0
T=498	146	5	49	0	0
T=499	146	5	49	0	0
T=500	146	5	49	0	0
T=501	146	5	49	0	0
T=502	145	5	50	0	0
T=503	145	5	50	0	0
T=504	145	5	50	0	0
T=505	145	5	50	0	0
T=506	145	5	50	0	0
T=507	145	5	50	0	0
T=508	145	5	50	0	0
T=509	145	5	50	0	0
T=510	145	5	50	0	0
T=511	145	5	50	0	0
T=512	144	5	51	0	0
T=513	144	5	51	0	0
T=514	144	5	51	0	0
T=515	144	5	51	0	0
T=516	144	5	51	0	0
T=517	144	5	51	0	0
T=518	144	5	51	0	0
T=519	144	5	51	0	0
T=520	144	5	51	0	0
T=521	144	5	51	0	0
T=522	143	5	52	0	0
T=523	143	5	52	0	0
T=524	143	5	52	0	0
T=525	143	5	52	0	0
T=526	143	5	52	0	0
T=527	143	5	52	0	0
T=528	143	5	52	0	0
T=529	143	5	52	0	0
T=530	143	5	52	0	0
T=531	143	5	52	0	0
T=532	142	5	53	0	0
T=533	142	5	53	0	0
T=534	142	5	53	0	0
T=535	142	5	53	0	0
T=536	142	5	53	0	0
T=537	142	5	53	0	0
T=538	142	5	53	0	0
T=539	142	5	53	0	0
T=540	142	5	53	0	0
T=541	142	5	53	0	0
T=542	141	5	54	0	0
T=543	141	5	54	0	0
T=544	141	5	54	0	0
T=545	141	5	54	0	0
T=546	141	5	54	0	0
T=547	141	5	54	0	0
T=548	141	5	54	0	0
T=549	141	5	54	0	0
T=550	141	5	54	0	0
T=551	141	5	54	0	0
T=552	140	5	55	0	0
T=553	140	5	55	0	0
T=554	140	5	55	0	0
T=555	140	5	55	0	0
T=556	140	5	55	0	0
T=557	140	5	55	0	0
T=558	140	5	55	0	0
T=559	140	5	55	0	0
T=560	140	5	55	0	0
T=561	140	5	55	0	0
T=562	139	5	56	0	0
T=563	139	5	56	0	0
T=564	139	5	56	0	0
T=565	139	5	56	0	0
T=566	139	5	56	0	0
T=567	139	5	56	0	0
T=568	139	5	56	0	0
T=569	139	5	56	0	0
T=570	139	5	56	0	0
T=571	139	5	56	0	0
T=572	138	5	57	0	0
T=573	138	5	57	0	0
T=574	138	5	57	0	0
T=575	138	5	57	0	0
T=576	138	5	57	0	0
T=577	138	5	57	0	0
T=578	138	5	57	0	0
T=579	138	5	57	0	0
T=580	138	5	57	0	0
T=581	138	5	57	0	0
T=582	137	5	58	0	0
T=583	137	5	58	0	0
T=584	137	5	58	0	0
T=585	137	5	58	0	0
T=586	137	5	58	0	0
T=587	137	5	58	0	0
T=588	137	5	58	0	0
T=589	137	5	58	0	0
T=590	137	5	58	0	0
T=591	137	5	58	0	0
T=592	136	5	59	0	0
T=593	136	5	59	0	0
T=594	136	5	59	0	0
T=595	136	5	59	0	0
T=596	136	5	59	0	0
T=597	136	5	59	0	0
T=598	136	5	59	0	0
T=599	136	5	59	0	0
T=600	136	5	59	0	0
T=601	136	5	59	0	0
T=602	135	5	60	0	0
T=603	135	5	60	0	0
T=604	135	5	60	0	0
T=605	135	5	60	0	0
T=606	135	5	60	0	0
T=607	135	5	60	0	0
T=608	135	5	60	0	0
T=609	135	5	60	0	0
T=610	135	5	60	0	0
T=611	135	5	60	0	0
T=612	134	5	61	0	0
T=613	134	5	61	0	0
T=614	134	5	61	0	0
T=615	134	5	61	0	0
T=616	134	5	61	0	0
T=617	134	5	61	0	0
T=618	134	5	61	0	0
T=619	134	5	61	0	0
T=620	134	5	61	0	0
T=621	134	5	61	0	0
T=622	133	5	62	0	0
T=623	133	5	62	0	0
T=624	133	5	62	0	0
T=625	133	5	62	0	0
T=626	133	5	62	0	0
T=627	133	5	62	0	0
T=628	133	5	62	0	0
T=629	133	5	62	0	0
T=630	133	5	62	0	0
T=631	133	5	62	0	0
T=632	132	5	63	0	0
T=633	132	5	63	0	0
T=634	132	5	63	0	0
T=635	132	5	63	0	0
T=636	132	5	63	0	0
T=637	132	5	63	0	0
T=638	132	5	63	0	0
T=639	132	5	63	0	0
T=640	132	5	63	0	0
T=641	132	5	63	0	0
T=642	131	5	64	0	0
T=643	131	5	64	0	0
T=644	131	5	64	0	0
T=645	131	5	64	0	0
T=646	131	5	64	0	0
T=647	131	5	64	0	0
T=648	131	5	64	0	0
T=649	131	5	64	0	0
T=650	131	5	64	0	0
T=651	131	5	64	0	0
T=652	130	5	65	0	0
T=653	130	5	65	0	0
T=654	130	5	65	0	0
T=655	130	5	65	0	0
T=656	130	5	65	0	0
T=657	130	5	65	0	0
T=658	130	5	65	0	0
T=659	130	5	65	0	0
T=660	130	5	65	0	0
T=661	130	5	65	0	0
T=662	129	5	66	0	0
T=663	129	5	66	0	0
T=664	129	5	66	0	0
T=665	129	5	66	0	0
T=666	129	5	66	0	0
T=667	129	5	66	0	0
T=668	129	5	66	0	0
T=669	129	5	66	0	0
T=670	129	5	66	0	0
T=671	129	5	66	0	0
T=672	128	5	67	0	0
T=673	128	5	67	0	0
T=674	128	5	67	0	0
T=675	128	5	67	0	0
T=676	128	5	67	0	0
T=677	128	5	67	0	0
T=678	128	5	67	0	0
T=679	128	5	67	0	0
T=680	128	5	67	0	0
T=681	128	5	67	0	0
T=682	127	5	68	0	0
T=683	127	5	68	0	0
T=684	127	5	68	0	0
T=685	127	5	68	0	0
T=686	127	5	68	0	0
T=687	127	5	68	0	0
T=688	127	5	68	0	0
T=689	127	5	68	0	0
T=690	127	5	68	0	0
T=691	127	5	68	0	0
T=692	126	5	69	0	0
T=693	126	5	69	0	0
T=694	126	5	69	0	0
T=695	126	5	69	0	0
T=696	126	5	69	0	0
T=697	126	5	69	0	0
T=698	126	5	69	0	0
T=699	126	5	69	0	0
T=700	126	5	69	0	0
T=701	126	5	69	0	0
T=702	125	5	70	0	0
T=703	125	5	70	0	0
T=704	125	5	70	0	0
T=705	125	5	70	0	0
T=706	125	5	70	0	0
T=707	125	5	70	0	0
T=708	125	5	70	0	0
T=709	125	5	70	0	0
T=710	125	5	70	0	0
T=711	125	5	70	0	0
T=712	124	5	71	0	0
T=713	124	5	71	0	0
T=714	124	5	71	0	0
T=715	124	5	71	0	0
T=716	124	5	71	0	0
T=717	124	5	71	0	0
T=718	124	5	71	0	0
T=719	124	5	71	0	0
T=720	124	5	71	0	0
T=721	124	5	71	0	0
T=722	123	5	72	0	0
T=723	123	5	72	0	0
T=724	123	5	72	0	0
T=725	123	5	72	0	0
T=726	123	5	72	0	0
T=727	123	5	72	0	0
T=728	123	5	72	0	0
T=729	123	5	72	0	0
T=730	123	5	72	0	0
T=731	123	5	72	0	0
T=732	122	5	73	0	0
T=733	122	5	73	0	0
T=734	122	5	73	0	0
T=735	122	5	73	0	0
T=736	122	5	73	0	0
T=737	122	5	73	0	0
T=738	122	5	73	0	0
T=739	122	5	73	0	0
T=740	122	5	73	0	0
T=741	122	5	73	0	0
T=742	121	5	74	0	0
T=743	121	5	74	0	0
T=744	121	5	74	0	0
T=745	121	5	74	0	0
T=746	121	5	74	0	0
T=747	121	5	74	0	0
T=748	121	5	74	0	0
T=749	121	5	74	0	0
T=750	121	5	74	0	0
T=751	121	5	74	0	0
T=752	120	5	75	0	0
T=753	120	5	75	0	0
T=754	120	5	75	0	0
T=755	120	5	75	0	0
T=756	120	5	75	0	0
T=757	120	5	75	0	0
T=758	120	5	75	0	0
T=759	120	5	75	0	0
T=760	120	5	75	0	0
T=761	120	5	75	0	0
T=762	119	5	76	0	0
T=763	119	5	76	0	0
T=764	119	5	76	0	0
T=765	119	5	76	0	0
T=766	119	5	76	0	0
T=767	119	5	76	0	0
T=768	119	5	76	0	0
T=769	119	5	76	0	0
T=770	119	5	76	0	0
T=771	119	5	76	0	0
T=772	118	5	77	0	0
T=773	118	5	77	0	0
T=774	118	5	77	0	0
T=775	118	5	77	0	0
T=776	118	5	77	0	0
T=777	118	5	77	0	0
T=778	118	5	77	0	0
T=779	118	5	77	0	0
T=780	118	5	77	0	0
T=781	118	5	77	0	0
T=782	117	5	78	0	0
T=783	117	5	78	0	0
T=784	117	5	78	0	0
T=785	117	5	78	0	0
T=786	117	5	78	0	0
T=787	117	5	78	0	0
T=788	117	5	78	0	0
T=789	117	5	78	0	0
T=790	117	5	78	0	0
T=791	117	5	78	0	0
T=792	116	5	79	0	0
T=793	116	5	79	0	0
T=794	116	5	79	0	0
T=795	116	5	79	0	0
T=796	116	5	79	0	0
T=797	116	5	79	0	0
T=798	116	5	79	0	0
T=799	116	5	79	0	0
T=800	116	5	79	0	0
T=801	116	5	79	0	0
T=802	115	5	80	0	0
T=803	115	5	80	0	0
T=804	115	5	80	0	0
T=805	115	5	80	0	0
T=806	115	5	80	0	0
T=807	115	5	80	0	0
T=808	115	5	80	0	0
T=809	115	5	80	0	0
T=810	115	5	80	0	0
T=811	115	5	80	0	0
T=812	114	5	81	0	0
T=813	114	5	81	0	0
T=814	114	5	81	0	0
T=815	114	5	81	0	0
T=816	114	5	81	0	0
T=817	114	5	81	0	0
T=818	114	5	81	0	0
T=819	114	5	81	0	0
T=820	114	5	81	0	0
T=821	114	5	81	0	0
T=822	113	5	82	0	0
T=823	113	5	82	0	0
T=824	113	5	82	0	0
T=825	113	5	82	0	0
T=826	113	5	82	0	0
T=827	113	5	82	0	0
T=828	113	5	82	0	0
T=829	113	5	82	0	0
T=830	113	5	82	0	0
T=831	113	5	82	0	0
T=832	112	5	83	0	0
T=833	112	5	83	0	0
T=834	112	5	83	0	0
T=835	112	5	83	0	0
T=836	112	5	83	0	0
T=837	112	5	83	0	0
T=838	112	5	83	0	0
T=839	112	5	83	0	0
T=840	112	5	83	0	0
T=841	112	5	83	0	0
T=842	111	5	84	0	0
T=843	111	5	84	0	0
T=844	111	5	84	0	0
T=845	111	5	84	0	0
T=846	111	5	84	0	0
T=847	111	5	84	0	0
T=848	111	5	84	0	0
T=849	111	5	84	0	0
T=850	111	5	84	0	0
T=851	111	5	84	0	0
T=852	110	5	85	0	0
T=853	110	5	85	0	0
T=854	110	5	85	0	0
T=855	110	5	85	0	0
T=856	110	5	85	0	0
T=857	110	5	85	0	0
T=858	110	5	85	0	0
T=859	110	5	85	0	0
T=860	110	5	85	0	0
T=861	110	5	85	0	0
T=862	109	5	86	0	0
T=863	109	5	86	0	0
T=864	109	5	86	0	0
T=865	109	5	86	0	0
T=866	109	5	86	0	0
T=867	109	5	86	0	0
T=868	109	5	86	0	0
T=869	109	5	86	0	0
T=870	109	5	86	0	0
T=871	109	5	86	0	0
T=872	108	5	87	0	0
T=873	108	5	87	0	0
T=874	108	5	87	0	0
T=875	108	5	87	0	0
T=876	108	5	87	0	0
T=877	108	5	87	0	0
T=878	108	5	87	0	0
T=879	108	5	87	0	0
T=880	108	5	87	0	0
T=881	108	5	87	0	0
T=882	107	5	88	0	0
T=883	107	5	88	0	0
T=884	107	5	88	0	0
T=885	107	5	88	0	0
T=886	107	5	88	0	0
T=887	107	5	88	0	0
T=888	107	5	88	0	0
T=889	107	5	88	0	0
T=890	107	5	88	0	0
T=891	107	5	88	0	0
T=892	106	5	89	0	0
T=893	106	5	89	0	0
T=894	106	5	89	0	0
T=895	106	5	89	0	0
T=896	106	5	89	0	0
T=897	106	5	89	0	0
T=898	106	5	89	0	0
T=899	106	5	89	0	0
T=900	106	5	89	0	0
T=901	106	5	89	0	0
T=902	105	5	90	0	0
T=903	105	5	90	0	0
T=904	105	5	90	0	0
T=905	105	5	90	0	0
T=906	105	5	90	0	0
T=907	105	5	90	0	0
T=908	105	5	90	0	0
T=909	105	5	90	0	0
T=910	105	5	90	0	0
T=911	105	5	90	0	0
T=912	104	5	91	0	0
T=913	104	5	91	0	0
T=914	104	5	91	0	0
T=915	104	5	91	0	0
T=916	104	5	91	0	0
T=917	104	5	91	0	0
T=918	104	5	91	0	0
T=919	104	5	91	0	0
T=920	104	5	91	0	0
T=921	104	5	91	0	0
T=922	103	5	92	0	0
T=923	103	5	92	0	0
T=924	103	5	92	0	0
T=925	103	5	92	0	0
T=926	103	5	92	0	0
T=927	103	5	92	0	0
T=928	103	5	92	0	0
T=929	103	5	92	0	0
T=930	103	5	92	0	0
T=931	103	5	92	0	0
T=932	102	5	93	0	0
T=933	102	5	93	0	0
T=934	102	5	93	0	0
T=935	102	5	93	0	0
T=936	102	5	93	0	0
T=937	102	5	93	0	0
T=938	102	5	93	0	0
T=939	102	5	93	0	0
T=940	102	5	93	0	0
T=941	102	5	93	0	0
T=942	101	5	94	0	0
T=943	101	5	94	0	0
T=944	101	5	94	0	0
T=945	101	5	94	0	0
T=946	101	5	94	0	0
T=947	101	5	94	0	0
T=948	101	5	94	0	0
T=949	101	5	94	0	0
T=950	101	5	94	0	0
T=951	101	5	94	0	0
T=952	100	5	95	0	0
T=953	100	5	95	0	0
T=954	100	5	95	0	0
T=955	100	5	95	0	0
T=956	100	5	95	0	0
T=957	100	5	95	0	0
T=958	100	5	95	0	0
T=959	100	5	95	0	0
T=960	100	5	95	0	0
T=961	100	5	95	0	0
T=962	99	5	96	0	0
T=963	99	5	96	0	0
T=964	99	5	96	0	0
T=965	99	5	96	0	0
T=966	99	5	96	0	0
T=967	99	5	96	0	0
T=968	99	5	96	0	0
T=969	99	5	96	0	0
T=970	99	5	96	0	0
T=971	99	5	96	0	0
T=972	98	5	97	0	0
T=973	98	5	97	0	0
T=974	98	5	97	0	0
T=975	98	5	97	0	0
T=976	98	5	97	0	0
T=977	98	5	97	0	0
T=978	98	5	97	0	0
T=979	98	5	97	0	0
T=980	98	5	97	0	0
T=981	98	5	97	0	0
T=982	97	5	98	0	0
T=983	97	5	98	0	0
T=984	97	5	98	0	0
T=985	97	5	98	0	0
T=986	97	5	98	0	0
T=987	97	5	98	0	0
T=988	97	5	98	0	0
T=989	97	5	98	0	0
T=990	97	5	98	0	0
T=991	97	5	98	0	0
T=992	96	5	99	0	0
T=993	96	5	99	0	0
T=994	96	5	99	0	0
T=995	96	5	99	0	0
T=996	96	5	99	0	0
T=997	96	5	99	0	0
T=998	96	5	99	0	0
T=999	96	5	99	0	0
T=1000	96	5	99	0	0
T=1001	96	5	99	0	0
T=1002	95	5	100	0	0
T=1003	95	5	100	0	0
T=1004	95	5	100	0	0
T=1005	95	5	100	0	0
T=1006	95	5	100	0	0
T=1007	95	5	100	0	0
T=1008	95	5	100	0	0
T=1009	95	5	100	0	0
T=1010	95	5	100	0	0
T=1011	95	5	100	0	0
T=1012	94	5	101	0	0
T=1013	94	5	101	0	0
T=1014	94	5	101	0	0
T=1015	94	5	101	0	0
T=1016	94	5	101	0	0
T=1017	94	5	101	0	0
T=1018	94	5	101	0	0
T=1019	94	5	101	0	0
T=1020	94	5	101	0	0
T=1021	94	5	101	0	0
T=1022	93	5	102	0	0
T=1023	93	5	102	0	0
T=1024	93	5	102	0	0
T=1025	93	5	102	0	0
T=1026	93	5	102	0	0
T=1027	93	5	102	0	0
T=1028	93	5	102	0	0
T=1029	93	5	102	0	0
T=1030	93	5	102	0	0
T=1031	93	5	102	0	0
T=1032	92	5	103	0	0
T=1033	92	5	103	0	0
T=1034	92	5	103	0	0
T=1035	92	5	103	0	0
T=1036	92	5	103	0	0
T=1037	92	5	103	0	0
T=1038	92	5	103	0	0
T=1039	92	5	103	0	0
T=1040	92	5	103	0	0
T=1041	92	5	103	0	0
T=1042	91	5	104	0	0
T=1043	91	5	104	0	0
T=1044	91	5	104	0	0
T=1045	91	5	104	0	0
T=1046	91	5	104	0	0
T=1047	91	5	104	0	0
T=1048	91	5	104	0	0
T=1049	91	5	104	0	0
T=1050	91	5	104	0	0
T=1051	91	5	104	0	0
T=1052	90	5	105	0	0
T=1053	90	5	105	0	0
T=1054	90	5	105	0	0
T=1055	90	5	105	0	0
T=1056	90	5	105	0	0
T=1057	90	5	105	0	0
T=1058	90	5	105	0	0
T=1059	90	5	105	0	0
T=1060	90	5	105	0	0
T=1061	90	5	105	0	0
T=1062	89	5	106	0	0
T=1063	89	5	106	0	0
T=1064	89	5	106	0	0
T=1065	89	5	106	0	0
T=1066	89	5	106	0	0
T=1067	89	5	106	0	0
T=1068	89	5	106	0	0
T=1069	89	5	106	0	0
T=1070	89	5	106	0	0
T=1071	89	5	106	0	0
T=1072	88	5	107	0	0
T=1073	88	5	107	0	0
T=1074	88	5	107	0	0
T=1075	88	5	107	0	0
T=1076	88	5	107	0	0
T=1077	88	5	107	0	0
T=1078	88	5	107	0	0
T=1079	88	5	107	0	0
T=1080	88	5	107	0	0
T=1081	88	5	107	0	0
T=1082	87	5	108	0	0
T=1083	87	5	108	0	0
T=1084	87	5	108	0	0
T=1085	87	5	108	0	0
T=1086	87	5	108	0	0
T=1087	87	5	108	0	0
T=1088	87	5	108	0	0
T=1089	87	5	108	0	0
T=1090	87	5	108	0	0
T=1091	87	5	108	0	0
T=1092	86	5	109	0	0
T=1093	86	5	109	0	0
T=1094	86	5	109	0	0
T=1095	86	5	109	0	0
T=1096	86	5	109	0	0
T=1097	86	5	109	0	0
T=1098	86	5	109	0	0
T=1099	86	5	109	0	0
T=1100	86	5	109	0	0
T=1101	86	5	109	0	0
T=1102	85	5	110	0	0
T=1103	85	5	110	0	0
T=1104	85	5	110	0	0
T=1105	85	5	110	0	0
T=1106	85	5	110	0	0
T=1107	85	5	110	0	0
T=1108	85	5	110	0	0
T=1109	85	5	110	0	0
T=1110	85	5	110	0	0
T=1111	85	5	110	0	0
T=1112	84	5	111	0	0
T=1113	84	5	111	0	0
T=1114	84	5	111	0	0
T=1115	84	5	111	0	0
T=1116	84	5	111	0	0
T=1117	84	5	111	0	0
T=1118	84	5	111	0	0
T=1119	84	5	111	0	0
T=1120	84	5	111	0	0
T=1121	84	5	111	0	0
T=1122	83	5	112	0	0
T=1123	83	5	112	0	0
T=1124	83	5	112	0	0
T=1125	83	5	112	0	0
T=1126	83	5	112	0	0
T=1127	83	5	112	0	0
T=1128	83	5	112	0	0
T=1129	83	5	112	0	0
T=1130	83	5	112	0	0
T=1131	83	5	112	0	0
T=1132	82	5	113	0	0
T=1133	82	5	113	0	0
T=1134	82	5	113	0	0
T=1135	82	5	113	0	0
T=1136	82	5	113	0	0
T=1137	82	5	113	0	0
T=1138	82	5	113	0	0
T=1139	82	5	113	0	0
T=1140	82	5	113	0	0
T=1141	82	5	113	0	0
T=1142	81	5	114	0	0
T=1143	81	5	114	0	0
T=1144	81	5	114	0	0
T=1145	81	5	114	0	0
T=1146	81	5	114	0	0
T=1147	81	5	114	0	0
T=1148	81	5	114	0	0
T=1149	81	5	114	0	0
T=1150	81	5	114	0	0
T=1151	81	5	114	0	0
T=1152	80	5	115	0	0
T=1153	80	5	115	0	0
T=1154	80	5	115	0	0
T=1155	80	5	115	0	0
T=1156	80	5	115	0	0
T=1157	80	5	115	0	0
T=1158	80	5	115	0	0
T=1159	80	5	115	0	0
T=1160	80	5	115	0	0
T=1161	80	5	115	0	0
T=1162	79	5	116	0	0
T=1163	79	5	116	0	0
T=1164	79	5	116	0	0
T=1165	79	5	116	0	0
T=1166	79	5	116	0	0
T=1167	79	5	116	0	0
T=1168	79	5	116	0	0
T=1169	79	5	116	0	0
T=1170	79	5	116	0	0
T=1171	79	5	116	0	0
T=1172	78	5	117	0	0
T=1173	78	5	117	0	0
T=1174	78	5	117	0	0
T=1175	78	5	117	0	0
T=1176	78	5	117	0	0
T=1177	78	5	117	0	0
T=1178	78	5	117	0	0
T=1179	78	5	117	0	0
T=1180	78	5	117	0	0
T=1181	78	5	117	0	0
T=1182	77	5	118	0	0
T=1183	77	5	118	0	0
T=1184	77	5	118	0	0
T=1185	77	5	118	0	0
T=1186	77	5	118	0	0
T=1187	77	5	118	0	0
T=1188	77	5	118	0	0
T=1189	77	5	118	0	0
T=1190	77	5	118	0	0
T=1191	77	5	118	0	0
T=1192	76	5	119	0	0
T=1193	76	5	119	0	0
T=1194	76	5	119	0	0
T=1195	76	5	119	0	0
T=1196	76	5	119	0	0
T=1197	76	5	119	0	0
T=1198	76	5	119	0	0
T=1199	76	5	119	0	0
T=1200	76	5	119	0	0
T=1201	76	5	119	0	0
T=1202	75	5	120	0	0
T=1203	75	5	120	0	0
T=1204	75	5	120	0	0
T=1205	75	5	120	0	0
T=1206	75	5	120	0	0
T=1207	75	5	120	0	0
T=1208	75	5	120	0	0
T=1209	75	5	120	0	0
T=1210	75	5	120	0	0
T=1211	75	5	120	0	0
T=1212	74	5	121	0	0
T=1213	74	5	121	0	0
T=1214	74	5	121	0	0
T=1215	74	5	121	0	0
T=1216	74	5	121	0	0
T=1217	74	5	121	0	0
T=1218	74	5	121	0	0
T=1219	74	5	121	0	0
T=1220	74	5	121	0	0
T=1221	74	5	121	0	0
T=1222	73	5	122	0	0
T=1223	73	5	122	0	0
T=1224	73	5	122	0	0
T=1225	73	5	122	0	0
T=1226	73	5	122	0	0
T=1227	73	5	122	0	0
T=1228	73	5	122	0	0
T=1229	73	5	122	0	0
T=1230	73	5	122	0	0
T=1231	73	5	122	0	0
T=1232	72	5	123	0	0
T=1233	72	5	123	0	0
T=1234	72	5	123	0	0
T=1235	72	5	123	0	0
T=1236	72	5	123	0	0
T=1237	72	5	123	0	0
T=1238	72	5	123	0	0
T=1239	72	5	123	0	0
T=1240	72	5	123	0	0
T=1241	72	5	123	0	0
T=1242	71	5	124	0	0
T=1243	71	5	124	0	0
T=1244	71	5	124	0	0
T=1245	71	5	124	0	0
T=1246	71	5	124	0	0
T=1247	71	5	124	0	0
T=1248	71	5	124	0	0
T=1249	71	5	124	0	0
T=1250	71	5	124	0	0
T=1251	71	5	124	0	0
T=1252	70	5	125	0	0
T=1253	70	5	125	0	0
T=1254	70	5	125	0	0
T=1255	70	5	125	0	0
T=1256	70	5	125	0	0
T=1257	70	5	125	0	0
T=1258	70	5	125	0	0
T=1259	70	5	125	0	0
T=1260	70	5	125	0	0
T=1261	70	5	125	0	0
T=1262	69	5	126	0	0
T=1263	69	5	126	0	0
T=1264	69	5	126	0	0
T=1265	69	5	126	0	0
T=1266	69	5	126	0	0
T=1267	69	5	126	0	0
T=1268	69	5	126	0	0
T=1269	69	5	126	0	0
T=1270	69	5	126	0	0
T=1271	69	5	126	0	0
T=1272	68	5	127	0	0
T=1273	68	5	127	0	0
T=1274	68	5	127	0	0
T=1275	68	5	127	0	0
T=1276	68	5	127	0	0
T=1277	68	5	127	0	0
T=1278	68	5	127	0	0
T=1279	68	5	127	0	0
T=1280	68	5	127	0	0
T=1281	68	5	127	0	0
T=1282	67	5	128	0	0
T=1283	67	5	128	0	0
T=1284	67	5	128	0	0
T=1285	67	5	128	0	0
T=1286	67	5	128	0	0
T=1287	67	5	128	0	0
T=1288	67	5	128	0	0
T=1289	67	5	128	0	0
T=1290	67	5	128	0	0
T=1291	67	5	128	0	0
T=1292	66	5	129	0	0
T=1293	66	5	129	0	0
T=1294	66	5	129	0	0
T=1295	66	5	129	0	0
T=1296	66	5	129	0	0
T=1297	66	5	129	0	0
T=1298	66	5	129	0	0
T=1299	66	5	129	0	0
T=1300	66	5	129	0	0
T=1301	66	5	129	0	0
T=1302	65	5	130	0	0
T=1303	65	5	130	0	0
T=1304	65	5	130	0	0
T=1305	65	5	130	0	0
T=1306	65	5	130	0	0
T=1307	65	5	130	0	0
T=1308	65	5	130	0	0
T=1309	65	5	130	0	0
T=1310	65	5	130	0	0
T=1311	65	5	130	0	0
T=1312	64	5	131	0	0
T=1313	64	5	131	0	0
T=1314	64	5	131	0	0
T=1315	64	5	131	0	0
T=1316	64	5	131	0	0
T=1317	64	5	131	0	0
T=1318	64	5	131	0	0
T=1319	64	5	131	0	0
T=1320	64	5	131	0	0
T=1321	64	5	131	0	0
T=1322	63	5	132	0	0
T=1323	63	5	132	0	0
T=1324	63	5	132	0	0
T=1325	63	5	132	0	0
T=1326	63	5	132	0	0
T=1327	63	5	132	0	0
T=1328	63	5	132	0	0
T=1329	63	5	132	0	0
T=1330	63	5	132	0	0
T=1331	63	5	132	0	0
T=1332	62	5	133	0	0
T=1333	62	5	133	0	0
T=1334	62	5	133	0	0
T=1335	62	5	133	0	0
T=1336	62	5	133	0	0
T=1337	62	5	133	0	0
T=1338	62	5	133	0	0
T=1339	62	5	133	0	0
T=1340	62	5	133	0	0
T=1341	62	5	133	0	0
T=1342	61	5	134	0	0
T=1343	61	5	134	0	0
T=1344	61	5	134	0	0
T=1345	61	5	134	0	0
T=1346	61	5	134	0	0
T=1347	61	5	134	0	0
T=1348	61	5	134	0	0
T=1349	61	5	134	0	0
T=1350	61	5	134	0	0
T=1351	61	5	134	0	0
T=1352	60	5	135	0	0
T=1353	60	5	135	0	0
T=1354	60	5	135	0	0
T=1355	60	5	135	0	0
T=1356	60	5	135	0	0
T=1357	60	5	135	0	0
T=1358	60	5	135	0	0
T=1359	60	5	135	0	0
T=1360	60	5	135	0	0
T=1361	60	5	135	0	0
T=1362	59	5	136	0	0
T=1363	59	5	136	0	0
T=1364	59	5	136	0	0
T=1365	59	5	136	0	0
T=1366	59	5	136	0	0
T=1367	59	5	136	0	0
T=1368	59	5	136	0	0
T=1369	59	5	136	0	0
T=1370	59	5	136	0	0
T=1371	59	5	136	0	0
T=1372	58	5	137	0	0
T=1373	58	5	137	0	0
T=1374	58	5	137	0	0
T=1375	58	5	137	0	0
T=1376	58	5	137	0	0
T=1377	58	5	137	0	0
T=1378	58	5	137	0	0
T=1379	58	5	137	0	0
T=1380	58	5	137	0	0
T=1381	58	5	137	0	0
T=1382	57	5	138	0	0
T=1383	57	5	138	0	0
T=1384	57	5	138	0	0
T=1385	57	5	138	0	0
T=1386	57	5	138	0	0
T=1387	57	5	138	0	0
T=1388	57	5	138	0	0
T=1389	57	5	138	0	0
T=1390	57	5	138	0	0
T=1391	57	5	138	0	0
T=1392	56	5	139	0	0
T=1393	56	5	139	0	0
T=1394	56	5	139	0	0
T=1395	56	5	139	0	0
T=1396	56	5	139	0	0
T=1397	56	5	139	0	0
T=1398	56	5	139	0	0
T=1399	56	5	139	0	0
T=1400	56	5	139	0	0
T=1401	56	5	139	0	0
T=1402	55	5	140	0	0
T=1403	55	5	140	0	0
T=1404	55	5	140	0	0
T=1405	55	5	140	0	0
T=1406	55	5	140	0	0
T=1407	55	5	140	0	0
T=1408	55	5	140	0	0
T=1409	55	5	140	0	0
T=1410	55	5	140	0	0
T=1411	55	5	140	0	0
T=1412	54	5	141	0	0
T=1413	54	5	141	0	0
T=1414	54	5	141	0	0
T=1415	54	5	141	0	0
T=1416	54	5	141	0	0
T=1417	54	5	141	0	0
T=1418	54	5	141	0	0
T=1419	54	5	141	0	0
T=1420	54	5	141	0	0
T=1421	54	5	141	0	0
T=1422	53	5	142	0	0
T=1423	53	5	142	0	0
T=1424	53	5	142	0	0
T=1425	53	5	142	0	0
T=1426	53	5	142	0	0
T=1427	53	5	142	0	0
T=1428	53	5	142	0	0
T=1429	53	5	142	0	0
T=1430	53	5	142	0	0
T=1431	53	5	142	0	0
T=1432	52	5	143	0	0
T=1433	52	5	143	0	0
T=1434	52	5	143	0	0
T=1435	52	5	143	0	0
T=1436	52	5	143	0	0
T=1437	52	5	143	0	0
T=1438	52	5	143	0	0
T=1439	52	5	143	0	0
T=1440	52	5	143	0	0
T=1441	52	5	143	0	0
T=1442	51	5	144	0	0
T=1443	51	5	144	0	0
T=1444	51	5	144	0	0
T=1445	51	5	144	0	0
T=1446	51	5	144	0	0
T=1447	51	5	144	0	0
T=1448	51	5	144	0	0
T=1449	51	5	144	0	0
T=1450	51	5	144	0	0
T=1451	51	5	144	0	0
T=1452	50	5	145	0	0
T=1453	50	5	145	0	0
T=1454	50	5	145	0	0
T=1455	50	5	145	0	0
T=1456	50	5	145	0	0
T=1457	50	5	145	0	0
T=1458	50	5	145	0	0
T=1459	50	5	145	0	0
T=1460	50	5	145	0	0
T=1461	50	5	145	0	0
T=1462	49	5	146	0	0
T=1463	49	5	146	0	0
T=1464	49	5	146	0	0
T=1465	49	5	146	0	0
T=1466	49	5	146	0	0
T=1467	49	5	146	0	0
T=1468	49	5	146	0	0
T=1469	49	5	146	0	0
T=1470	49	5	146	0	0
T=1471	49	5	146	0	0
T=1472	48	5	147	0	0
T=1473	48	5	147	0	0
T=1474	48	5	147	0	0
T=1475	48	5	147	0	0
T=1476	48	5	147	0	0
T=1477	48	5	147	0	0
T=1478	48	5	147	0	0
T=1479	48	5	147	0	0
T=1480	48	5	147	0	0
T=1481	48	5	147	0	0
T=1482	47	5	148	0	0
T=1483	47	5	148	0	0
T=1484	47	5	148	0	0
T=1485	47	5	148	0	0
T=1486	47	5	148	0	0
T=1487	47	5	148	0	0
T=1488	47	5	148	0	0
T=1489	47	5	148	0	0
T=1490	47	5	148	0	0
T=1491	47	5	148	0	0
T=1492	46	5	149	0	0
T=1493	46	5	149	0	0
T=1494	46	5	149	0	0
T=1495	46	5	149	0	0
T=1496	46	5	149	0	0
T=1497	46	5	149	0	0
T=1498	46	5	149	0	0
T=1499	46	5	149	0	0
T=1500	46	5	149	0	0
T=1501	46	5	149	0	0
T=1502	45	5	150	0	0
T=1503	45	5	150	0	0
T=1504	45	5	150	0	0
T=1505	45	5	150	0	0
T=1506	45	5	150	0	0
T=1507	45	5	150	0	0
T=1508	45	5	150	0	0
T=1509	45	5	150	0	0
T=1510	45	5	150	0	0
T=1511	45	5	150	0	0
T=1512	44	5	151	0	0
T=1513	44	5	151	0	0
T=1514	44	5	151	0	0
T=1515	44	5	151	0	0
T=1516	44	5	151	0	0
T=1517	44	5	151	0	0
T=1518	44	5	151	0	0
T=1519	44	5	151	0	0
T=1520	44	5	151	0	0
T=1521	44	5	151	0	0
T=1522	43	5	152	0	0
T=1523	43	5	152	0	0
T=1524	43	5	152	0	0
T=1525	43	5	152	0	0
T=1526	43	5	152	0	0
T=1527	43	5	152	0	0
T=1528	43	5	152	0	0
T=1529	43	5	152	0	0
T=1530	43	5	152	0	0
T=1531	43	5	152	0	0
T=1532	42	5	153	0	0
T=1533	42	5	153	0	0
T=1534	42	5	153	0	0
T=1535	42	5	153	0	0
T=1536	42	5	153	0	0
T=1537	42	5	153	0	0
T=1538	42	5	153	0	0
T=1539	42	5	153	0	0
T=1540	42	5	153	0	0
T=1541	42	5	153	0	0
T=1542	41	5	154	0	0
T=1543	41	5	154	0	0
T=1544	41	5	154	0	0
T=1545	41	5	154	0	0
T=1546	41	5	154	0	0
T=1547	41	5	154	0	0
T=1548	41	5	154	0	0
T=1549	41	5	154	0	0
T=1550	41	5	154	0	0
T=1551	41	5	154	0	0
T=1552	40	5	155	0	0
T=1553	40	5	155	0	0
T=1554	40	5	155	0	0
T=1555	40	5	155	0	0
T=1556	40	5	155	0	0
T=1557	40	5	155	0	0
T=1558	40	5	155	0	0
T=1559	40	5	155	0	0
T=1560	40	5	155	0	0
T=1561	40	5	155	0	0
T=1562	39	5	156	0	0
T=1563	39	5	156	0	0
T=1564	39	5	156	0	0
T=1565	39	5	156	0	0
T=1566	39	5	156	0	0
T=1567	39	5	156	0	0
T=1568	39	5	156	0	0
T=1569	39	5	156	0	0
T=1570	39	5	156	0	0
T=1571	39	5	156	0	0
T=1572	38	5	157	0	0
T=1573	38	5	157	0	0
T=1574	38	5	157	0	0
T=1575	38	5	157	0	0
T=1576	38	5	157	0	0
T=1577	38	5	157	0	0
T=1578	38	5	157	0	0
T=1579	38	5	157	0	0
T=1580	38	5	157	0	0
T=1581	38	5	157	0	0
T=1582	37	5	158	0	0
T=1583	37	5	158	0	0
T=1584	37	5	158	0	0
T=1585	37	5	158	0	0
T=1586	37	5	158	0	0
T=1587	37	5	158	0	0
T=1588	37	5	158	0	0
T=1589	37	5	158	0	0
T=1590	37	5	158	0	0
T=1591	37	5	158	0	0
T=1592	36	5	159	0	0
T=1593	36	5	159	0	0
T=1594	36	5	159	0	0
T=1595	36	5	159	0	0
T=1596	36	5	159	0	0
T=1597	36	5	159	0	0
T=1598	36	5	159	0	0
T=1599	36	5	159	0	0
T=1600	36	5	159	0	0
T=1601	36	5	159	0	0
T=1602	35	5	160	0	0
T=1603	35	5	160	0	0
T=1604	35	5	160	0	0
T=1605	35	5	160	0	0
T=1606	35	5	160	0	0
T=1607	35	5	160	0	0
T=1608	35	5	160	0	0
T=1609	35	5	160	0	0
T=1610	35	5	160	0	0
T=1611	35	5	160	0	0
T=1612	34	5	161	0	0
T=1613	34	5	161	0	0
T=1614	34	5	161	0	0
T=1615	34	5	161	0	0
T=1616	34	5	161	0	0
T=1617	34	5	161	0	0
T=1618	34	5	161	0	0
T=1619	34	5	161	0	0
T=1620	34	5	161	0	0
T=1621	34	5	161	0	0
T=1622	33	5	162	0	0
T=1623	33	5	162	0	0
T=1624	33	5	162	0	0
T=1625	33	5	162	0	0
T=1626	33	5	162	0	0
T=1627	33	5	162	0	0
T=1628	33	5	162	0	0
T=1629	33	5	162	0	0
T=1630	33	5	162	0	0
T=1631	33	5	162	0	0
T=1632	32	5	163	0	0
T=1633	32	5	163	0	0
T=1634	32	5	163	0	0
T=1635	32	5	163	0	0
T=1636	32	5	163	0	0
T=1637	32	5	163	0	0
T=1638	32	5	163	0	0
T=1639	32	5	163	0	0
T=1640	32	5	163	0	0
T=1641	32	5	163	0	0
T=1642	31	5	164	0	0
T=1643	31	5	164	0	0
T=1644	31	5	164	0	0
T=1645	31	5	164	0	0
T=1646	31	5	164	0	0
T=1647	31	5	164	0	0
T=1648	31	5	164	0	0
T=1649	31	5	164	0	0
T=1650	31	5	164	0	0
T=1651	31	5	164	0	0
T=1652	30	5	165	0	0
T=1653	30	5	165	0	0
T=1654	30	5	165	0	0
T=1655	30	5	165	0	0
T=1656	30	5	165	0	0
T=1657	30	5	165	0	0
T=1658	30	5	165	0	0
T=1659	30	5	165	0	0
T=1660	30	5	165	0	0
T=1661	30	5	165	0	0
T=1662	29	5	166	0	0
T=1663	29	5	166	0	0
T=1664	29	5	166	0	0
T=1665	29	5	166	0	0
T=1666	29	5	166	0	0
T=1667	29	5	166	0	0
T=1668	29	5	166	0	0
T=1669	29	5	166	0	0
T=1670	29	5	166	0	0
T=1671	29	5	166	0	0
T=1672	28	5	167	0	0
T=1673	28	5	167	0	0
T=1674	28	5	167	0	0
T=1675	28	5	167	0	0
T=1676	28	5	167	0	0
T=1677	28	5	167	0	0
T=1678	28	5	167	0	0
T=1679	28	5	167	0	0
T=1680	28	5	167	0	0
T=1681	28	5	167	0	0
T=1682	27	5	168	0	0
T=1683	27	5	168	0	0
T=1684	27	5	168	0	0
T=1685	27	5	168	0	0
T=1686	27	5	168	0	0
T=1687	27	5	168	0	0
T=1688	27	5	168	0	0
T=1689	27	5	168	0	0
T=1690	27	5	168	0	0
T=1691	27	5	168	0	0
T=1692	26	5	169	0	0
T=1693	26	5	169	0	0
T=1694	26	5	169	0	0
T=1695	26	5	169	0	0
T=1696	26	5	169	0	0
T=1697	26	5	169	0	0
T=1698	26	5	169	0	0
T=1699	26	5	169	0	0
T=1700	26	5	169	0	0
T=1701	26	5	169	0	0
T=1702	25	5	170	0	0
T=1703	25	5	170	0	0
T=1704	25	5	170	0	0
T=1705	25	5	170	0	0
T=1706	25	5	170	0	0
T=1707	25	5	170	0	0
T=1708	25	5	170	0	0
T=1709	25	5	170	0	0
T=1710	25	5	170	0	0
T=1711	25	5	170	0	0
T=1712	24	5	171	0	0
T=1713	24	5	171	0	0
T=1714	24	5	171	0	0
T=1715	24	5	171	0	0
T=1716	24	5	171	0	0
T=1717	24	5	171	0	0
T=1718	24	5	171	0	0
T=1719	24	5	171	0	0
T=1720	24	5	171	0	0
T=1721	24	5	171	0	0
T=1722	23	5	172	0	0
T=1723	23	5	172	0	0
T=1724	23	5	172	0	0
T=1725	23	5	172	0	0
T=1726	23	5	172	0	0
T=1727	23	5	172	0	0
T=1728	23	5	172	0	0
T=1729	23	5	172	0	0
T=1730	23	5	172	0	0
T=1731	23	5	172	0	0
T=1732	22	5	173	0	0
T=1733	22	5	173	0	0
T=1734	22	5	173	0	0
T=1735	22	5	173	0	0
T=1736	22	5	173	0	0
T=1737	22	5	173	0	0
T=1738	22	5	173	0	0
T=1739	22	5	173	0	0
T=1740	22	5	173	0	0
T=1741	22	5	173	0	0
T=1742	21	5	174	0	0
T=1743	21	5	174	0	0
T=1744	21	5	174	0	0
T=1745	21	5	174	0	0
T=1746	21	5	174	0	0
T=1747	21	5	174	0	0
T=1748	21	5	174	0	0
T=1749	21	5	174	0	0
T=1750	21	5	174	0	0
T=1751	21	5	174	0	0
T=1752	20	5	175	0	0
T=1753	20	5	175	0	0
T=1754	20	5	175	0	0
T=1755	20	5	175	0	0
T=1756	20	5	175	0	0
T=1757	20	5	175	0	0
T=1758	20	5	175	0	0
T=1759	20	5	175	0	0
T=1760	20	5	175	0	0
T=1761	20	5	175	0	0
T=1762	19	5	176	0	0
T=1763	19	5	176	0	0
T=1764	19	5	176	0	0
T=1765	19	5	176	0	0
T=1766	19	5	176	0	0
T=1767	19	5	176	0	0
T=1768	19	5	176	0	0
T=1769	19	5	176	0	0
T=1770	19	5	176	0	0
T=1771	19	5	176	0	0
T=1772	18	5	177	0	0
T=1773	18	5	177	0	0
T=1774	18	5	177	0	0
T=1775	18	5	177	0	0
T=1776	18	5	177	0	0
T=1777	18	5	177	0	0
T=1778	18	5	177	0	0
T=1779	18	5	177	0	0
T=1780	18	5	177	0	0
T=1781	18	5	177	0	0
T=1782	17	5	178	0	0
T=1783	17	5	178	0	0
T=1784	17	5	178	0	0
T=1785	17	5	178	0	0
T=1786	17	5	178	0	0
T=1787	17	5	178	0	0
T=1788	17	5	178	0	0
T=1789	17	5	178	0	0
T=1790	17	5	178	0	0
T=1791	17	5	178	0	0
T=1792	16	5	179	0	0
T=1793	16	5	179	0	0
T=1794	16	5	179	0	0
T=1795	16	5	179	0	0
T=1796	16	5	179	0	0
T=1797	16	5	179	0	0
T=1798	16	5	179	0	0
T=1799	16	5	179	0	0
T=1800	16	5	179	0	0
T=1801	16	5	179	0	0
T=1802	15	5	180	0	0
T=1803	15	5	180	0	0
T=1804	15	5	180	0	0
T=1805	15	5	180	0	0
T=1806	15	5	180	0	0
T=1807	15	5	180	0	0
T=1808	15	5	180	0	0
T=1809	15	5	180	0	0
T=1810	15	5	180	0	0
T=1811	15	5	180	0	0
T=1812	14	5	181	0	0
T=1813	14	5	181	0	0
T=1814	14	5	181	0	0
T=1815	14	5	181	0	0
T=1816	14	5	181	0	0
T=1817	14	5	181	0	0
T=1818	14	5	181	0	0
T=1819	14	5	181	0	0
T=1820	14	5	181	0	0
T=1821	14	5	181	0	0
T=1822	13	5	182	0	0
T=1823	13	5	182	0	0
T=1824	13	5	182	0	0
T=1825	13	5	182	0	0
T=1826	13	5	182	0	0
T=1827	13	5	182	0	0
T=1828	13	5	182	0	0
T=1829	13	5	182	0	0
T=1830	13	5	182	0	0
T=1831	13	5	182	0	0
T=1832	12	5	183	0	0
T=1833	12	5	183	0	0
T=1834	12	5	183	0	0
T=1835	12	5	183	0	0
T=1836	12	5	183	0	0
T=1837	12	5	183	0	0
T=1838	12	5	183	0	0
T=1839	12	5	183	0	0
T=1840	12	5	183	0	0
T=1841	12	5	183	0	0
T=1842	11	5	184	0	0
T=1843	11	5	184	0	0
T=1844	11	5	184	0	0
T=1845	11	5	184	0	0
T=1846	11	5	184	0	0
T=1847	11	5	184	0	0
T=1848	11	5	184	0	0
T=1849	11	5	184	0	0
T=1850	11	5	184	0	0
T=1851	11	5	184	0	0
T=1852	10	5	185	0	0
T=1853	10	5	185	0	0
T=1854	10	5	185	0	0
T=1855	10	5	185	0	0
T=1856	10	5	185	0	0
T=1857	10	5	185	0	0
T=1858	10	5	185	0	0
T=1859	10	5	185	0	0
T=1860	10	5	185	0	0
T=1861	10	5	185	0	0
T=1862	9	5	186	0	0
T=1863	9	5	186	0	0
T=1864	9	5	186	0	0
T=1865	9	5	186	0	0
T=1866	9	5	186	0	0
T=1867	9	5	186	0	0
T=1868	9	5	186	0	0
T=1869	9	5	186	0	0
T=1870	9	5	186	0	0
T=1871	9	5	186	0	0
T=1872	8	5	187	0	0
T=1873	8	5	187	0	0
T=1874	8	5	187	0	0
T=1875	8	5	187	0	0
T=1876	8	5	187	0	0
T=1877	8	5	187	0	0
T=1878	8	5	187	0	0
T=1879	8	5	187	0	0
T=1880	8	5	187	0	0
T=1881	8	5	187	0	0
T=1882	7	5	188	0	0
T=1883	7	5	188	0	0
T=1884	7	5	188	0	0
T=1885	7	5	188	0	0
T=1886	7	5	188	0	0
T=1887	7	5	188	0	0
T=1888	7	5	188	0	0
T=1889	7	5	188	0	0
T=1890	7	5	188	0	0
T=1891	7	5	188	0	0
T=1892	6	5	189	0	0
T=1893	6	5	189	0	0
T=1894	6	5	189	0	0
T=1895	6	5	189	0	0
T=1896	6	5	189	0	0
T=1897	6	5	189	0	0
T=1898	6	5	189	0	0
T=1899	6	5	189	0	0
T=1900	6	5	189	0	0
T=1901	6	5	189	0	0
T=1902	5	5	190	0	0
T=1903	5	5	190	0	0
T=1904	5	5	190	0	0
T=1905	5	5	190	0	0
T=1906	5	5	190	0	0
T=1907	5	5	190	0	0
T=1908	5	5	190	0	0
T=1909	5	5	190	0	0
T=1910	5	5	190	0	0
T=1911	5	5	190	0	0
T=1912	4	5	191	0	0
T=1913	4	5	191	0	0
T=1914	4	5	191	0	0
T=1915	4	5	191	0	0
T=1916	4	5	191	0	0
T=1917	4	5	191	0	0
T=1918	4	5	191	0	0
T=1919	4	5	191	0	0
T=1920	4	5	191	0	0
T=1921	4	5	191	0	0
T=1922	3	5	192	0	0
T=1923	3	5	192	0	0
T=1924	3	5	192	0	0
T=1925	3	5	192	0	0
T=1926	3	5	192	0	0
T=1927	3	5	192	0	0
T=1928	3	5	192	0	0
T=1929	3	5	192	0	0
T=1930	3	5	192	0	0
T=1931	3	5	192	0	0
T=1932	2	5	193	0	0
T=1933	2	5	193	0	0
T=1934	2	5	193	0	0
T=1935	2	5	193	0	0
T=1936	2	5	193	0	0
T=1937	2	5	193	0	0
T=1938	2	5	193	0	0
T=1939	2	5	193	0	0
T=1940	2	5	193	0	0
T=1941	2	5	193	0	0
T=1942	1	5	194	0	0
T=1943	1	5	194	0	0
T=1944	1	5	194	0	0
T=1945	1	5	194	0	0
T=1946	1	5	194	0	0
T=1947	1	5	194	0	0
T=1948	1	5	194	0	0
T=1949	1	5	194	0	0
T=1950	1	5	194	0	0
T=1951	1	5	194	0	0
T=1952	0	5	195	0	0
T=1953	0	5	195	0	0
T=1954	0	5	195	0	0
T=1955	0	5	195	0	0
T=1956	0	5	195	0	0
T=1957	0	5	195	0	0
T=1958	0	5	195	0	0
T=1959	0	5	195	0	0
T=1960	0	5	195	0	0
T=1961	0	5	195	0	0
T=1962	0	4	196	0	0
T=1963	0	4	196	0	0
T=1964	0	4	196	0	0
T=1965	0	4	196	0	0
T=1966	0	4	196	0	0
T=1967	0	4	196	0	0
T=1968	0	4	196	0	0
T=1969	0	4	196	0	0
T=1970	0	4	196	0	0
T=1971	0	4	196	0	0
T=1972	0	3	197	0	0
T=1973	0	3	197	0	0
T=1974	0	3	197	0	0
T=1975	0	3	197	0	0
T=1976	0	3	197	0	0
T=1977	0	3	197	0	0
T=1978	0	3	197	0	0
T=1979	0	3	197	0	0
T=1980	0	3	197	0	0
T=1981	0	3	197	0	0
T=1982	0	2	198	0	0
T=1983	0	2	198	0	0
T=1984	0	2	198	0	0
T=1985	0	2	198	0	0
T=1986	0	2	198	0	0
T=1987	0	2	198	0	0
T=1988	0	2	198	0	0
T=1989	0	2	198	0	0
T=1990	0	2	198	0	0
T=1991	0	2	198	0	0
T=1992	0	1	199	0	0
T=1993	0	1	199	0	0
T=1994	0	1	199	0	0
T=1995	0	1	199	0	0
T=1996	0	1	199	0	0
T=1997	0	1	199	0	0
T=1998	0	1	199	0	0
T=1999	0	1	199	0	0
T=2000	0	1	199	0	0
T=2001	0	1	199	0	0
T=2002	0	0	200	0	0
T=2003	0	0	200	0	0
T=2004	0	0	200	0	0
T=2005	0	0	200	0	0
T=2006	0	0	200	0	0
T=2007	0	0	200	0	0
T=2008	0	0	200	0	0
T=2009	0	0	200	0	0
T=2010	0	0	200	0	0
T=2011	0	0	200	0	0
T=2012	0	0	200	0	0
T=2013	0	0	200	0	0
T=2014	0	0	200	0	0
T=2015	0	0	200	0	0
T=2016	0	0	200	0	0
T=2017	0	0	200	0	0
T=2018	0	0	200	0	0
T=2019	0	0	200	0	0
T=2020	0	0	200	0	0
T=2021	0	0	200	0	0
T=2022	0	0	200	0	0
T=2023	0	0	200	0	0
T=2024	0	0	200	0	0
T=2025	0	0	200	0	0
T=2026	0	0	200	0	0
T=2027	0	0	200	0	0
T=2028	0	0	200	0	0
T=2029	0	0	200	0	0
T=2030	0	0	200	0	0
T=2031	0	0	200	0	0
T=2032	0	0	200	0	0
T=2033	0	0	200	0	0
T=2034	0	0	200	0	0
T=2035	0	0	200	0	0
T=2036	0	0	200	0	0
T=2037	0	0	200	0	0
T=2038	0	0	200	0	0
T=2039	0	0	200	0	0
T=2040	0	0	200	0	0
T=2041	0	0	200	0	0
T=2042	0	0	200	0	0
T=2043	0	0	200	0	0
T=2044	0	0	200	0	0
T=2045	0	0	200	0	0
T=2046	0	0	200	0	0
T=2047	0	0	200	0	0
T=2048	0	0	200	0	0
T=2049	0	0	200	0	0
T=2050	0	0	200	0	0
T=2051	0	0	200	0	0
T=2052	0	0	200	0	0
T=2053	0	0	200	0	0
T=2054	0	0	200	0	0
T=2055	0	0	200	0	0
T=2056	0	0	200	0	0
T=2057	0	0	200	0	0
T=2058	0	0	200	0	0
T=2059	0	0	200	0	0
T=2060	0	0	200	0	0
T=2061	0	0	200	0	0
T=2062	0	0	200	0	0
T=2063	0	0	200	0	0
T=2064	0	0	200	0	0
T=2065	0	0	200	0	0
T=2066	0	0	200	0	0
T=2067	0	0	200	0	0
T=2068	0	0	200	0	0
T=2069	0	0	200	0	0
T=2070	0	0	200	0	0
T=2071	0	0	200	0	0
T=2072	0	0	200	0	0
T=2073	0	0	200	0	0
T=2074	0	0	200	0	0
T=2075	0	0	200	0	0
T=2076	0	0	200	0	0
T=2077	0	0	200	0	0
T=2078	0	0	200	0	0
T=2079	0	0	200	0	0
T=2080	0	0	200	0	0
T=2081	0	0	200	0	0
T=2082	0	0	200	0	0
T=2083	0	0	200	0	0
T=2084	0	0	200	0	0
T=2085	0	0	200	0	0
T=2086	0	0	200	0	0
T=2087	0	0	200	0	0
T=2088	0	0	200	0	0
T=2089	0	0	200	0	0
T=2090	0	0	200	0	0
T=2091	0	0	200	0	0
T=2092	0	0	200	0	0
T=2093	0	0	200	0	0
T=2094	0	0	200	0	0
T=2095	0	0	200	0	0
T=2096	0	0	200	0	0
T=2097	0	0	200	0	0
T=2098	0	0	200	0	0
T=2099	0	0	200	0	0
T=2100	0	0	200	0	0
T=2101	0	0	200	0	0
T=2102	0	0	200	0	0
T=2103	0	0	200	0	0
T=2104	0	0	200	0	0
T=2105	0	0	200	0	0
T=2106	0	0	200	0	0
T=2107	0	0	200	0	0
T=2108	0	0	200	0	0
T=2109	0	0	200	0	0
T=2110	0	0	200	0	0
T=2111	0	0	200	0	0
T=2112	0	0	200	0	0
T=2113	0	0	200	0	0
T=2114	0	0	200	0	0
T=2115	0	0	200	0	0
T=2116	0	0	200	0	0
T=2117	0	0	200	0	0
T=2118	0	0	200	0	0
T=2119	0	0	200	0	0
T=2120	0	0	200	0	0
T=2121	0	0	200	0	0
T=2122	0	0	200	0	0
T=2123	0	0	200	0	0
T=2124	0	0	200	0	0
T=2125	0	0	200	0	0
T=2126	0	0	200	0	0
T=2127	0	0	200	0	0
T=2128	0	0	200	0	0
T=2129	0	0	200	0	0
T=2130	0	0	200	0	0
T=2131	0	0	200	0	0
T=2132	0	0	200	0	0
T=2133	0	0	200	0	0
T=2134	0	0	200	0	0
T=2135	0	0	200	0	0
T=2136	0	0	200	0	0
T=2137	0	0	200	0	0
T=2138	0	0	200	0	0
T=2139	0	0	200	0	0
T=2140	0	0	200	0	0
T=2141	0	0	200	0	0
T=2142	0	0	200	0	0
T=2143	0	0	200	0	0
T=2144	0	0	200	0	0
T=2145	0	0	200	0	0
T=2146	0	0	200	0	0
T=2147	0	0	200	0	0
T=2148	0	0	200	0	0
T=2149	0	0	200	0	0
T=2150	0	0	200	0	0
T=2151	0	0	200	0	0
T=2152	0	0	200	0	0
T=2153	0	0	200	0	0
T=2154	0	0	200	0	0
T=2155	0	0	200	0	0
T=2156	0	0	200	0	0
T=2157	0	0	200	0	0
T=2158	0	0	200	0	0
T=2159	0	0	200	0	0
T=2160	0	0	200	0	0
T=2161	0	0	200	0	0
T=2162	0	0	200	0	0
T=2163	0	0	200	0	0
T=2164	0	0	200	0	0
T=2165	0	0	200	0	0
T=2166	0	0	200	0	0
T=2167	0	0	200	0	0
T=2168	0	0	200	0	0
T=2169	0	0	200	0	0
T=2170	0	0	200	0	0
T=2171	0	0	200	0	0
T=2172	0	0	200	0	0
T=2173	0	0	200	0	0
T=2174	0	0	200	0	0
T=2175	0	0	200	0	0
T=2176	0	0	200	0	0
T=2177	0	0	200	0	0
T=2178	0	0	200	0	0
T=2179	0	0	200	0	0
T=2180	0	0	200	0	0
T=2181	0	0	200	0	0
T=2182	0	0	200	0	0
T=2183	0	0	200	0	0
T=2184	0	0	200	0	0
T=2185	0	0	200	0	0
T=2186	0	0	200	0	0
T=2187	0	0	200	0	0
T=2188	0	0	200	0	0
T=2189	0	0	200	0	0
T=2190	0	0	200	0	0
T=2191	0	0	200	0	0
T=2192	0	0	200	0	0
T=2193	0	0	200	0	0
T=2194	0	0	200	0	0
T=2195	0	0	200	0	0
T=2196	0	0	200	0	0
T=2197	0	0	200	0	0
T=2198	0	0	200	0	0
T=2199	0	0	200	0	0
T=2200	0	0	200	0	0
T=2201	0	0	200	0	0
T=2202	0	0	200	0	0
T=2203	0	0	200	0	0
T=2204	0	0	200	0	0
T=2205	0	0	200	0	0
T=2206	0	0	200	0	0
T=2207	0	0	200	0	0
T=2208	0	0	200	0	0
T=2209	0	0	200	0	0
T=2210	0	0	200	0	0
T=2211	0	0	200	0	0
T=2212	0	0	200	0	0
T=2213	0	0	200	0	0
T=2214	0	0	200	0	0
T=2215	0	0	200	0	0
T=2216	0	0	200	0	0
T=2217	0	0	200	0	0
T=2218	0	0	200	0	0
T=2219	0	0	200	0	0
T=2220	0	0	200	0	0
T=2221	0	0	200	0	0
T=2222	0	0	200	0	0
T=2223	0	0	200	0	0
T=2224	0	0	200	0	0
T=2225	0	0	200	0	0
T=2226	0	0	200	0	0
T=2227	0	0	200	0	0
T=2228	0	0	200	0	0
T=2229	0	0	200	0	0
T=2230	0	0	200	0	0
T=2231	0	0	200	0	0
T=2232	0	0	200	0	0
T=2233	0	0	200	0	0
T=2234	0	0	200	0	0
T=2235	0	0	200	0	0
T=2236	0	0	200	0	0
T=2237	0	0	200	0	0
T=2238	0	0	200	0	0
T=2239	0	0	200	0	0
T=2240	0	0	200	0	0
T=2241	0	0	200	0	0
T=2242	0	0	200	0	0
T=2243	0	0	200	0	0
T=2244	0	0	200	0	0
T=2245	0	0	200	0	0
T=2246	0	0	200	0	0
T=2247	0	0	200	0	0
T=2248	0	0	200	0	0
T=2249	0	0	200	0	0
T=2250	0	0	200	0	0
T=2251	0	0	200	0	0
T=2252	0	0	200	0	0
T=2253	0	0	200	0	0
T=2254	0	0	200	0	0
T=2255	0	0	200	0	0
T=2256	0	0	200	0	0
T=2257	0	0	200	0	0
T=2258	0	0	200	0	0
T=2259	0	0	200	0	0
T=2260	0	0	200	0	0
T=2261	0	0	200	0	0
T=2262	0	0	200	0	0
T=2263	0	0	200	0	0
T=2264	0	0	200	0	0
T=2265	0	0	200	0	0
T=2266	0	0	200	0	0
T=2267	0	0	200	0	0
T=2268	0	0	200	0	0
T=2269	0	0	200	0	0
T=2270	0	0	200	0	0
T=2271	0	0	200	0	0
T=2272	0	0	200	0	0
T=2273	0	0	200	0	0
T=2274	0	0	200	0	0
T=2275	0	0	200	0	0
T=2276	0	0	200	0	0
T=2277	0	0	200	0	0
T=2278	0	0	200	0	0
T=2279	0	0	200	0	0
T=2280	0	0	200	0	0
T=2281	0	0	200	0	0
T=2282	0	0	200	0	0
T=2283	0	0	200	0	0
T=2284	0	0	200	0	0
T=2285	0	0	200	0	0
T=2286	0	0	200	0	0
T=2287	0	0	200	0	0
T=2288	0	0	200	0	0
T=2289	0	0	200	0	0
T=2290	0	0	200	0	0
T=2291	0	0	200	0	0
T=2292	0	0	200	0	0
T=2293	0	0	200	0	0
T=2294	0	0	200	0	0
T=2295	0	0	200	0	0
T=2296	0	0	200	0	0
T=2297	0	0	200	0	0
T=2298	0	0	200	0	0
T=2299	0	0	200	0	0
T=2300	0	0	200	0	0
T=2301	0	0	200	0	0
T=2302	0	0	200	0	0
T=2303	0	0	200	0	0
T=2304	0	0	200	0	0
T=2305	0	0	200	0	0
T=2306	0	0	200	0	0
T=2307	0	0	200	0	0
T=2308	0	0	200	0	0
T=2309	0	0	200	0	0
T=2310	0	0	200	0	0
T=2311	0	0	200	0	0
T=2312	0	0	200	0	0
T=2313	0	0	200	0	0
T=2314	0	0	200	0	0
T=2315	0	0	200	0	0
T=2316	0	0	200	0	0
T=2317	0	0	200	0	0
T=2318	0	0	200	0	0
T=2319	0	0	200	0	0
T=2320	0	0	200	0	0
T=2321	0	0	200	0	0
T=2322	0	0	200	0	0
T=2323	0	0	200	0	0
T=2324	0	0	200	0	0
T=2325	0	0	200	0	0
T=2326	0	0	200	0	0
T=2327	0	0	200	0	0
T=2328	0	0	200	0	0
T=2329	0	0	200	0	0
T=2330	0	0	200	0	0
T=2331	0	0	200	0	0
T=2332	0	0	200	0	0
T=2333	0	0	200	0	0
T=2334	0	0	200	0	0
T=2335	0	0	200	0	0
T=2336	0	0	200	0	0
T=2337	0	0	200	0	0
T=2338	0	0	200	0	0
T=2339	0	0	200	0	0
T=2340	0	0	200	0	0
T=2341	0	0	200	0	0
T=2342	0	0	200	0	0
T=2343	0	0	200	0	0
T=2344	0	0	200	0	0
T=2345	0	0	200	0	0
T=2346	0	0	200	0	0
T=2347	0	0	200	0	0
T=2348	0	0	200	0	0
T=2349	0	0	200	0	0
T=2350	0	0	200	0	0
T=2351	0	0	200	0	0
T=2352	0	0	200	0	0
T=2353	0	0	200	0	0
T=2354	0	0	200	0	0
T=2355	0	0	200	0	0
T=2356	0	0	200	0	0
T=2357	0	0	200	0	0
T=2358	0	0	200	0	0
T=2359	0	0	200	0	0
T=2360	0	0	200	0	0
T=2361	0	0	200	0	0
T=2362	0	0	200	0	0
T=2363	0	0	200	0	0
T=2364	0	0	200	0	0
T=2365	0	0	200	0	0
T=2366	0	0	200	0	0
T=2367	0	0	200	0	0
T=2368	0	0	200	0	0
T=2369	0	0	200	0	0
T=2370	0	0	200	0	0
T=2371	0	0	200	0	0
T=2372	0	0	200	0	0
T=2373	0	0	200	0	0
T=2374	0	0	200	0	0
T=2375	0	0	200	0	0
T=2376	0	0	200	0	0
T=2377	0	0	200	0	0
T=2378	0	0	200	0	0
T=2379	0	0	200	0	0
T=2380	0	0	200	0	0
T=2381	0	0	200	0	0
T=2382	0	0	200	0	0
T=2383	0	0	200	0	0
T=2384	0	0	200	0	0
T=2385	0	0	200	0	0
T=2386	0	0	200	0	0
T=2387	0	0	200	0	0
T=2388	0	0	200	0	0
T=2389	0	0	200	0	0
T=2390	0	0	200	0	0
T=2391	0	0	200	0	0
T=2392	0	0	200	0	0
T=2393	0	0	200	0	0
T=2394	0	0	200	0	0
T=2395	0	0	200	0	0
T=2396	0	0	200	0	0
T=2397	0	0	200	0	0
T=2398	0	0	200	0	0
T=2399	0	0	200	0	0
T=2400	0	0	200	0	0
T=2401	0	0	200	0	0
T=2402	0	0	200	0	0
T=2403	0	0	200	0	0
T=2404	0	0	200	0	0
T=2405	0	0	200	0	0
T=2406	0	0	200	0	0
T=2407	0	0	200	0	0
T=2408	0	0	200	0	0
T=2409	0	0	200	0	0
T=2410	0	0	200	0	0
T=2411	0	0	200	0	0
T=2412	0	0	200	0	0
T=2413	0	0	200	0	0
T=2414	0	0	200	0	0
T=2415	0	0	200	0	0
T=2416	0	0	200	0	0
T=2417	0	0	200	0	0
T=2418	0	0	200	0	0
T=2419	0	0	200	0	0
T=2420	0	0	200	0	0
T=2421	0	0	200	0	0
T=2422	0	0	200	0	0
T=2423	0	0	200	0	0
T=2424	0	0	200	0	0
T=2425	0	0	200	0	0
T=2426	0	0	200	0	0
T=2427	0	0	200	0	0
T=2428	0	0	200	0	0
T=2429	0	0	200	0	0
T=2430	0	0	200	0	0
T=2431	0	0	200	0	0
T=2432	0	0	200	0	0
T=2433	0	0	200	0	0
T=2434	0	0	200	0	0
T=2435	0	0	200	0	0
T=2436	0	0	200	0	0
T=2437	0	0	200	0	0
T=2438	0	0	200	0	0
T=2439	0	0	200	0	0
T=2440	0	0	200	0	0
T=2441	0	0	200	0	0
T=2442	0	0	200	0	0
T=2443	0	0	200	0	0
T=2444	0	0	200	0	0
T=2445	0	0	200	0	0
T=2446	0	0	200	0	0
T=2447	0	0	200	0	0
T=2448	0	0	200	0	0
T=2449	0	0	200	0	0
T=2450	0	0	200	0	0
T=2451	0	0	200	0	0
T=2452	0	0	200	0	0
T=2453	0	0	200	0	0
T=2454	0	0	200	0	0
T=2455	0	0	200	0	0
T=2456	0	0	200	0	0
T=2457	0	0	200	0	0
T=2458	0	0	200	0	0
T=2459	0	0	200	0	0
T=2460	0	0	200	0	0
T=2461	0	0	200	0	0
T=2462	0	0	200	0	0
T=2463	0	0	200	0	0
T=2464	0	0	200	0	0
T=2465	0	0	200	0	0
T=2466	0	0	200	0	0
T=2467	0	0	200	0	0
T=2468	0	0	200	0	0
T=2469	0	0	200	0	0
T=2470	0	0	200	0	0
T=2471	0	0	200	0	0
T=2472	0	0	200	0	0
T=2473	0	0	200	0	0
T=2474	0	0	200	0	0
T=2475	0	0	200	0	0
T=2476	0	0	200	0	0
T=2477	0	0	200	0	0
T=2478	0	0	200	0	0
T=2479	0	0	200	0	0
T=2480	0	0	200	0	0
T=2481	0	0	200	0	0
T=2482	0	0	200	0	0
T=2483	0	0	200	0	0
T=2484	0	0	200	0	0
T=2485	0	0	200	0	0
T=2486	0	0	200	0	0
T=2487	0	0	200	0	0
T=2488	0	0	200	0	0
T=2489	0	0	200	0	0
T=2490	0	0	200	0	0
T=2491	0	0	200	0	0
T=2492	0	0	200	0	0
T=2493	0	0	200	0	0
T=2494	0	0	200	0	0
T=2495	0	0	200	0	0
T=2496	0	0	200	0	0
T=2497	0	0	200	0	0
T=2498	0	0	200	0	0
T=2499	0	0	200	0	0
T=2500	0	0	200	0	0
T=2501	0	0	200	0	0
T=2502	0	0	200	0	0
T=2503	0	0	200	0	0
T=2504	0	0	200	0	0
T=2505	0	0	200	0	0
T=2506	0	0	200	0	0
T=2507	0	0	200	0	0
T=2508	0	0	200	0	0
T=2509	0	0	200	0	0
T=2510	0	0	200	0	0
T=2511	0	0	200	0	0
T=2512	0	0	200	0	0
T=2513	0	0	200	0	0
T=2514	0	0	200	0	0
T=2515	0	0	200	0	0
T=2516	0	0	200	0	0
T=2517	0	0	200	0	0
T=2518	0	0	200	0	0
T=2519	0	0	200	0	0
T=2520	0	0	200	0	0
T=2521	0	0	200	0	0
T=2522	0	0	200	0	0
T=2523	0	0	200	0	0
T=2524	0	0	200	0	0
T=2525	0	0	200	0	0
T=2526	0	0	200	0	0
T=2527	0	0	200	0	0
T=2528	0	0	200	0	0
T=2529	0	0	200	0	0
T=2530	0	0	200	0	0
T=2531	0	0	200	0	0
T=2532	0	0	200	0	0
T=2533	0	0	200	0	0
T=2534	0	0	200	0	0
T=2535	0	0	200	0	0
T=2536	0	0	200	0	0
T=2537	0	0	200	0	0
T=2538	0	0	200	0	0
T=2539	0	0	200	0	0
T=2540	0	0	200	0	0
T=2541	0	0	200	0	0
T=2542	0	0	200	0	0
T=2543	0	0	200	0	0
T=2544	0	0	200	0	0
T=2545	0	0	200	0	0
T=2546	0	0	200	0	0
T=2547	0	0	200	0	0
T=2548	0	0	200	0	0
T=2549	0	0	200	0	0
T=2550	0	0	200	0	0
T=2551	0	0	200	0	0
T=2552	0	0	200	0	0
T=2553	0	0	200	0	0
T=2554	0	0	200	0	0
T=2555	0	0	200	0	0
T=2556	0	0	200	0	0
T=2557	0	0	200	0	0
T=2558	0	0	200	0	0
T=2559	0	0	200	0	0
T=2560	0	0	200	0	0
T=2561	0	0	200	0	0
T=2562	0	0	200	0	0
T=2563	0	0	200	0	0
T=2564	0	0	200	0	0
T=2565	0	0	200	0	0
T=2566	0	0	200	0	0
T=2567	0	0	200	0	0
T=2568	0	0	200	0	0
T=2569	0	0	200	0	0
T=2570	0	0	200	0	0
T=2571	0	0	200	0	0
T=2572	0	0	200	0	0
T=2573	0	0	200	0	0
T=2574	0	0	200	0	0
T=2575	0	0	200	0	0
T=2576	0	0	200	0	0
T=2577	0	0	200	0	0
T=2578	0	0	200	0	0
T=2579	0	0	200	0	0
T=2580	0	0	200	0	0
T=2581	0	0	200	0	0
T=2582	0	0	200	0	0
T=2583	0	0	200	0	0
T=2584	0	0	200	0	0
T=2585	0	0	200	0	0
T=2586	0	0	200	0	0
T=2587	0	0	200	0	0
T=2588	0	0	200	0	0
T=2589	0	0	200	0	0
T=2590	0	0	200	0	0
T=2591	0	0	200	0	0
T=2592	0	0	200	0	0
T=2593	0	0	200	0	0
T=2594	0	0	200	0	0
T=2595	0	0	200	0	0
T=2596	0	0	200	0	0
T=2597	0	0	200	0	0
T=2598	0	0	200	0	0
T=2599	0	0	200	0	0
T=2600	0	0	200	0	0
T=2601	0	0	200	0	0
T=2602	0	0	200	0	0
T=2603	0	0	200	0	0
T=2604	0	0	200	0	0
T=2605	0	0	200	0	0
T=2606	0	0	200	0	0
T=2607	0	0	200	0	0
T=2608	0	0	200	0	0
T=2609	0	0	200	0	0
T=2610	0	0	200	0	0
T=2611	0	0	200	0	0
T=2612	0	0	200	0	0
T=2613	0	0	200	0	0
T=2614	0	0	200	0	0
T=2615	0	0	200	0	0
T=2616	0	0	200	0	0
T=2617	0	0	200	0	0
T=2618	0	0	200	0	0
T=2619	0	0	200	0	0
T=2620	0	0	200	0	0
T=2621	0	0	200	0	0
T=2622	0	0	200	0	0
T=2623	0	0	200	0	0
T=2624	0	0	200	0	0
T=2625	0	0	200	0	0
T=2626	0	0	200	0	0
T=2627	0	0	200	0	0
T=2628	0	0	200	0	0
T=2629	0	0	200	0	0
T=2630	0	0	200	0	0
T=2631	0	0	200	0	0
T=2632	0	0	200	0	0
T=2633	0	0	200	0	0
T=2634	0	0	200	0	0
T=2635	0	0	200	0	0
T=2636	0	0	200	0	0
T=2637	0	0	200	0	0
T=2638	0	0	200	0	0
T=2639	0	0	200	0	0
T=2640	0	0	200	0	0
T=2641	0	0	200	0	0
T=2642	0	0	200	0	0
T=2643	0	0	200	0	0
T=2644	0	0	200	0	0
T=2645	0	0	200	0	0
T=2646	0	0	200	0	0
T=2647	0	0	200	0	0
T=2648	0	0	200	0	0
T=2649	0	0	200	0	0
T=2650	0	0	200	0	0
T=2651	0	0	200	0	0
T=2652	0	0	200	0	0
T=2653	0	0	200	0	0
T=2654	0	0	200	0	0
T=2655	0	0	200	0	0
T=2656	0	0	200	0	0
T=2657	0	0	200	0	0
T=2658	0	0	200	0	0
T=2659	0	0	200	0	0
T=2660	0	0	200	0	0
T=2661	0	0	200	0	0
T=2662	0	0	200	0	0
T=2663	0	0	200	0	0
T=2664	0	0	200	0	0
T=2665	0	0	200	0	0
T=2666	0	0	200	0	0
T=2667	0	0	200	0	0
T=2668	0	0	200	0	0
T=2669	0	0	200	0	0
T=2670	0	0	200	0	0
T=2671	0	0	200	0	0
T=2672	0	0	200	0	0
T=2673	0	0	200	0	0
T=2674	0	0	200	0	0
T=2675	0	0	200	0	0
T=2676	0	0	200	0	0
T=2677	0	0	200	0	0
T=2678	0	0	200	0	0
T=2679	0	0	200	0	0
T=2680	0	0	200	0	0
T=2681	0	0	200	0	0
T=2682	0	0	200	0	0
T=2683	0	0	200	0	0
T=2684	0	0	200	0	0
T=2685	0	0	200	0	0
T=2686	0	0	200	0	0
T=2687	0	0	200	0	0
T=2688	0	0	200	0	0
T=2689	0	0	200	0	0
T=2690	0	0	200	0	0
T=2691	0	0	200	0	0
T=2692	0	0	200	0	0
T=2693	0	0	200	0	0
T=2694	0	0	200	0	0
T=2695	0	0	200	0	0
T=2696	0	0	200	0	0
T=2697	0	0	200	0	0
T=2698	0	0	200	0	0
T=2699	0	0	200	0	0
T=2700	0	0	200	0	0
T=2701	0	0	200	0	0
T=2702	0	0	200	0	0
T=2703	0	0	200	0	0
T=2704	0	0	200	0	0
T=2705	0	0	200	0	0
T=2706	0	0	200	0	0
T=2707	0	0	200	0	0
T=2708	0	0	200	0	0
T=2709	0	0	200	0	0
T=2710	0	0	200	0	0
T=2711	0	0	200	0	0
T=2712	0	0	200	0	0
T=2713	0	0	200	0	0
T=2714	0	0	200	0	0
T=2715	0	0	200	0	0
T=2716	0	0	200	0	0
T=2717	0	0	200	0	0
T=2718	0	0	200	0	0
T=2719	0	0	200	0	0
T=2720	0	0	200	0	0
T=2721	0	0	200	0	0
T=2722	0	0	200	0	0
T=2723	0	0	200	0	0
T=2724	0	0	200	0	0
T=2725	0	0	200	0	0
T=2726	0	0	200	0	0
T=2727	0	0	200	0	0
T=2728	0	0	200	0	0
T=2729	0	0	200	0	0
T=2730	0	0	200	0	0
T=2731	0	0	200	0	0
T=2732	0	0	200	0	0
T=2733	0	0	200	0	0
T=2734	0	0	200	0	0
T=2735	0	0	200	0	0
T=2736	0	0	200	0	0
T=2737	0	0	200	0	0
T=2738	0	0	200	0	0
T=2739	0	0	200	0	0
T=2740	0	0	200	0	0
T=2741	0	0	200	0	0
T=2742	0	0	200	0	0
T=2743	0	0	200	0	0
T=2744	0	0	200	0	0
T=2745	0	0	200	0	0
T=2746	0	0	200	0	0
T=2747	0	0	200	0	0
T=2748	0	0	200	0	0
T=2749	0	0	200	0	0
T=2750	0	0	200	0	0
T=2751	0	0	200	0	0
T=2752	0	0	200	0	0
T=2753	0	0	200	0	0
T=2754	0	0	200	0	0
T=2755	0	0	200	0	0
T=2756	0	0	200	0	0
T=2757	0	0	200	0	0
T=2758	0	0	200	0	0
T=2759	0	0	200	0	0
T=2760	0	0	200	0	0
T=2761	0	0	200	0	0
T=2762	0	0	200	0	0
T=2763	0	0	200	0	0
T=2764	0	0	200	0	0
T=2765	0	0	200	0	0
T=2766	0	0	200	0	0
T=2767	0	0	200	0	0
T=2768	0	0	200	0	0
T=2769	0	0	200	0	0
T=2770	0	0	200	0	0
T=2771	0	0	200	0	0
T=2772	0	0	200	0	0
T=2773	0	0	200	0	0
T=2774	0	0	200	0	0
T=2775	0	0	200	0	0
T=2776	0	0	200	0	0
T=2777	0	0	200	0	0
T=2778	0	0	200	0	0
T=2779	0	0	200	0	0
T=2780	0	0	200	0	0
T=2781	0	0	200	0	0
T=2782	0	0	200	0	0
T=2783	0	0	200	0	0
T=2784	0	0	200	0	0
T=2785	0	0	200	0	0
T=2786	0	0	200	0	0
T=2787	0	0	200	0	0
T=2788	0	0	200	0	0
T=2789	0	0	200	0	0
T=2790	0	0	200	0	0
T=2791	0	0	200	0	0
T=2792	0	0	200	0	0
T=2793	0	0	200	0	0
T=2794	0	0	200	0	0
T=2795	0	0	200	0	0
T=2796	0	0	200	0	0
T=2797	0	0	200	0	0
T=2798	0	0	200	0	0
T=2799	0	0	200	0	0
T=2800	0	0	200	0	0
T=2801	0	0	200	0	0
T=2802	0	0	200	0	0
T=2803	0	0	200	0	0
T=2804	0	0	200	0	0
T=2805	0	0	200	0	0
T=2806	0	0	200	0	0
T=2807	0	0	200	0	0
T=2808	0	0	200	0	0
T=2809	0	0	200	0	0
T=2810	0	0	200	0	0
T=2811	0	0	200	0	0
T=2812	0	0	200	0	0
T=2813	0	0	200	0	0
T=2814	0	0	200	0	0
T=2815	0	0	200	0	0
T=2816	0	0	200	0	0
T=2817	0	0	200	0	0
T=2818	0	0	200	0	0
T=2819	0	0	200	0	0
T=2820	0	0	200	0	0
T=2821	0	0	200	0	0
T=2822	0	0	200	0	0
T=2823	0	0	200	0	0
T=2824	0	0	200	0	0
T=2825	0	0	200	0	0
T=2826	0	0	200	0	0
T=2827	0	0	200	0	0
T=2828	0	0	200	0	0
T=2829	0	0	200	0	0
T=2830	0	0	200	0	0
T=2831	0	0	200	0	0
T=2832	0	0	200	0	0
T=2833	0	0	200	0	0
T=2834	0	0	200	0	0
T=2835	0	0	200	0	0
T=2836	0	0	200	0	0
T=2837	0	0	200	0	0
T=2838	0	0	200	0	0
T=2839	0	0	200	0	0
T=2840	0	0	200	0	0
T=2841	0	0	200	0	0
T=2842	0	0	200	0	0
T=2843	0	0	200	0	0
T=2844	0	0	200	0	0
T=2845	0	0	200	0	0
T=2846	0	0	200	0	0
T=2847	0	0	200	0	0
T=2848	0	0	200	0	0
T=2849	0	0	200	0	0
T=2850	0	0	200	0	0
T=2851	0	0	200	0	0
T=2852	0	0	200	0	0
T=2853	0	0	200	0	0
T=2854	0	0	200	0	0
T=2855	0	0	200	0	0
T=2856	0	0	200	0	0
T=2857	0	0	200	0	0
T=2858	0	0	200	0	0
T=2859	0	0	200	0	0
T=2860	0	0	200	0	0
T=2861	0	0	200	0	0
T=2862	0	0	200	0	0
T=2863	0	0	200	0	0
T=2864	0	0	200	0	0
T=2865	0	0	200	0	0
T=2866	0	0	200	0	0
T=2867	0	0	200	0	0
T=2868	0	0	200	0	0
T=2869	0	0	200	0	0
T=2870	0	0	200	0	0
T=2871	0	0	200	0	0
T=2872	0	0	200	0	0
T=2873	0	0	200	0	0
T=2874	0	0	200	0	0
T=2875	0	0	200	0	0
T=2876	0	0	200	0	0
T=2877	0	0	200	0	0
T=2878	0	0	200	0	0
T=2879	0	0	200	0	0
T=2880	0	0	200	0	0
T=2881	0	0	200	0	0
T=2882	0	0	200	0	0
T=2883	0	0	200	0	0
T=2884	0	0	200	0	0
T=2885	0	0	200	0	0
T=2886	0	0	200	0	0
T=2887	0	0	200	0	0
T=2888	0	0	200	0	0
T=2889	0	0	200	0	0
T=2890	0	0	200	0	0
T=2891	0	0	200	0	0
T=2892	0	0	200	0	0
T=2893	0	0	200	0	0
T=2894	0	0	200	0	0
T=2895	0	0	200	0	0
T=2896	0	0	200	0	0
T=2897	0	0	200	0	0
T=2898	0	0	200	0	0
T=2899	0	0	200	0	0
T=2900	0	0	200	0	0
T=2901	0	0	200	0	0
T=2902	0	0	200	0	0
T=2903	0	0	200	0	0
T=2904	0	0	200	0	0
T=2905	0	0	200	0	0
T=2906	0	0	200	0	0
T=2907	0	0	200	0	0
T=2908	0	0	200	0	0
T=2909	0	0	200	0	0
T=2910	0	0	200	0	0
T=2911	0	0	200	0	0
T=2912	0	0	200	0	0
T=2913	0	0	200	0	0
T=2914	0	0	200	0	0
T=2915	0	0	200	0	0
T=2916	0	0	200	0	0
T=2917	0	0	200	0	0
T=2918	0	0	200	0	0
T=2919	0	0	200	0	0
T=2920	0	0	200	0	0
T=2921	0	0	200	0	0
T=2922	0	0	200	0	0
T=2923	0	0	200	0	0
T=2924	0	0	200	0	0
T=2925	0	0	200	0	0
T=2926	0	0	200	0	0
T=2927	0	0	200	0	0
T=2928	0	0	200	0	0
T=2929	0	0	200	0	0
T=2930	0	0	200	0	0
T=2931	0	0	200	0	0
T=2932	0	0	200	0	0
T=2933	0	0	200	0	0
T=2934	0	0	200	0	0
T=2935	0	0	200	0	0
T=2936	0	0	200	0	0
T=2937	0	0	200	0	0
T=2938	0	0	200	0	0
T=2939	0	0	200	0	0
T=2940	0	0	200	0	0
T=2941	0	0	200	0	0
T=2942	0	0	200	0	0
T=2943	0	0	200	0	0
T=2944	0	0	200	0	0
T=2945	0	0	200	0	0
T=2946	0	0	200	0	0
T=2947	0	0	200	0	0
T=2948	0	0	200	0	0
T=2949	0	0	200	0	0
T=2950	0	0	200	0	0
T=2951	0	0	200	0	0
T=2952	0	0	200	0	0
T=2953	0	0	200	0	0
T=2954	0	0	200	0	0
T=2955	0	0	200	0	0
T=2956	0	0	200	0	0
T=2957	0	0	200	0	0
T=2958	0	0	200	0	0
T=2959	0	0	200	0	0
T=2960	0	0	200	0	0
T=2961	0	0	200	0	0
T=2962	0	0	200	0	0
T=2963	0	0	200	0	0
T=2964	0	0	200	0	0
T=2965	0	0	200	0	0
T=2966	0	0	200	0	0
T=2967	0	0	200	0	0
T=2968	0	0	200	0	0
T=2969	0	0	200	0	0
T=2970	0	0	200	0	0
T=2971	0	0	200	0	0
T=2972	0	0	200	0	0
T=2973	0	0	200	0	0
T=2974	0	0	200	0	0
T=2975	0	0	200	0	0
T=2976	0	0	200	0	0
T=2977	0	0	200	0	0
T=2978	0	0	200	0	0
T=2979	0	0	200	0	0
